Municipios RS carregados: 497 (C:\Users\rnbirck\PROJETOS\DASHBOARD-PNE-REACT\public\data\educacao\municipios_index.json)
Coleta completa SIOPE: anos=[2021, 2022, 2023, 2024, 2025], periodos=[1, 2, 3, 4, 5, 6], combinacoes municipio/ano/periodo esperadas=14910

[1/30] SIOPE RS 2021 periodo 1
  Cache existente nao e completo (siope_indicadores_RS_2021_p1.json); baixando UF completa novamente.
    pagina skip=0: 2000 registros
    pagina skip=2000: 2000 registros
    pagina skip=4000: 2000 registros
    pagina skip=6000: 2000 registros
    pagina skip=8000: 2000 registros
    pagina skip=10000: 2000 registros
    pagina skip=12000: 2000 registros
    pagina skip=14000: 2000 registros
    pagina skip=16000: 2000 registros
    pagina skip=18000: 2000 registros
    pagina skip=20000: 442 registros
  brutos=20442 long=20398 municipios=497 cache=nao
  lote salvo: export\data\siope_indicadores_financeiros_educacionais_lotes\siope_indicadores_RS_2021_p1_long.parquet

[2/30] SIOPE RS 2021 periodo 2
    pagina skip=0: 2000 registros
    pagina skip=2000: 2000 registros
    pagina skip=4000: 2000 registros
    pagina skip=6000: 2000 registros
    pagina skip=8000: 2000 registros
    pagina skip=10000: 2000 registros
    pagina skip=12000: 2000 registros
    pagina skip=14000: 2000 registros
    pagina skip=16000: 2000 registros
    pagina skip=18000: 2000 registros
    pagina skip=20000: 604 registros
  brutos=20604 long=20560 municipios=497 cache=nao
  lote salvo: export\data\siope_indicadores_financeiros_educacionais_lotes\siope_indicadores_RS_2021_p2_long.parquet

[3/30] SIOPE RS 2021 periodo 3
    pagina skip=0: 2000 registros
    pagina skip=2000: 2000 registros
    pagina skip=4000: 2000 registros
    pagina skip=6000: 2000 registros
    pagina skip=8000: 2000 registros
    pagina skip=10000: 2000 registros
    pagina skip=12000: 2000 registros
    pagina skip=14000: 2000 registros
    pagina skip=16000: 2000 registros
    pagina skip=18000: 2000 registros
    pagina skip=20000: 920 registros
  brutos=20920 long=20876 municipios=497 cache=nao
  lote salvo: export\data\siope_indicadores_financeiros_educacionais_lotes\siope_indicadores_RS_2021_p3_long.parquet

[4/30] SIOPE RS 2021 periodo 4
    pagina skip=0: 2000 registros
    pagina skip=2000: 2000 registros
    pagina skip=4000: 2000 registros
    pagina skip=6000: 2000 registros
    pagina skip=8000: 2000 registros
    pagina skip=10000: 2000 registros
    pagina skip=12000: 2000 registros
    pagina skip=14000: 2000 registros
    pagina skip=16000: 2000 registros
    pagina skip=18000: 2000 registros
    pagina skip=20000: 949 registros
  brutos=20949 long=20905 municipios=497 cache=nao
  lote salvo: export\data\siope_indicadores_financeiros_educacionais_lotes\siope_indicadores_RS_2021_p4_long.parquet

[5/30] SIOPE RS 2021 periodo 5
    pagina skip=0: 2000 registros
    pagina skip=2000: 2000 registros
    pagina skip=4000: 2000 registros
    pagina skip=6000: 2000 registros
    pagina skip=8000: 2000 registros
    pagina skip=10000: 2000 registros
    pagina skip=12000: 2000 registros
    pagina skip=14000: 2000 registros
    pagina skip=16000: 2000 registros
    pagina skip=18000: 2000 registros
    pagina skip=20000: 980 registros
  brutos=20980 long=20936 municipios=497 cache=nao
  lote salvo: export\data\siope_indicadores_financeiros_educacionais_lotes\siope_indicadores_RS_2021_p5_long.parquet

[6/30] SIOPE RS 2021 periodo 6
  Cache existente nao e completo (siope_indicadores_RS_2021_p6.json); baixando UF completa novamente.
    pagina skip=0: 2000 registros
    pagina skip=2000: 2000 registros
    pagina skip=4000: 2000 registros
    pagina skip=6000: 2000 registros
    pagina skip=8000: 2000 registros
    pagina skip=10000: 2000 registros
    pagina skip=12000: 2000 registros
    pagina skip=14000: 2000 registros
    pagina skip=16000: 2000 registros
    pagina skip=18000: 2000 registros
    pagina skip=20000: 2000 registros
    pagina skip=22000: 406 registros
  brutos=22406 long=22362 municipios=497 cache=nao
  lote salvo: export\data\siope_indicadores_financeiros_educacionais_lotes\siope_indicadores_RS_2021_p6_long.parquet

[7/30] SIOPE RS 2022 periodo 1
    pagina skip=0: 2000 registros
    pagina skip=2000: 2000 registros
    pagina skip=4000: 2000 registros
    pagina skip=6000: 2000 registros
    pagina skip=8000: 2000 registros
    pagina skip=10000: 2000 registros
    pagina skip=12000: 2000 registros
    pagina skip=14000: 2000 registros
    pagina skip=16000: 2000 registros
    pagina skip=18000: 2000 registros
    pagina skip=20000: 910 registros
  brutos=20910 long=20885 municipios=497 cache=nao
  lote salvo: export\data\siope_indicadores_financeiros_educacionais_lotes\siope_indicadores_RS_2022_p1_long.parquet

[8/30] SIOPE RS 2022 periodo 2
    pagina skip=0: 2000 registros
    pagina skip=2000: 2000 registros
    pagina skip=4000: 2000 registros
    pagina skip=6000: 2000 registros
    pagina skip=8000: 2000 registros
    pagina skip=10000: 2000 registros
    pagina skip=12000: 2000 registros
    pagina skip=14000: 2000 registros
    pagina skip=16000: 2000 registros
    pagina skip=18000: 2000 registros
    pagina skip=20000: 920 registros
  brutos=20920 long=20893 municipios=497 cache=nao
  lote salvo: export\data\siope_indicadores_financeiros_educacionais_lotes\siope_indicadores_RS_2022_p2_long.parquet

[9/30] SIOPE RS 2022 periodo 3
    pagina skip=0: 2000 registros
    pagina skip=2000: 2000 registros
    pagina skip=4000: 2000 registros
    pagina skip=6000: 2000 registros
    pagina skip=8000: 2000 registros
    pagina skip=10000: 2000 registros
    pagina skip=12000: 2000 registros
    pagina skip=14000: 2000 registros
    pagina skip=16000: 2000 registros
    pagina skip=18000: 2000 registros
    pagina skip=20000: 936 registros
  brutos=20936 long=20909 municipios=497 cache=nao
  lote salvo: export\data\siope_indicadores_financeiros_educacionais_lotes\siope_indicadores_RS_2022_p3_long.parquet

[10/30] SIOPE RS 2022 periodo 4
    pagina skip=0: 2000 registros
    pagina skip=2000: 2000 registros
    pagina skip=4000: 2000 registros
    pagina skip=6000: 2000 registros
    pagina skip=8000: 2000 registros
    pagina skip=10000: 2000 registros
    pagina skip=12000: 2000 registros
    pagina skip=14000: 2000 registros
    pagina skip=16000: 2000 registros
    pagina skip=18000: 2000 registros
    pagina skip=20000: 949 registros
  brutos=20949 long=20922 municipios=497 cache=nao
  lote salvo: export\data\siope_indicadores_financeiros_educacionais_lotes\siope_indicadores_RS_2022_p4_long.parquet

[11/30] SIOPE RS 2022 periodo 5
    pagina skip=0: 2000 registros
    pagina skip=2000: 2000 registros
    pagina skip=4000: 2000 registros
    pagina skip=6000: 2000 registros
    pagina skip=8000: 2000 registros
    pagina skip=10000: 2000 registros
    pagina skip=12000: 2000 registros
    pagina skip=14000: 2000 registros
    pagina skip=16000: 2000 registros
    pagina skip=18000: 2000 registros
    pagina skip=20000: 972 registros
  brutos=20972 long=20945 municipios=497 cache=nao
  lote salvo: export\data\siope_indicadores_financeiros_educacionais_lotes\siope_indicadores_RS_2022_p5_long.parquet

[12/30] SIOPE RS 2022 periodo 6
    pagina skip=0: 2000 registros
    pagina skip=2000: 2000 registros
    pagina skip=4000: 2000 registros
    pagina skip=6000: 2000 registros
    pagina skip=8000: 2000 registros
    pagina skip=10000: 2000 registros
    pagina skip=12000: 2000 registros
    pagina skip=14000: 2000 registros
    pagina skip=16000: 2000 registros
    pagina skip=18000: 2000 registros
    pagina skip=20000: 2000 registros
    pagina skip=22000: 379 registros
  brutos=22379 long=22351 municipios=497 cache=nao
  lote salvo: export\data\siope_indicadores_financeiros_educacionais_lotes\siope_indicadores_RS_2022_p6_long.parquet

[13/30] SIOPE RS 2023 periodo 1
    pagina skip=0: 2000 registros
    pagina skip=2000: 2000 registros
    pagina skip=4000: 2000 registros
    pagina skip=6000: 2000 registros
    pagina skip=8000: 2000 registros
    pagina skip=10000: 2000 registros
    pagina skip=12000: 2000 registros
    pagina skip=14000: 2000 registros
    pagina skip=16000: 2000 registros
    pagina skip=18000: 2000 registros
    pagina skip=20000: 2000 registros
    pagina skip=22000: 414 registros
  brutos=22414 long=22370 municipios=497 cache=nao
  lote salvo: export\data\siope_indicadores_financeiros_educacionais_lotes\siope_indicadores_RS_2023_p1_long.parquet

[14/30] SIOPE RS 2023 periodo 2
    pagina skip=0: 2000 registros
    pagina skip=2000: 2000 registros
    pagina skip=4000: 2000 registros
    pagina skip=6000: 2000 registros
    pagina skip=8000: 2000 registros
    pagina skip=10000: 2000 registros
    pagina skip=12000: 2000 registros
    pagina skip=14000: 2000 registros
    pagina skip=16000: 2000 registros
    pagina skip=18000: 2000 registros
    pagina skip=20000: 2000 registros
    pagina skip=22000: 417 registros
  brutos=22417 long=22373 municipios=497 cache=nao
  lote salvo: export\data\siope_indicadores_financeiros_educacionais_lotes\siope_indicadores_RS_2023_p2_long.parquet

[15/30] SIOPE RS 2023 periodo 3
    pagina skip=0: 2000 registros
    pagina skip=2000: 2000 registros
    pagina skip=4000: 2000 registros
    pagina skip=6000: 2000 registros
    pagina skip=8000: 2000 registros
    pagina skip=10000: 2000 registros
    pagina skip=12000: 2000 registros
    pagina skip=14000: 2000 registros
    pagina skip=16000: 2000 registros
    pagina skip=18000: 2000 registros
    pagina skip=20000: 2000 registros
    pagina skip=22000: 429 registros
  brutos=22429 long=22385 municipios=497 cache=nao
  lote salvo: export\data\siope_indicadores_financeiros_educacionais_lotes\siope_indicadores_RS_2023_p3_long.parquet

[16/30] SIOPE RS 2023 periodo 4
    pagina skip=0: 2000 registros
    pagina skip=2000: 2000 registros
    pagina skip=4000: 2000 registros
    pagina skip=6000: 2000 registros
    pagina skip=8000: 2000 registros
    pagina skip=10000: 2000 registros
    pagina skip=12000: 2000 registros
    pagina skip=14000: 2000 registros
    pagina skip=16000: 2000 registros
    pagina skip=18000: 2000 registros
    pagina skip=20000: 2000 registros
    pagina skip=22000: 448 registros
  brutos=22448 long=22404 municipios=497 cache=nao
  lote salvo: export\data\siope_indicadores_financeiros_educacionais_lotes\siope_indicadores_RS_2023_p4_long.parquet

[17/30] SIOPE RS 2023 periodo 5
    pagina skip=0: 2000 registros
    pagina skip=2000: 2000 registros
    pagina skip=4000: 2000 registros
    pagina skip=6000: 2000 registros
    pagina skip=8000: 2000 registros
    pagina skip=10000: 2000 registros
    pagina skip=12000: 2000 registros
    pagina skip=14000: 2000 registros
    pagina skip=16000: 2000 registros
    pagina skip=18000: 2000 registros
    pagina skip=20000: 2000 registros
    pagina skip=22000: 358 registros
  brutos=22358 long=22314 municipios=497 cache=nao
  lote salvo: export\data\siope_indicadores_financeiros_educacionais_lotes\siope_indicadores_RS_2023_p5_long.parquet

[18/30] SIOPE RS 2023 periodo 6
    pagina skip=0: 2000 registros
    pagina skip=2000: 2000 registros
    pagina skip=4000: 2000 registros
    pagina skip=6000: 2000 registros
    pagina skip=8000: 2000 registros
    pagina skip=10000: 2000 registros
    pagina skip=12000: 2000 registros
    pagina skip=14000: 2000 registros
    pagina skip=16000: 2000 registros
    pagina skip=18000: 2000 registros
    pagina skip=20000: 2000 registros
    pagina skip=22000: 809 registros
  brutos=22809 long=22764 municipios=497 cache=nao
  lote salvo: export\data\siope_indicadores_financeiros_educacionais_lotes\siope_indicadores_RS_2023_p6_long.parquet

[19/30] SIOPE RS 2024 periodo 1
  Cache existente nao e completo (siope_indicadores_RS_2024_p1.json); baixando UF completa novamente.
    pagina skip=0: 2000 registros
    pagina skip=2000: 2000 registros
    pagina skip=4000: 2000 registros
    pagina skip=6000: 2000 registros
    pagina skip=8000: 2000 registros
    pagina skip=10000: 2000 registros
    pagina skip=12000: 2000 registros
    pagina skip=14000: 2000 registros
    pagina skip=16000: 2000 registros
    pagina skip=18000: 2000 registros
    pagina skip=20000: 2000 registros
    pagina skip=22000: 697 registros
  brutos=22697 long=22652 municipios=497 cache=nao
  lote salvo: export\data\siope_indicadores_financeiros_educacionais_lotes\siope_indicadores_RS_2024_p1_long.parquet

[20/30] SIOPE RS 2024 periodo 2
    pagina skip=0: 2000 registros
    pagina skip=2000: 2000 registros
    pagina skip=4000: 2000 registros
    pagina skip=6000: 2000 registros
    pagina skip=8000: 2000 registros
    pagina skip=10000: 2000 registros
    pagina skip=12000: 2000 registros
    pagina skip=14000: 2000 registros
    pagina skip=16000: 2000 registros
    pagina skip=18000: 2000 registros
    pagina skip=20000: 2000 registros
    pagina skip=22000: 568 registros
  brutos=22568 long=22524 municipios=497 cache=nao
  lote salvo: export\data\siope_indicadores_financeiros_educacionais_lotes\siope_indicadores_RS_2024_p2_long.parquet

[21/30] SIOPE RS 2024 periodo 3
    pagina skip=0: 2000 registros
    pagina skip=2000: 2000 registros
    pagina skip=4000: 2000 registros
    pagina skip=6000: 2000 registros
    pagina skip=8000: 2000 registros
    pagina skip=10000: 2000 registros
    pagina skip=12000: 2000 registros
    pagina skip=14000: 2000 registros
    pagina skip=16000: 2000 registros
    pagina skip=18000: 2000 registros
    pagina skip=20000: 2000 registros
    pagina skip=22000: 480 registros
  brutos=22480 long=22436 municipios=497 cache=nao
  lote salvo: export\data\siope_indicadores_financeiros_educacionais_lotes\siope_indicadores_RS_2024_p3_long.parquet

[22/30] SIOPE RS 2024 periodo 4
    pagina skip=0: 2000 registros
    pagina skip=2000: 2000 registros
    pagina skip=4000: 2000 registros
    pagina skip=6000: 2000 registros
    pagina skip=8000: 2000 registros
    pagina skip=10000: 2000 registros
    pagina skip=12000: 2000 registros
    pagina skip=14000: 2000 registros
    pagina skip=16000: 2000 registros
    pagina skip=18000: 2000 registros
    pagina skip=20000: 2000 registros
    pagina skip=22000: 247 registros
  brutos=22247 long=22203 municipios=497 cache=nao
  lote salvo: export\data\siope_indicadores_financeiros_educacionais_lotes\siope_indicadores_RS_2024_p4_long.parquet

[23/30] SIOPE RS 2024 periodo 5
    pagina skip=0: 2000 registros
    pagina skip=2000: 2000 registros
    pagina skip=4000: 2000 registros
    pagina skip=6000: 2000 registros
    pagina skip=8000: 2000 registros
    pagina skip=10000: 2000 registros
    pagina skip=12000: 2000 registros
    pagina skip=14000: 2000 registros
    pagina skip=16000: 2000 registros
    pagina skip=18000: 2000 registros
    pagina skip=20000: 2000 registros
    pagina skip=22000: 131 registros
  brutos=22131 long=22087 municipios=497 cache=nao
  lote salvo: export\data\siope_indicadores_financeiros_educacionais_lotes\siope_indicadores_RS_2024_p5_long.parquet

[24/30] SIOPE RS 2024 periodo 6
  Cache existente nao e completo (siope_indicadores_RS_2024_p6.json); baixando UF completa novamente.
    pagina skip=0: 2000 registros
    pagina skip=2000: 2000 registros
    pagina skip=4000: 2000 registros
    pagina skip=6000: 2000 registros
    pagina skip=8000: 2000 registros
    pagina skip=10000: 2000 registros
    pagina skip=12000: 2000 registros
    pagina skip=14000: 2000 registros
    pagina skip=16000: 2000 registros
    pagina skip=18000: 2000 registros
    pagina skip=20000: 1320 registros
  brutos=21320 long=21275 municipios=497 cache=nao
  lote salvo: export\data\siope_indicadores_financeiros_educacionais_lotes\siope_indicadores_RS_2024_p6_long.parquet

[25/30] SIOPE RS 2025 periodo 1
    pagina skip=0: 2000 registros
    pagina skip=2000: 2000 registros
    pagina skip=4000: 2000 registros
    pagina skip=6000: 2000 registros
    pagina skip=8000: 2000 registros
    pagina skip=10000: 2000 registros