Iniciando exportação estática do Dashboard PNE...
Projeto Python: C:\Users\rnbirck\PROJETOS\DASHBOARD-PNE-REACT\data_pipeline
Destino JSON: C:\Users\rnbirck\PROJETOS\DASHBOARD-PNE-REACT\data_pipeline\export\data
Municípios carregados para exportação: 497
  arquivo gerado: export\data\municipios.json
  arquivo gerado: export\data\indicadores.json

Processando ciclo pne_2014_2024...
  [1/497] Aceguá
  [2/497] Agudo
  [3/497] Ajuricaba
  [4/497] Alecrim
  [5/497] Alegrete
  [6/497] Alegria
  [7/497] Almirante Tamandaré do Sul
  [8/497] Alpestre
  [9/497] Alto Alegre
  [10/497] Alto Feliz
  [11/497] Alvorada
  [12/497] Amaral Ferrador
  [13/497] Ametista do Sul
  [14/497] André da Rocha
  [15/497] Anta Gorda
  [16/497] Antônio Prado
  [17/497] Arambaré
  [18/497] Araricá
  [19/497] Aratiba
  [20/497] Arroio Grande
  [21/497] Arroio do Meio
  [22/497] Arroio do Padre
  [23/497] Arroio do Sal
  [24/497] Arroio do Tigre
  [25/497] Arroio dos Ratos
  [26/497] Arvorezinha
  [27/497] Augusto Pestana
  [28/497] Bagé
  [29/497] Balneário Pinhal
  [30/497] Barra Funda
  [31/497] Barra do Guarita
  [32/497] Barra do Quaraí
  [33/497] Barra do Ribeiro
  [34/497] Barra do Rio Azul
  [35/497] Barracão
  [36/497] Barros Cassal
  [37/497] Barão
  [38/497] Barão de Cotegipe
  [39/497] Barão do Triunfo
  [40/497] Benjamin Constant do Sul
  [41/497] Bento Gonçalves
  [42/497] Boa Vista das Missões
  [43/497] Boa Vista do Buricá
  [44/497] Boa Vista do Cadeado
  [45/497] Boa Vista do Incra
  [46/497] Boa Vista do Sul
  [47/497] Bom Jesus
  [48/497] Bom Princípio
  [49/497] Bom Progresso
  [50/497] Bom Retiro do Sul
  [51/497] Boqueirão do Leão
  [52/497] Bossoroca
  [53/497] Bozano
  [54/497] Braga
  [55/497] Brochier
  [56/497] Butiá
  [57/497] Cacequi
  [58/497] Cachoeira do Sul
  [59/497] Cachoeirinha
  [60/497] Cacique Doble
  [61/497] Caibaté
  [62/497] Caiçara
  [63/497] Camaquã
  [64/497] Camargo
  [65/497] Cambará do Sul
  [66/497] Campestre da Serra
  [67/497] Campina das Missões
  [68/497] Campinas do Sul
  [69/497] Campo Bom
  [70/497] Campo Novo
  [71/497] Campos Borges
  [72/497] Candelária
  [73/497] Candiota
  [74/497] Canela
  [75/497] Canguçu
  [76/497] Canoas
  [77/497] Canudos do Vale
  [78/497] Capela de Santana
  [79/497] Capitão
  [80/497] Capivari do Sul
  [81/497] Capão Bonito do Sul
  [82/497] Capão da Canoa
  [83/497] Capão do Cipó
  [84/497] Capão do Leão
  [85/497] Carazinho
  [86/497] Caraá
  [87/497] Carlos Barbosa
  [88/497] Carlos Gomes
  [89/497] Casca
  [90/497] Caseiros
  [91/497] Catuípe
  [92/497] Caxias do Sul
  [93/497] Caçapava do Sul
  [94/497] Centenário
  [95/497] Cerrito
  [96/497] Cerro Branco
  [97/497] Cerro Grande
  [98/497] Cerro Grande do Sul
  [99/497] Cerro Largo
  [100/497] Chapada
  [101/497] Charqueadas
  [102/497] Charrua
  [103/497] Chiapetta
  [104/497] Chuvisca
  [105/497] Chuí
  [106/497] Cidreira
  [107/497] Ciríaco
  [108/497] Colinas
  [109/497] Colorado
  [110/497] Condor
  [111/497] Constantina
  [112/497] Coqueiro Baixo
  [113/497] Coqueiros do Sul
  [114/497] Coronel Barros
  [115/497] Coronel Bicaco
  [116/497] Coronel Pilar
  [117/497] Cotiporã
  [118/497] Coxilha
  [119/497] Crissiumal
  [120/497] Cristal
  [121/497] Cristal do Sul
  [122/497] Cruz Alta
  [123/497] Cruzaltense
  [124/497] Cruzeiro do Sul
  [125/497] Cândido Godói
  [126/497] David Canabarro
  [127/497] Derrubadas
  [128/497] Dezesseis de Novembro
  [129/497] Dilermando de Aguiar
  [130/497] Dois Irmãos
  [131/497] Dois Irmãos das Missões
  [132/497] Dois Lajeados
  [133/497] Dom Feliciano
  [134/497] Dom Pedrito
  [135/497] Dom Pedro de Alcântara
  [136/497] Dona Francisca
  [137/497] Doutor Maurício Cardoso
  [138/497] Doutor Ricardo
  [139/497] Eldorado do Sul
  [140/497] Encantado
  [141/497] Encruzilhada do Sul
  [142/497] Engenho Velho
  [143/497] Entre Rios do Sul
  [144/497] Entre-Ijuís
  [145/497] Erebango
  [146/497] Erechim
  [147/497] Ernestina
  [148/497] Erval Grande
  [149/497] Erval Seco
  [150/497] Esmeralda
  [151/497] Esperança do Sul
  [152/497] Espumoso
  [153/497] Estação
  [154/497] Esteio
  [155/497] Estrela
  [156/497] Estrela Velha
  [157/497] Estância Velha
  [158/497] Eugênio de Castro
  [159/497] Fagundes Varela
  [160/497] Farroupilha
  [161/497] Faxinal do Soturno
  [162/497] Faxinalzinho
  [163/497] Fazenda Vilanova
  [164/497] Feliz
  [165/497] Flores da Cunha
  [166/497] Floriano Peixoto
  [167/497] Fontoura Xavier
  [168/497] Formigueiro
  [169/497] Forquetinha
  [170/497] Fortaleza dos Valos
  [171/497] Frederico Westphalen
  [172/497] Garibaldi
  [173/497] Garruchos
  [174/497] Gaurama
  [175/497] General Câmara
  [176/497] Gentil
  [177/497] Getúlio Vargas
  [178/497] Giruá
  [179/497] Glorinha
  [180/497] Gramado
  [181/497] Gramado Xavier
  [182/497] Gramado dos Loureiros
  [183/497] Gravataí
  [184/497] Guabiju
  [185/497] Guaporé
  [186/497] Guarani das Missões
  [187/497] Guaíba
  [188/497] Harmonia
  [189/497] Herval
  [190/497] Herveiras
  [191/497] Horizontina
  [192/497] Hulha Negra
  [193/497] Humaitá
  [194/497] Ibarama
  [195/497] Ibiaçá
  [196/497] Ibiraiaras
  [197/497] Ibirapuitã
  [198/497] Ibirubá
  [199/497] Igrejinha
  [200/497] Ijuí
  [201/497] Ilópolis
  [202/497] Imbé
  [203/497] Imigrante
  [204/497] Independência
  [205/497] Inhacorá
  [206/497] Ipiranga do Sul
  [207/497] Ipê
  [208/497] Iraí
  [209/497] Itaara
  [210/497] Itacurubi
  [211/497] Itapuca
  [212/497] Itaqui
  [213/497] Itati
  [214/497] Itatiba do Sul
  [215/497] Ivorá
  [216/497] Ivoti
  [217/497] Jaboticaba
  [218/497] Jacuizinho
  [219/497] Jacutinga
  [220/497] Jaguari
  [221/497] Jaguarão
  [222/497] Jaquirana
  [223/497] Jari
  [224/497] Jóia
  [225/497] Júlio de Castilhos
  [226/497] Lagoa Bonita do Sul
  [227/497] Lagoa Vermelha
  [228/497] Lagoa dos Três Cantos
  [229/497] Lagoão
  [230/497] Lajeado
  [231/497] Lajeado do Bugre
  [232/497] Lavras do Sul
  [233/497] Liberato Salzano
  [234/497] Lindolfo Collor
  [235/497] Linha Nova
  [236/497] Machadinho
  [237/497] Mampituba
  [238/497] Manoel Viana
  [239/497] Maquiné
  [240/497] Maratá
  [241/497] Marau
  [242/497] Marcelino Ramos
  [243/497] Mariana Pimentel
  [244/497] Mariano Moro
  [245/497] Marques de Souza
  [246/497] Mata
  [247/497] Mato Castelhano
  [248/497] Mato Leitão
  [249/497] Mato Queimado
  [250/497] Maximiliano de Almeida
  [251/497] Maçambará
  [252/497] Minas do Leão
  [253/497] Miraguaí
  [254/497] Montauri
  [255/497] Monte Alegre dos Campos
  [256/497] Monte Belo do Sul
  [257/497] Montenegro
  [258/497] Mormaço
  [259/497] Morrinhos do Sul
  [260/497] Morro Redondo
  [261/497] Morro Reuter
  [262/497] Mostardas
  [263/497] Muitos Capões
  [264/497] Muliterno
  [265/497] Muçum
  [266/497] Nicolau Vergueiro
  [267/497] Nonoai
  [268/497] Nova Alvorada
  [269/497] Nova Araçá
  [270/497] Nova Bassano
  [271/497] Nova Boa Vista
  [272/497] Nova Bréscia
  [273/497] Nova Candelária
  [274/497] Nova Esperança do Sul
  [275/497] Nova Hartz
  [276/497] Nova Palma
  [277/497] Nova Petrópolis
  [278/497] Nova Prata
  [279/497] Nova Pádua
  [280/497] Nova Ramada
  [281/497] Nova Roma do Sul
  [282/497] Nova Santa Rita
  [283/497] Novo Barreiro
  [284/497] Novo Cabrais
  [285/497] Novo Hamburgo
  [286/497] Novo Machado
  [287/497] Novo Tiradentes
  [288/497] Novo Xingu
  [289/497] Não-Me-Toque
  [290/497] Osório
  [291/497] Paim Filho
  [292/497] Palmares do Sul
  [293/497] Palmeira das Missões
  [294/497] Palmitinho
  [295/497] Panambi
  [296/497] Pantano Grande
  [297/497] Paraí
  [298/497] Paraíso do Sul
  [299/497] Pareci Novo
  [300/497] Parobé
  [301/497] Passa Sete
  [302/497] Passo Fundo
  [303/497] Passo do Sobrado
  [304/497] Paulo Bento
  [305/497] Paverama
  [306/497] Pedras Altas
  [307/497] Pedro Osório
  [308/497] Pejuçara
  [309/497] Pelotas
  [310/497] Picada Café
  [311/497] Pinhal
  [312/497] Pinhal Grande
  [313/497] Pinhal da Serra
  [314/497] Pinheirinho do Vale
  [315/497] Pinheiro Machado
  [316/497] Pinto Bandeira
  [317/497] Pirapó
  [318/497] Piratini
  [319/497] Planalto
  [320/497] Ponte Preta
  [321/497] Pontão
  [322/497] Porto Alegre
  [323/497] Porto Lucena
  [324/497] Porto Mauá
  [325/497] Porto Vera Cruz
  [326/497] Porto Xavier
  [327/497] Portão
  [328/497] Pouso Novo
  [329/497] Poço das Antas
  [330/497] Presidente Lucena
  [331/497] Progresso
  [332/497] Protásio Alves
  [333/497] Putinga
  [334/497] Quaraí
  [335/497] Quatro Irmãos
  [336/497] Quevedos
  [337/497] Quinze de Novembro
  [338/497] Redentora
  [339/497] Relvado
  [340/497] Restinga Seca
  [341/497] Rio Grande
  [342/497] Rio Pardo
  [343/497] Rio dos Índios
  [344/497] Riozinho
  [345/497] Roca Sales
  [346/497] Rodeio Bonito
  [347/497] Rolador
  [348/497] Rolante
  [349/497] Ronda Alta
  [350/497] Rondinha
  [351/497] Roque Gonzales
  [352/497] Rosário do Sul
  [353/497] Sagrada Família
  [354/497] Saldanha Marinho
  [355/497] Salto do Jacuí
  [356/497] Salvador das Missões
  [357/497] Salvador do Sul
  [358/497] Sananduva
  [359/497] Sant'Ana do Livramento
  [360/497] Santa Bárbara do Sul
  [361/497] Santa Cecília do Sul
  [362/497] Santa Clara do Sul
  [363/497] Santa Cruz do Sul
  [364/497] Santa Margarida do Sul
  [365/497] Santa Maria
  [366/497] Santa Maria do Herval
  [367/497] Santa Rosa
  [368/497] Santa Tereza
  [369/497] Santa Vitória do Palmar
  [370/497] Santana da Boa Vista
  [371/497] Santiago
  [372/497] Santo Antônio da Patrulha
  [373/497] Santo Antônio das Missões
  [374/497] Santo Antônio do Palma
  [375/497] Santo Antônio do Planalto
  [376/497] Santo Augusto
  [377/497] Santo Cristo
  [378/497] Santo Expedito do Sul
  [379/497] Santo Ângelo
  [380/497] Sapiranga
  [381/497] Sapucaia do Sul
  [382/497] Sarandi
  [383/497] Seberi
  [384/497] Sede Nova
  [385/497] Segredo
  [386/497] Selbach
  [387/497] Senador Salgado Filho
  [388/497] Sentinela do Sul
  [389/497] Serafina Corrêa
  [390/497] Sertão
  [391/497] Sertão Santana
  [392/497] Sete de Setembro
  [393/497] Severiano de Almeida
  [394/497] Silveira Martins
  [395/497] Sinimbu
  [396/497] Sobradinho
  [397/497] Soledade
  [398/497] São Borja
  [399/497] São Domingos do Sul
  [400/497] São Francisco de Assis
  [401/497] São Francisco de Paula
  [402/497] São Gabriel
  [403/497] São Jerônimo
  [404/497] São Jorge
  [405/497] São José das Missões
  [406/497] São José do Herval
  [407/497] São José do Hortêncio
  [408/497] São José do Inhacorá
  [409/497] São José do Norte
  [410/497] São José do Ouro
  [411/497] São José do Sul
  [412/497] São José dos Ausentes
  [413/497] São João da Urtiga
  [414/497] São João do Polêsine
  [415/497] São Leopoldo
  [416/497] São Lourenço do Sul
  [417/497] São Luiz Gonzaga
  [418/497] São Marcos
  [419/497] São Martinho
  [420/497] São Martinho da Serra
  [421/497] São Miguel das Missões
  [422/497] São Nicolau
  [423/497] São Paulo das Missões
  [424/497] São Pedro da Serra
  [425/497] São Pedro das Missões
  [426/497] São Pedro do Butiá
  [427/497] São Pedro do Sul
  [428/497] São Sebastião do Caí
  [429/497] São Sepé
  [430/497] São Valentim
  [431/497] São Valentim do Sul
  [432/497] São Valério do Sul
  [433/497] São Vendelino
  [434/497] São Vicente do Sul
  [435/497] Sério
  [436/497] Tabaí
  [437/497] Tapejara
  [438/497] Tapera
  [439/497] Tapes
  [440/497] Taquara
  [441/497] Taquari
  [442/497] Taquaruçu do Sul
  [443/497] Tavares
  [444/497] Tenente Portela
  [445/497] Terra de Areia
  [446/497] Teutônia
  [447/497] Tio Hugo
  [448/497] Tiradentes do Sul
  [449/497] Toropi
  [450/497] Torres
  [451/497] Tramandaí
  [452/497] Travesseiro
  [453/497] Trindade do Sul
  [454/497] Triunfo
  [455/497] Três Arroios
  [456/497] Três Cachoeiras
  [457/497] Três Coroas
  [458/497] Três Forquilhas
  [459/497] Três Palmeiras
  [460/497] Três Passos
  [461/497] Três de Maio
  [462/497] Tucunduva
  [463/497] Tunas
  [464/497] Tupanci do Sul
  [465/497] Tupanciretã
  [466/497] Tupandi
  [467/497] Tuparendi
  [468/497] Turuçu
  [469/497] Ubiretama
  [470/497] Unistalda
  [471/497] União da Serra
  [472/497] Uruguaiana
  [473/497] Vacaria
  [474/497] Vale Real
  [475/497] Vale Verde
  [476/497] Vale do Sol
  [477/497] Vanini
  [478/497] Venâncio Aires
  [479/497] Vera Cruz
  [480/497] Veranópolis
  [481/497] Vespasiano Correa
  [482/497] Viadutos
  [483/497] Viamão
  [484/497] Vicente Dutra
  [485/497] Victor Graeff
  [486/497] Vila Flores
  [487/497] Vila Lângaro
  [488/497] Vila Maria
  [489/497] Vila Nova do Sul
  [490/497] Vista Alegre
  [491/497] Vista Alegre do Prata
  [492/497] Vista Gaúcha
  [493/497] Vitória das Missões
  [494/497] Westfalia
  [495/497] Xangri-lá
  [496/497] Água Santa
  [497/497] Áurea
  arquivo gerado: export\data\pne_2014_2024\indicadores_por_municipio.json

Processando ciclo pne_2026_2036...
  [1/497] Aceguá
  [2/497] Agudo
  [3/497] Ajuricaba
  [4/497] Alecrim
  [5/497] Alegrete
  [6/497] Alegria
  [7/497] Almirante Tamandaré do Sul
  [8/497] Alpestre
  [9/497] Alto Alegre
  [10/497] Alto Feliz
  [11/497] Alvorada
  [12/497] Amaral Ferrador
  [13/497] Ametista do Sul
  [14/497] André da Rocha
  [15/497] Anta Gorda
  [16/497] Antônio Prado
  [17/497] Arambaré
  [18/497] Araricá
  [19/497] Aratiba
  [20/497] Arroio Grande
  [21/497] Arroio do Meio
  [22/497] Arroio do Padre
  [23/497] Arroio do Sal
  [24/497] Arroio do Tigre
  [25/497] Arroio dos Ratos
  [26/497] Arvorezinha
  [27/497] Augusto Pestana
  [28/497] Bagé
  [29/497] Balneário Pinhal
  [30/497] Barra Funda
  [31/497] Barra do Guarita
  [32/497] Barra do Quaraí
  [33/497] Barra do Ribeiro
  [34/497] Barra do Rio Azul
  [35/497] Barracão
  [36/497] Barros Cassal
  [37/497] Barão
  [38/497] Barão de Cotegipe
  [39/497] Barão do Triunfo
  [40/497] Benjamin Constant do Sul
  [41/497] Bento Gonçalves
  [42/497] Boa Vista das Missões
  [43/497] Boa Vista do Buricá
  [44/497] Boa Vista do Cadeado
  [45/497] Boa Vista do Incra
  [46/497] Boa Vista do Sul
  [47/497] Bom Jesus
  [48/497] Bom Princípio
  [49/497] Bom Progresso
  [50/497] Bom Retiro do Sul
  [51/497] Boqueirão do Leão
  [52/497] Bossoroca
  [53/497] Bozano
  [54/497] Braga
  [55/497] Brochier
  [56/497] Butiá
  [57/497] Cacequi
  [58/497] Cachoeira do Sul
  [59/497] Cachoeirinha
  [60/497] Cacique Doble
  [61/497] Caibaté
  [62/497] Caiçara
  [63/497] Camaquã
  [64/497] Camargo
  [65/497] Cambará do Sul
  [66/497] Campestre da Serra
  [67/497] Campina das Missões
  [68/497] Campinas do Sul
  [69/497] Campo Bom
  [70/497] Campo Novo
  [71/497] Campos Borges
  [72/497] Candelária
  [73/497] Candiota
  [74/497] Canela
  [75/497] Canguçu
  [76/497] Canoas
  [77/497] Canudos do Vale
  [78/497] Capela de Santana
  [79/497] Capitão
  [80/497] Capivari do Sul
  [81/497] Capão Bonito do Sul
  [82/497] Capão da Canoa
  [83/497] Capão do Cipó
  [84/497] Capão do Leão
  [85/497] Carazinho
  [86/497] Caraá
  [87/497] Carlos Barbosa
  [88/497] Carlos Gomes
  [89/497] Casca
  [90/497] Caseiros
  [91/497] Catuípe
  [92/497] Caxias do Sul
  [93/497] Caçapava do Sul
  [94/497] Centenário
  [95/497] Cerrito
  [96/497] Cerro Branco
  [97/497] Cerro Grande
  [98/497] Cerro Grande do Sul
  [99/497] Cerro Largo
  [100/497] Chapada
  [101/497] Charqueadas
  [102/497] Charrua
  [103/497] Chiapetta
  [104/497] Chuvisca
  [105/497] Chuí
  [106/497] Cidreira
  [107/497] Ciríaco
  [108/497] Colinas
  [109/497] Colorado
  [110/497] Condor
  [111/497] Constantina
  [112/497] Coqueiro Baixo
  [113/497] Coqueiros do Sul
  [114/497] Coronel Barros
  [115/497] Coronel Bicaco
  [116/497] Coronel Pilar
  [117/497] Cotiporã
  [118/497] Coxilha
  [119/497] Crissiumal
  [120/497] Cristal
  [121/497] Cristal do Sul
  [122/497] Cruz Alta
  [123/497] Cruzaltense
  [124/497] Cruzeiro do Sul
  [125/497] Cândido Godói
  [126/497] David Canabarro
  [127/497] Derrubadas
  [128/497] Dezesseis de Novembro
  [129/497] Dilermando de Aguiar
  [130/497] Dois Irmãos
  [131/497] Dois Irmãos das Missões
  [132/497] Dois Lajeados
  [133/497] Dom Feliciano
  [134/497] Dom Pedrito
  [135/497] Dom Pedro de Alcântara
  [136/497] Dona Francisca
  [137/497] Doutor Maurício Cardoso
  [138/497] Doutor Ricardo
  [139/497] Eldorado do Sul
  [140/497] Encantado
  [141/497] Encruzilhada do Sul
  [142/497] Engenho Velho
  [143/497] Entre Rios do Sul
  [144/497] Entre-Ijuís
  [145/497] Erebango
  [146/497] Erechim
  [147/497] Ernestina
  [148/497] Erval Grande
  [149/497] Erval Seco
  [150/497] Esmeralda
  [151/497] Esperança do Sul
  [152/497] Espumoso
  [153/497] Estação
  [154/497] Esteio
  [155/497] Estrela
  [156/497] Estrela Velha
  [157/497] Estância Velha
  [158/497] Eugênio de Castro
  [159/497] Fagundes Varela
  [160/497] Farroupilha
  [161/497] Faxinal do Soturno
  [162/497] Faxinalzinho
  [163/497] Fazenda Vilanova
  [164/497] Feliz
  [165/497] Flores da Cunha
  [166/497] Floriano Peixoto
  [167/497] Fontoura Xavier
  [168/497] Formigueiro
  [169/497] Forquetinha
  [170/497] Fortaleza dos Valos
  [171/497] Frederico Westphalen
  [172/497] Garibaldi
  [173/497] Garruchos
  [174/497] Gaurama
  [175/497] General Câmara
  [176/497] Gentil
  [177/497] Getúlio Vargas
  [178/497] Giruá
  [179/497] Glorinha
  [180/497] Gramado
  [181/497] Gramado Xavier
  [182/497] Gramado dos Loureiros
  [183/497] Gravataí
  [184/497] Guabiju
  [185/497] Guaporé
  [186/497] Guarani das Missões
  [187/497] Guaíba
  [188/497] Harmonia
  [189/497] Herval
  [190/497] Herveiras
  [191/497] Horizontina
  [192/497] Hulha Negra
  [193/497] Humaitá
  [194/497] Ibarama
  [195/497] Ibiaçá
  [196/497] Ibiraiaras
  [197/497] Ibirapuitã
  [198/497] Ibirubá
  [199/497] Igrejinha
  [200/497] Ijuí
  [201/497] Ilópolis
  [202/497] Imbé
  [203/497] Imigrante
  [204/497] Independência
  [205/497] Inhacorá
  [206/497] Ipiranga do Sul
  [207/497] Ipê
  [208/497] Iraí
  [209/497] Itaara
  [210/497] Itacurubi
  [211/497] Itapuca
  [212/497] Itaqui
  [213/497] Itati
  [214/497] Itatiba do Sul
  [215/497] Ivorá
  [216/497] Ivoti
  [217/497] Jaboticaba
  [218/497] Jacuizinho
  [219/497] Jacutinga
  [220/497] Jaguari
  [221/497] Jaguarão
  [222/497] Jaquirana
  [223/497] Jari
  [224/497] Jóia
  [225/497] Júlio de Castilhos
  [226/497] Lagoa Bonita do Sul
  [227/497] Lagoa Vermelha
  [228/497] Lagoa dos Três Cantos
  [229/497] Lagoão
  [230/497] Lajeado
  [231/497] Lajeado do Bugre
  [232/497] Lavras do Sul
  [233/497] Liberato Salzano
  [234/497] Lindolfo Collor
  [235/497] Linha Nova
  [236/497] Machadinho
  [237/497] Mampituba
  [238/497] Manoel Viana
  [239/497] Maquiné
  [240/497] Maratá
  [241/497] Marau
  [242/497] Marcelino Ramos
  [243/497] Mariana Pimentel
  [244/497] Mariano Moro
  [245/497] Marques de Souza
  [246/497] Mata
  [247/497] Mato Castelhano
  [248/497] Mato Leitão
  [249/497] Mato Queimado
  [250/497] Maximiliano de Almeida
  [251/497] Maçambará
  [252/497] Minas do Leão
  [253/497] Miraguaí
  [254/497] Montauri
  [255/497] Monte Alegre dos Campos
  [256/497] Monte Belo do Sul
  [257/497] Montenegro
  [258/497] Mormaço
  [259/497] Morrinhos do Sul
  [260/497] Morro Redondo
  [261/497] Morro Reuter
  [262/497] Mostardas
  [263/497] Muitos Capões
  [264/497] Muliterno
  [265/497] Muçum
  [266/497] Nicolau Vergueiro
  [267/497] Nonoai
  [268/497] Nova Alvorada
  [269/497] Nova Araçá
  [270/497] Nova Bassano
  [271/497] Nova Boa Vista
  [272/497] Nova Bréscia
  [273/497] Nova Candelária
  [274/497] Nova Esperança do Sul
  [275/497] Nova Hartz
  [276/497] Nova Palma
  [277/497] Nova Petrópolis
  [278/497] Nova Prata
  [279/497] Nova Pádua
  [280/497] Nova Ramada
  [281/497] Nova Roma do Sul
  [282/497] Nova Santa Rita
  [283/497] Novo Barreiro
  [284/497] Novo Cabrais
  [285/497] Novo Hamburgo
  [286/497] Novo Machado
  [287/497] Novo Tiradentes
  [288/497] Novo Xingu
  [289/497] Não-Me-Toque
  [290/497] Osório
  [291/497] Paim Filho
  [292/497] Palmares do Sul
  [293/497] Palmeira das Missões
  [294/497] Palmitinho
  [295/497] Panambi
  [296/497] Pantano Grande
  [297/497] Paraí
  [298/497] Paraíso do Sul
  [299/497] Pareci Novo
  [300/497] Parobé
  [301/497] Passa Sete
  [302/497] Passo Fundo
  [303/497] Passo do Sobrado
  [304/497] Paulo Bento
  [305/497] Paverama
  [306/497] Pedras Altas
  [307/497] Pedro Osório
  [308/497] Pejuçara
  [309/497] Pelotas
  [310/497] Picada Café
  [311/497] Pinhal
  [312/497] Pinhal Grande
  [313/497] Pinhal da Serra
  [314/497] Pinheirinho do Vale
  [315/497] Pinheiro Machado
  [316/497] Pinto Bandeira
  [317/497] Pirapó
  [318/497] Piratini
  [319/497] Planalto
  [320/497] Ponte Preta
  [321/497] Pontão
  [322/497] Porto Alegre
  [323/497] Porto Lucena
  [324/497] Porto Mauá
  [325/497] Porto Vera Cruz
  [326/497] Porto Xavier
  [327/497] Portão
  [328/497] Pouso Novo
  [329/497] Poço das Antas
  [330/497] Presidente Lucena
  [331/497] Progresso
  [332/497] Protásio Alves
  [333/497] Putinga
  [334/497] Quaraí
  [335/497] Quatro Irmãos
  [336/497] Quevedos
  [337/497] Quinze de Novembro
  [338/497] Redentora
  [339/497] Relvado
  [340/497] Restinga Seca
  [341/497] Rio Grande
  [342/497] Rio Pardo
  [343/497] Rio dos Índios
  [344/497] Riozinho
  [345/497] Roca Sales
  [346/497] Rodeio Bonito
  [347/497] Rolador
  [348/497] Rolante
  [349/497] Ronda Alta
  [350/497] Rondinha
  [351/497] Roque Gonzales
  [352/497] Rosário do Sul
  [353/497] Sagrada Família
  [354/497] Saldanha Marinho
  [355/497] Salto do Jacuí
  [356/497] Salvador das Missões
  [357/497] Salvador do Sul
  [358/497] Sananduva
  [359/497] Sant'Ana do Livramento
  [360/497] Santa Bárbara do Sul
  [361/497] Santa Cecília do Sul
  [362/497] Santa Clara do Sul
  [363/497] Santa Cruz do Sul
  [364/497] Santa Margarida do Sul
  [365/497] Santa Maria
  [366/497] Santa Maria do Herval
  [367/497] Santa Rosa
  [368/497] Santa Tereza
  [369/497] Santa Vitória do Palmar
  [370/497] Santana da Boa Vista
  [371/497] Santiago
  [372/497] Santo Antônio da Patrulha
  [373/497] Santo Antônio das Missões
  [374/497] Santo Antônio do Palma
  [375/497] Santo Antônio do Planalto
  [376/497] Santo Augusto
  [377/497] Santo Cristo
  [378/497] Santo Expedito do Sul
  [379/497] Santo Ângelo
  [380/497] Sapiranga
  [381/497] Sapucaia do Sul
  [382/497] Sarandi
  [383/497] Seberi
  [384/497] Sede Nova
  [385/497] Segredo
  [386/497] Selbach
  [387/497] Senador Salgado Filho
  [388/497] Sentinela do Sul
  [389/497] Serafina Corrêa
  [390/497] Sertão
  [391/497] Sertão Santana
  [392/497] Sete de Setembro
  [393/497] Severiano de Almeida
  [394/497] Silveira Martins
  [395/497] Sinimbu
  [396/497] Sobradinho
  [397/497] Soledade
  [398/497] São Borja
  [399/497] São Domingos do Sul
  [400/497] São Francisco de Assis
  [401/497] São Francisco de Paula
  [402/497] São Gabriel
  [403/497] São Jerônimo
  [404/497] São Jorge
  [405/497] São José das Missões
  [406/497] São José do Herval
  [407/497] São José do Hortêncio
  [408/497] São José do Inhacorá
  [409/497] São José do Norte
  [410/497] São José do Ouro
  [411/497] São José do Sul
  [412/497] São José dos Ausentes
  [413/497] São João da Urtiga
  [414/497] São João do Polêsine
  [415/497] São Leopoldo
  [416/497] São Lourenço do Sul
  [417/497] São Luiz Gonzaga
  [418/497] São Marcos
  [419/497] São Martinho
  [420/497] São Martinho da Serra
  [421/497] São Miguel das Missões
  [422/497] São Nicolau
  [423/497] São Paulo das Missões
  [424/497] São Pedro da Serra
  [425/497] São Pedro das Missões
  [426/497] São Pedro do Butiá
  [427/497] São Pedro do Sul
  [428/497] São Sebastião do Caí
  [429/497] São Sepé
  [430/497] São Valentim
  [431/497] São Valentim do Sul
  [432/497] São Valério do Sul
  [433/497] São Vendelino
  [434/497] São Vicente do Sul
  [435/497] Sério
  [436/497] Tabaí
  [437/497] Tapejara
  [438/497] Tapera
  [439/497] Tapes
  [440/497] Taquara
  [441/497] Taquari
  [442/497] Taquaruçu do Sul
  [443/497] Tavares
  [444/497] Tenente Portela
  [445/497] Terra de Areia
  [446/497] Teutônia
  [447/497] Tio Hugo
  [448/497] Tiradentes do Sul
  [449/497] Toropi
  [450/497] Torres
  [451/497] Tramandaí
  [452/497] Travesseiro
  [453/497] Trindade do Sul
  [454/497] Triunfo
  [455/497] Três Arroios
  [456/497] Três Cachoeiras
  [457/497] Três Coroas
  [458/497] Três Forquilhas
  [459/497] Três Palmeiras
  [460/497] Três Passos
  [461/497] Três de Maio
  [462/497] Tucunduva
  [463/497] Tunas
  [464/497] Tupanci do Sul
  [465/497] Tupanciretã
  [466/497] Tupandi
  [467/497] Tuparendi
  [468/497] Turuçu
  [469/497] Ubiretama
  [470/497] Unistalda
  [471/497] União da Serra
  [472/497] Uruguaiana
  [473/497] Vacaria
  [474/497] Vale Real
  [475/497] Vale Verde
  [476/497] Vale do Sol
  [477/497] Vanini
  [478/497] Venâncio Aires
  [479/497] Vera Cruz
  [480/497] Veranópolis
  [481/497] Vespasiano Correa
  [482/497] Viadutos
  [483/497] Viamão
  [484/497] Vicente Dutra
  [485/497] Victor Graeff
  [486/497] Vila Flores
  [487/497] Vila Lângaro
  [488/497] Vila Maria
  [489/497] Vila Nova do Sul
  [490/497] Vista Alegre
  [491/497] Vista Alegre do Prata
  [492/497] Vista Gaúcha
  [493/497] Vitória das Missões
  [494/497] Westfalia
  [495/497] Xangri-lá
  [496/497] Água Santa
  [497/497] Áurea
  arquivo gerado: export\data\pne_2026_2036\indicadores_por_municipio.json

Processando dados complementares...
  arquivo gerado: export\data\indicator_details_por_municipio.json
  arquivo gerado: export\data\pne_2014_2024\referencia_estadual.json
  arquivo gerado: export\data\pne_2026_2036\referencia_estadual.json

Processando projeções tendenciais...
  arquivo gerado: export\data\pne_2026_2036\projecoes_por_municipio.json

Processando cenários de planejamento aprovados...
  arquivo gerado: export\data\pne_2026_2036\cenarios_planejamento_por_municipio.json

Processando contrato de atendimento e cenários...
  arquivo gerado: export\data\pne_2026_2036\atendimento_cenarios_por_municipio.json

Processando FUNDEB...
  [1/497] Aceguá
  [2/497] Agudo
  [3/497] Ajuricaba
  [4/497] Alecrim
  [5/497] Alegrete
  [6/497] Alegria
  [7/497] Almirante Tamandaré do Sul
  [8/497] Alpestre
  [9/497] Alto Alegre
  [10/497] Alto Feliz
  [11/497] Alvorada
  [12/497] Amaral Ferrador
  [13/497] Ametista do Sul
  [14/497] André da Rocha
  [15/497] Anta Gorda
  [16/497] Antônio Prado
  [17/497] Arambaré
  [18/497] Araricá
  [19/497] Aratiba
  [20/497] Arroio Grande
  [21/497] Arroio do Meio
  [22/497] Arroio do Padre
  [23/497] Arroio do Sal
  [24/497] Arroio do Tigre
  [25/497] Arroio dos Ratos
  [26/497] Arvorezinha
  [27/497] Augusto Pestana
  [28/497] Bagé
  [29/497] Balneário Pinhal
  [30/497] Barra Funda
  [31/497] Barra do Guarita
  [32/497] Barra do Quaraí
  [33/497] Barra do Ribeiro
  [34/497] Barra do Rio Azul
  [35/497] Barracão
  [36/497] Barros Cassal
  [37/497] Barão
  [38/497] Barão de Cotegipe
  [39/497] Barão do Triunfo
  [40/497] Benjamin Constant do Sul
  [41/497] Bento Gonçalves
  [42/497] Boa Vista das Missões
  [43/497] Boa Vista do Buricá
  [44/497] Boa Vista do Cadeado
  [45/497] Boa Vista do Incra
  [46/497] Boa Vista do Sul
  [47/497] Bom Jesus
  [48/497] Bom Princípio
  [49/497] Bom Progresso
  [50/497] Bom Retiro do Sul
  [51/497] Boqueirão do Leão
  [52/497] Bossoroca
  [53/497] Bozano
  [54/497] Braga
  [55/497] Brochier
  [56/497] Butiá
  [57/497] Cacequi
  [58/497] Cachoeira do Sul
  [59/497] Cachoeirinha
  [60/497] Cacique Doble
  [61/497] Caibaté
  [62/497] Caiçara
  [63/497] Camaquã
  [64/497] Camargo
  [65/497] Cambará do Sul
  [66/497] Campestre da Serra
  [67/497] Campina das Missões
  [68/497] Campinas do Sul
  [69/497] Campo Bom
  [70/497] Campo Novo
  [71/497] Campos Borges
  [72/497] Candelária
  [73/497] Candiota
  [74/497] Canela
  [75/497] Canguçu
  [76/497] Canoas
  [77/497] Canudos do Vale
  [78/497] Capela de Santana
  [79/497] Capitão
  [80/497] Capivari do Sul
  [81/497] Capão Bonito do Sul
  [82/497] Capão da Canoa
  [83/497] Capão do Cipó
  [84/497] Capão do Leão
  [85/497] Carazinho
  [86/497] Caraá
  [87/497] Carlos Barbosa
  [88/497] Carlos Gomes
  [89/497] Casca
  [90/497] Caseiros
  [91/497] Catuípe
  [92/497] Caxias do Sul
  [93/497] Caçapava do Sul
  [94/497] Centenário
  [95/497] Cerrito
  [96/497] Cerro Branco
  [97/497] Cerro Grande
  [98/497] Cerro Grande do Sul
  [99/497] Cerro Largo
  [100/497] Chapada
  [101/497] Charqueadas
  [102/497] Charrua
  [103/497] Chiapetta
  [104/497] Chuvisca
  [105/497] Chuí
  [106/497] Cidreira
  [107/497] Ciríaco
  [108/497] Colinas
  [109/497] Colorado
  [110/497] Condor
  [111/497] Constantina
  [112/497] Coqueiro Baixo
  [113/497] Coqueiros do Sul
  [114/497] Coronel Barros
  [115/497] Coronel Bicaco
  [116/497] Coronel Pilar
  [117/497] Cotiporã
  [118/497] Coxilha
  [119/497] Crissiumal
  [120/497] Cristal
  [121/497] Cristal do Sul
  [122/497] Cruz Alta
  [123/497] Cruzaltense
  [124/497] Cruzeiro do Sul
  [125/497] Cândido Godói
  [126/497] David Canabarro
  [127/497] Derrubadas
  [128/497] Dezesseis de Novembro
  [129/497] Dilermando de Aguiar
  [130/497] Dois Irmãos
  [131/497] Dois Irmãos das Missões
  [132/497] Dois Lajeados
  [133/497] Dom Feliciano
  [134/497] Dom Pedrito
  [135/497] Dom Pedro de Alcântara
  [136/497] Dona Francisca
  [137/497] Doutor Maurício Cardoso
  [138/497] Doutor Ricardo
  [139/497] Eldorado do Sul
  [140/497] Encantado
  [141/497] Encruzilhada do Sul
  [142/497] Engenho Velho
  [143/497] Entre Rios do Sul
  [144/497] Entre-Ijuís
  [145/497] Erebango
  [146/497] Erechim
  [147/497] Ernestina
  [148/497] Erval Grande
  [149/497] Erval Seco
  [150/497] Esmeralda
  [151/497] Esperança do Sul
  [152/497] Espumoso
  [153/497] Estação
  [154/497] Esteio
  [155/497] Estrela
  [156/497] Estrela Velha
  [157/497] Estância Velha
  [158/497] Eugênio de Castro
  [159/497] Fagundes Varela
  [160/497] Farroupilha
  [161/497] Faxinal do Soturno
  [162/497] Faxinalzinho
  [163/497] Fazenda Vilanova
  [164/497] Feliz
  [165/497] Flores da Cunha
  [166/497] Floriano Peixoto
  [167/497] Fontoura Xavier
  [168/497] Formigueiro
  [169/497] Forquetinha
  [170/497] Fortaleza dos Valos
  [171/497] Frederico Westphalen
  [172/497] Garibaldi
  [173/497] Garruchos
  [174/497] Gaurama
  [175/497] General Câmara
  [176/497] Gentil
  [177/497] Getúlio Vargas
  [178/497] Giruá
  [179/497] Glorinha
  [180/497] Gramado
  [181/497] Gramado Xavier
  [182/497] Gramado dos Loureiros
  [183/497] Gravataí
  [184/497] Guabiju
  [185/497] Guaporé
  [186/497] Guarani das Missões
  [187/497] Guaíba
  [188/497] Harmonia
  [189/497] Herval
  [190/497] Herveiras
  [191/497] Horizontina
  [192/497] Hulha Negra
  [193/497] Humaitá
  [194/497] Ibarama
  [195/497] Ibiaçá
  [196/497] Ibiraiaras
  [197/497] Ibirapuitã
  [198/497] Ibirubá
  [199/497] Igrejinha
  [200/497] Ijuí
  [201/497] Ilópolis
  [202/497] Imbé
  [203/497] Imigrante
  [204/497] Independência
  [205/497] Inhacorá
  [206/497] Ipiranga do Sul
  [207/497] Ipê
  [208/497] Iraí
  [209/497] Itaara
  [210/497] Itacurubi
  [211/497] Itapuca
  [212/497] Itaqui
  [213/497] Itati
  [214/497] Itatiba do Sul
  [215/497] Ivorá
  [216/497] Ivoti
  [217/497] Jaboticaba
  [218/497] Jacuizinho
  [219/497] Jacutinga
  [220/497] Jaguari
  [221/497] Jaguarão
  [222/497] Jaquirana
  [223/497] Jari
  [224/497] Jóia
  [225/497] Júlio de Castilhos
  [226/497] Lagoa Bonita do Sul
  [227/497] Lagoa Vermelha
  [228/497] Lagoa dos Três Cantos
  [229/497] Lagoão
  [230/497] Lajeado
  [231/497] Lajeado do Bugre
  [232/497] Lavras do Sul
  [233/497] Liberato Salzano
  [234/497] Lindolfo Collor
  [235/497] Linha Nova
  [236/497] Machadinho
  [237/497] Mampituba
  [238/497] Manoel Viana
  [239/497] Maquiné
  [240/497] Maratá
  [241/497] Marau
  [242/497] Marcelino Ramos
  [243/497] Mariana Pimentel
  [244/497] Mariano Moro
  [245/497] Marques de Souza
  [246/497] Mata
  [247/497] Mato Castelhano
  [248/497] Mato Leitão
  [249/497] Mato Queimado
  [250/497] Maximiliano de Almeida
  [251/497] Maçambará
  [252/497] Minas do Leão
  [253/497] Miraguaí
  [254/497] Montauri
  [255/497] Monte Alegre dos Campos
  [256/497] Monte Belo do Sul
  [257/497] Montenegro
  [258/497] Mormaço
  [259/497] Morrinhos do Sul
  [260/497] Morro Redondo
  [261/497] Morro Reuter
  [262/497] Mostardas
  [263/497] Muitos Capões
  [264/497] Muliterno
  [265/497] Muçum
  [266/497] Nicolau Vergueiro
  [267/497] Nonoai
  [268/497] Nova Alvorada
  [269/497] Nova Araçá
  [270/497] Nova Bassano
  [271/497] Nova Boa Vista
  [272/497] Nova Bréscia
  [273/497] Nova Candelária
  [274/497] Nova Esperança do Sul
  [275/497] Nova Hartz
  [276/497] Nova Palma
  [277/497] Nova Petrópolis
  [278/497] Nova Prata
  [279/497] Nova Pádua
  [280/497] Nova Ramada
  [281/497] Nova Roma do Sul
  [282/497] Nova Santa Rita
  [283/497] Novo Barreiro
  [284/497] Novo Cabrais
  [285/497] Novo Hamburgo
  [286/497] Novo Machado
  [287/497] Novo Tiradentes
  [288/497] Novo Xingu
  [289/497] Não-Me-Toque
  [290/497] Osório
  [291/497] Paim Filho
  [292/497] Palmares do Sul
  [293/497] Palmeira das Missões
  [294/497] Palmitinho
  [295/497] Panambi
  [296/497] Pantano Grande
  [297/497] Paraí
  [298/497] Paraíso do Sul
  [299/497] Pareci Novo
  [300/497] Parobé
  [301/497] Passa Sete
  [302/497] Passo Fundo
  [303/497] Passo do Sobrado
  [304/497] Paulo Bento
  [305/497] Paverama
  [306/497] Pedras Altas
  [307/497] Pedro Osório
  [308/497] Pejuçara
  [309/497] Pelotas
  [310/497] Picada Café
  [311/497] Pinhal
  [312/497] Pinhal Grande
  [313/497] Pinhal da Serra
  [314/497] Pinheirinho do Vale
  [315/497] Pinheiro Machado
  [316/497] Pinto Bandeira
  [317/497] Pirapó
  [318/497] Piratini
  [319/497] Planalto
  [320/497] Ponte Preta
  [321/497] Pontão
  [322/497] Porto Alegre
  [323/497] Porto Lucena
  [324/497] Porto Mauá
  [325/497] Porto Vera Cruz
  [326/497] Porto Xavier
  [327/497] Portão
  [328/497] Pouso Novo
  [329/497] Poço das Antas
  [330/497] Presidente Lucena
  [331/497] Progresso
  [332/497] Protásio Alves
  [333/497] Putinga
  [334/497] Quaraí
  [335/497] Quatro Irmãos
  [336/497] Quevedos
  [337/497] Quinze de Novembro
  [338/497] Redentora
  [339/497] Relvado
  [340/497] Restinga Seca
  [341/497] Rio Grande
  [342/497] Rio Pardo
  [343/497] Rio dos Índios
  [344/497] Riozinho
  [345/497] Roca Sales
  [346/497] Rodeio Bonito
  [347/497] Rolador
  [348/497] Rolante
  [349/497] Ronda Alta
  [350/497] Rondinha
  [351/497] Roque Gonzales
  [352/497] Rosário do Sul
  [353/497] Sagrada Família
  [354/497] Saldanha Marinho
  [355/497] Salto do Jacuí
  [356/497] Salvador das Missões
  [357/497] Salvador do Sul
  [358/497] Sananduva
  [359/497] Sant'Ana do Livramento
  [360/497] Santa Bárbara do Sul
  [361/497] Santa Cecília do Sul
  [362/497] Santa Clara do Sul
  [363/497] Santa Cruz do Sul
  [364/497] Santa Margarida do Sul
  [365/497] Santa Maria
  [366/497] Santa Maria do Herval
  [367/497] Santa Rosa
  [368/497] Santa Tereza
  [369/497] Santa Vitória do Palmar
  [370/497] Santana da Boa Vista
  [371/497] Santiago
  [372/497] Santo Antônio da Patrulha
  [373/497] Santo Antônio das Missões
  [374/497] Santo Antônio do Palma
  [375/497] Santo Antônio do Planalto
  [376/497] Santo Augusto
  [377/497] Santo Cristo
  [378/497] Santo Expedito do Sul
  [379/497] Santo Ângelo
  [380/497] Sapiranga
  [381/497] Sapucaia do Sul
  [382/497] Sarandi
  [383/497] Seberi
  [384/497] Sede Nova
  [385/497] Segredo
  [386/497] Selbach
  [387/497] Senador Salgado Filho
  [388/497] Sentinela do Sul
  [389/497] Serafina Corrêa
  [390/497] Sertão
  [391/497] Sertão Santana
  [392/497] Sete de Setembro
  [393/497] Severiano de Almeida
  [394/497] Silveira Martins
  [395/497] Sinimbu
  [396/497] Sobradinho
  [397/497] Soledade
  [398/497] São Borja
  [399/497] São Domingos do Sul
  [400/497] São Francisco de Assis
  [401/497] São Francisco de Paula
  [402/497] São Gabriel
  [403/497] São Jerônimo
  [404/497] São Jorge
  [405/497] São José das Missões
  [406/497] São José do Herval
  [407/497] São José do Hortêncio
  [408/497] São José do Inhacorá
  [409/497] São José do Norte
  [410/497] São José do Ouro
  [411/497] São José do Sul
  [412/497] São José dos Ausentes
  [413/497] São João da Urtiga
  [414/497] São João do Polêsine
  [415/497] São Leopoldo
  [416/497] São Lourenço do Sul
  [417/497] São Luiz Gonzaga
  [418/497] São Marcos
  [419/497] São Martinho
  [420/497] São Martinho da Serra
  [421/497] São Miguel das Missões
  [422/497] São Nicolau
  [423/497] São Paulo das Missões
  [424/497] São Pedro da Serra
  [425/497] São Pedro das Missões
  [426/497] São Pedro do Butiá
  [427/497] São Pedro do Sul
  [428/497] São Sebastião do Caí
  [429/497] São Sepé
  [430/497] São Valentim
  [431/497] São Valentim do Sul
  [432/497] São Valério do Sul
  [433/497] São Vendelino
  [434/497] São Vicente do Sul
  [435/497] Sério
  [436/497] Tabaí
  [437/497] Tapejara
  [438/497] Tapera
  [439/497] Tapes
  [440/497] Taquara
  [441/497] Taquari
  [442/497] Taquaruçu do Sul
  [443/497] Tavares
  [444/497] Tenente Portela
  [445/497] Terra de Areia
  [446/497] Teutônia
  [447/497] Tio Hugo
  [448/497] Tiradentes do Sul
  [449/497] Toropi
  [450/497] Torres
  [451/497] Tramandaí
  [452/497] Travesseiro
  [453/497] Trindade do Sul
  [454/497] Triunfo
  [455/497] Três Arroios
  [456/497] Três Cachoeiras
  [457/497] Três Coroas
  [458/497] Três Forquilhas
  [459/497] Três Palmeiras
  [460/497] Três Passos
  [461/497] Três de Maio
  [462/497] Tucunduva
  [463/497] Tunas
  [464/497] Tupanci do Sul
  [465/497] Tupanciretã
  [466/497] Tupandi
  [467/497] Tuparendi
  [468/497] Turuçu
  [469/497] Ubiretama
  [470/497] Unistalda
  [471/497] União da Serra
  [472/497] Uruguaiana
  [473/497] Vacaria
  [474/497] Vale Real
  [475/497] Vale Verde
  [476/497] Vale do Sol
  [477/497] Vanini
  [478/497] Venâncio Aires
  [479/497] Vera Cruz
  [480/497] Veranópolis
  [481/497] Vespasiano Correa
  [482/497] Viadutos
  [483/497] Viamão
  [484/497] Vicente Dutra
  [485/497] Victor Graeff
  [486/497] Vila Flores
  [487/497] Vila Lângaro
  [488/497] Vila Maria
  [489/497] Vila Nova do Sul
  [490/497] Vista Alegre
  [491/497] Vista Alegre do Prata
  [492/497] Vista Gaúcha
  [493/497] Vitória das Missões
  [494/497] Westfalia
  [495/497] Xangri-lá
  [496/497] Água Santa
  [497/497] Áurea
  arquivo gerado: export\data\fundeb_por_municipio.json

Processando PNATE...
  [1/497] Aceguá
  [2/497] Agudo
  [3/497] Ajuricaba
  [4/497] Alecrim
  [5/497] Alegrete
  [6/497] Alegria
  [7/497] Almirante Tamandaré do Sul
  [8/497] Alpestre
  [9/497] Alto Alegre
  [10/497] Alto Feliz
  [11/497] Alvorada
  [12/497] Amaral Ferrador
  [13/497] Ametista do Sul
  [14/497] André da Rocha
  [15/497] Anta Gorda
  [16/497] Antônio Prado
  [17/497] Arambaré
  [18/497] Araricá
  [19/497] Aratiba
  [20/497] Arroio Grande
  [21/497] Arroio do Meio
  [22/497] Arroio do Padre
  [23/497] Arroio do Sal
  [24/497] Arroio do Tigre
  [25/497] Arroio dos Ratos
  [26/497] Arvorezinha
  [27/497] Augusto Pestana
  [28/497] Bagé
  [29/497] Balneário Pinhal
  [30/497] Barra Funda
  [31/497] Barra do Guarita
  [32/497] Barra do Quaraí
  [33/497] Barra do Ribeiro
  [34/497] Barra do Rio Azul
  [35/497] Barracão
  [36/497] Barros Cassal
  [37/497] Barão
  [38/497] Barão de Cotegipe
  [39/497] Barão do Triunfo
  [40/497] Benjamin Constant do Sul
  [41/497] Bento Gonçalves
  [42/497] Boa Vista das Missões
  [43/497] Boa Vista do Buricá
  [44/497] Boa Vista do Cadeado
  [45/497] Boa Vista do Incra
  [46/497] Boa Vista do Sul
  [47/497] Bom Jesus
  [48/497] Bom Princípio
  [49/497] Bom Progresso
  [50/497] Bom Retiro do Sul
  [51/497] Boqueirão do Leão
  [52/497] Bossoroca
  [53/497] Bozano
  [54/497] Braga
  [55/497] Brochier
  [56/497] Butiá
  [57/497] Cacequi
  [58/497] Cachoeira do Sul
  [59/497] Cachoeirinha
  [60/497] Cacique Doble
  [61/497] Caibaté
  [62/497] Caiçara
  [63/497] Camaquã
  [64/497] Camargo
  [65/497] Cambará do Sul
  [66/497] Campestre da Serra
  [67/497] Campina das Missões
  [68/497] Campinas do Sul
  [69/497] Campo Bom
  [70/497] Campo Novo
  [71/497] Campos Borges
  [72/497] Candelária
  [73/497] Candiota
  [74/497] Canela
  [75/497] Canguçu
  [76/497] Canoas
  [77/497] Canudos do Vale
  [78/497] Capela de Santana
  [79/497] Capitão
  [80/497] Capivari do Sul
  [81/497] Capão Bonito do Sul
  [82/497] Capão da Canoa
  [83/497] Capão do Cipó
  [84/497] Capão do Leão
  [85/497] Carazinho
  [86/497] Caraá
  [87/497] Carlos Barbosa
  [88/497] Carlos Gomes
  [89/497] Casca
  [90/497] Caseiros
  [91/497] Catuípe
  [92/497] Caxias do Sul
  [93/497] Caçapava do Sul
  [94/497] Centenário
  [95/497] Cerrito
  [96/497] Cerro Branco
  [97/497] Cerro Grande
  [98/497] Cerro Grande do Sul
  [99/497] Cerro Largo
  [100/497] Chapada
  [101/497] Charqueadas
  [102/497] Charrua
  [103/497] Chiapetta
  [104/497] Chuvisca
  [105/497] Chuí
  [106/497] Cidreira
  [107/497] Ciríaco
  [108/497] Colinas
  [109/497] Colorado
  [110/497] Condor
  [111/497] Constantina
  [112/497] Coqueiro Baixo
  [113/497] Coqueiros do Sul
  [114/497] Coronel Barros
  [115/497] Coronel Bicaco
  [116/497] Coronel Pilar
  [117/497] Cotiporã
  [118/497] Coxilha
  [119/497] Crissiumal
  [120/497] Cristal
  [121/497] Cristal do Sul
  [122/497] Cruz Alta
  [123/497] Cruzaltense
  [124/497] Cruzeiro do Sul
  [125/497] Cândido Godói
  [126/497] David Canabarro
  [127/497] Derrubadas
  [128/497] Dezesseis de Novembro
  [129/497] Dilermando de Aguiar
  [130/497] Dois Irmãos
  [131/497] Dois Irmãos das Missões
  [132/497] Dois Lajeados
  [133/497] Dom Feliciano
  [134/497] Dom Pedrito
  [135/497] Dom Pedro de Alcântara
  [136/497] Dona Francisca
  [137/497] Doutor Maurício Cardoso
  [138/497] Doutor Ricardo
  [139/497] Eldorado do Sul
  [140/497] Encantado
  [141/497] Encruzilhada do Sul
  [142/497] Engenho Velho
  [143/497] Entre Rios do Sul
  [144/497] Entre-Ijuís
  [145/497] Erebango
  [146/497] Erechim
  [147/497] Ernestina
  [148/497] Erval Grande
  [149/497] Erval Seco
  [150/497] Esmeralda
  [151/497] Esperança do Sul
  [152/497] Espumoso
  [153/497] Estação
  [154/497] Esteio
  [155/497] Estrela
  [156/497] Estrela Velha
  [157/497] Estância Velha
  [158/497] Eugênio de Castro
  [159/497] Fagundes Varela
  [160/497] Farroupilha
  [161/497] Faxinal do Soturno
  [162/497] Faxinalzinho
  [163/497] Fazenda Vilanova
  [164/497] Feliz
  [165/497] Flores da Cunha
  [166/497] Floriano Peixoto
  [167/497] Fontoura Xavier
  [168/497] Formigueiro
  [169/497] Forquetinha
  [170/497] Fortaleza dos Valos
  [171/497] Frederico Westphalen
  [172/497] Garibaldi
  [173/497] Garruchos
  [174/497] Gaurama
  [175/497] General Câmara
  [176/497] Gentil
  [177/497] Getúlio Vargas
  [178/497] Giruá
  [179/497] Glorinha
  [180/497] Gramado
  [181/497] Gramado Xavier
  [182/497] Gramado dos Loureiros
  [183/497] Gravataí
  [184/497] Guabiju
  [185/497] Guaporé
  [186/497] Guarani das Missões
  [187/497] Guaíba
  [188/497] Harmonia
  [189/497] Herval
  [190/497] Herveiras
  [191/497] Horizontina
  [192/497] Hulha Negra
  [193/497] Humaitá
  [194/497] Ibarama
  [195/497] Ibiaçá
  [196/497] Ibiraiaras
  [197/497] Ibirapuitã
  [198/497] Ibirubá
  [199/497] Igrejinha
  [200/497] Ijuí
  [201/497] Ilópolis
  [202/497] Imbé
  [203/497] Imigrante
  [204/497] Independência
  [205/497] Inhacorá
  [206/497] Ipiranga do Sul
  [207/497] Ipê
  [208/497] Iraí
  [209/497] Itaara
  [210/497] Itacurubi
  [211/497] Itapuca
  [212/497] Itaqui
  [213/497] Itati
  [214/497] Itatiba do Sul
  [215/497] Ivorá
  [216/497] Ivoti
  [217/497] Jaboticaba
  [218/497] Jacuizinho
  [219/497] Jacutinga
  [220/497] Jaguari
  [221/497] Jaguarão
  [222/497] Jaquirana
  [223/497] Jari
  [224/497] Jóia
  [225/497] Júlio de Castilhos
  [226/497] Lagoa Bonita do Sul
  [227/497] Lagoa Vermelha
  [228/497] Lagoa dos Três Cantos
  [229/497] Lagoão
  [230/497] Lajeado
  [231/497] Lajeado do Bugre
  [232/497] Lavras do Sul
  [233/497] Liberato Salzano
  [234/497] Lindolfo Collor
  [235/497] Linha Nova
  [236/497] Machadinho
  [237/497] Mampituba
  [238/497] Manoel Viana
  [239/497] Maquiné
  [240/497] Maratá
  [241/497] Marau
  [242/497] Marcelino Ramos
  [243/497] Mariana Pimentel
  [244/497] Mariano Moro
  [245/497] Marques de Souza
  [246/497] Mata
  [247/497] Mato Castelhano
  [248/497] Mato Leitão
  [249/497] Mato Queimado
  [250/497] Maximiliano de Almeida
  [251/497] Maçambará
  [252/497] Minas do Leão
  [253/497] Miraguaí
  [254/497] Montauri
  [255/497] Monte Alegre dos Campos
  [256/497] Monte Belo do Sul
  [257/497] Montenegro
  [258/497] Mormaço
  [259/497] Morrinhos do Sul
  [260/497] Morro Redondo
  [261/497] Morro Reuter
  [262/497] Mostardas
  [263/497] Muitos Capões
  [264/497] Muliterno
  [265/497] Muçum
  [266/497] Nicolau Vergueiro
  [267/497] Nonoai
  [268/497] Nova Alvorada
  [269/497] Nova Araçá
  [270/497] Nova Bassano
  [271/497] Nova Boa Vista
  [272/497] Nova Bréscia
  [273/497] Nova Candelária
  [274/497] Nova Esperança do Sul
  [275/497] Nova Hartz
  [276/497] Nova Palma
  [277/497] Nova Petrópolis
  [278/497] Nova Prata
  [279/497] Nova Pádua
  [280/497] Nova Ramada
  [281/497] Nova Roma do Sul
  [282/497] Nova Santa Rita
  [283/497] Novo Barreiro
  [284/497] Novo Cabrais
  [285/497] Novo Hamburgo
  [286/497] Novo Machado
  [287/497] Novo Tiradentes
  [288/497] Novo Xingu
  [289/497] Não-Me-Toque
  [290/497] Osório
  [291/497] Paim Filho
  [292/497] Palmares do Sul
  [293/497] Palmeira das Missões
  [294/497] Palmitinho
  [295/497] Panambi
  [296/497] Pantano Grande
  [297/497] Paraí
  [298/497] Paraíso do Sul
  [299/497] Pareci Novo
  [300/497] Parobé
  [301/497] Passa Sete
  [302/497] Passo Fundo
  [303/497] Passo do Sobrado
  [304/497] Paulo Bento
  [305/497] Paverama
  [306/497] Pedras Altas
  [307/497] Pedro Osório
  [308/497] Pejuçara
  [309/497] Pelotas
  [310/497] Picada Café
  [311/497] Pinhal
  [312/497] Pinhal Grande
  [313/497] Pinhal da Serra
  [314/497] Pinheirinho do Vale
  [315/497] Pinheiro Machado
  [316/497] Pinto Bandeira
  [317/497] Pirapó
  [318/497] Piratini
  [319/497] Planalto
  [320/497] Ponte Preta
  [321/497] Pontão
  [322/497] Porto Alegre
  [323/497] Porto Lucena
  [324/497] Porto Mauá
  [325/497] Porto Vera Cruz
  [326/497] Porto Xavier
  [327/497] Portão
  [328/497] Pouso Novo
  [329/497] Poço das Antas
  [330/497] Presidente Lucena
  [331/497] Progresso
  [332/497] Protásio Alves
  [333/497] Putinga
  [334/497] Quaraí
  [335/497] Quatro Irmãos
  [336/497] Quevedos
  [337/497] Quinze de Novembro
  [338/497] Redentora
  [339/497] Relvado
  [340/497] Restinga Seca
  [341/497] Rio Grande
  [342/497] Rio Pardo
  [343/497] Rio dos Índios
  [344/497] Riozinho
  [345/497] Roca Sales
  [346/497] Rodeio Bonito
  [347/497] Rolador
  [348/497] Rolante
  [349/497] Ronda Alta
  [350/497] Rondinha
  [351/497] Roque Gonzales
  [352/497] Rosário do Sul
  [353/497] Sagrada Família
  [354/497] Saldanha Marinho
  [355/497] Salto do Jacuí
  [356/497] Salvador das Missões
  [357/497] Salvador do Sul
  [358/497] Sananduva
  [359/497] Sant'Ana do Livramento
  [360/497] Santa Bárbara do Sul
  [361/497] Santa Cecília do Sul
  [362/497] Santa Clara do Sul
  [363/497] Santa Cruz do Sul
  [364/497] Santa Margarida do Sul
  [365/497] Santa Maria
  [366/497] Santa Maria do Herval
  [367/497] Santa Rosa
  [368/497] Santa Tereza
  [369/497] Santa Vitória do Palmar
  [370/497] Santana da Boa Vista
  [371/497] Santiago
  [372/497] Santo Antônio da Patrulha
  [373/497] Santo Antônio das Missões
  [374/497] Santo Antônio do Palma
  [375/497] Santo Antônio do Planalto
  [376/497] Santo Augusto
  [377/497] Santo Cristo
  [378/497] Santo Expedito do Sul
  [379/497] Santo Ângelo
  [380/497] Sapiranga
  [381/497] Sapucaia do Sul
  [382/497] Sarandi
  [383/497] Seberi
  [384/497] Sede Nova
  [385/497] Segredo
  [386/497] Selbach
  [387/497] Senador Salgado Filho
  [388/497] Sentinela do Sul
  [389/497] Serafina Corrêa
  [390/497] Sertão
  [391/497] Sertão Santana
  [392/497] Sete de Setembro
  [393/497] Severiano de Almeida
  [394/497] Silveira Martins
  [395/497] Sinimbu
  [396/497] Sobradinho
  [397/497] Soledade
  [398/497] São Borja
  [399/497] São Domingos do Sul
  [400/497] São Francisco de Assis
  [401/497] São Francisco de Paula
  [402/497] São Gabriel
  [403/497] São Jerônimo
  [404/497] São Jorge
  [405/497] São José das Missões
  [406/497] São José do Herval
  [407/497] São José do Hortêncio
  [408/497] São José do Inhacorá
  [409/497] São José do Norte
  [410/497] São José do Ouro
  [411/497] São José do Sul
  [412/497] São José dos Ausentes
  [413/497] São João da Urtiga
  [414/497] São João do Polêsine
  [415/497] São Leopoldo
  [416/497] São Lourenço do Sul
  [417/497] São Luiz Gonzaga
  [418/497] São Marcos
  [419/497] São Martinho
  [420/497] São Martinho da Serra
  [421/497] São Miguel das Missões
  [422/497] São Nicolau
  [423/497] São Paulo das Missões
  [424/497] São Pedro da Serra
  [425/497] São Pedro das Missões
  [426/497] São Pedro do Butiá
  [427/497] São Pedro do Sul
  [428/497] São Sebastião do Caí
  [429/497] São Sepé
  [430/497] São Valentim
  [431/497] São Valentim do Sul
  [432/497] São Valério do Sul
  [433/497] São Vendelino
  [434/497] São Vicente do Sul
  [435/497] Sério
  [436/497] Tabaí
  [437/497] Tapejara
  [438/497] Tapera
  [439/497] Tapes
  [440/497] Taquara
  [441/497] Taquari
  [442/497] Taquaruçu do Sul
  [443/497] Tavares
  [444/497] Tenente Portela
  [445/497] Terra de Areia
  [446/497] Teutônia
  [447/497] Tio Hugo
  [448/497] Tiradentes do Sul
  [449/497] Toropi
  [450/497] Torres
  [451/497] Tramandaí
  [452/497] Travesseiro
  [453/497] Trindade do Sul
  [454/497] Triunfo
  [455/497] Três Arroios
  [456/497] Três Cachoeiras
  [457/497] Três Coroas
  [458/497] Três Forquilhas
  [459/497] Três Palmeiras
  [460/497] Três Passos
  [461/497] Três de Maio
  [462/497] Tucunduva
  [463/497] Tunas
  [464/497] Tupanci do Sul
  [465/497] Tupanciretã
  [466/497] Tupandi
  [467/497] Tuparendi
  [468/497] Turuçu
  [469/497] Ubiretama
  [470/497] Unistalda
  [471/497] União da Serra
  [472/497] Uruguaiana
  [473/497] Vacaria
  [474/497] Vale Real
  [475/497] Vale Verde
  [476/497] Vale do Sol
  [477/497] Vanini
  [478/497] Venâncio Aires
  [479/497] Vera Cruz
  [480/497] Veranópolis
  [481/497] Vespasiano Correa
  [482/497] Viadutos
  [483/497] Viamão
  [484/497] Vicente Dutra
  [485/497] Victor Graeff
  [486/497] Vila Flores
  [487/497] Vila Lângaro
  [488/497] Vila Maria
  [489/497] Vila Nova do Sul
  [490/497] Vista Alegre
  [491/497] Vista Alegre do Prata
  [492/497] Vista Gaúcha
  [493/497] Vitória das Missões
  [494/497] Westfalia
  [495/497] Xangri-lá
  [496/497] Água Santa
  [497/497] Áurea
  arquivo gerado: export\data\pnate_por_municipio.json

Processando rankings pne_2014_2024...
  [1/497] Aceguá
  [2/497] Agudo
  [3/497] Ajuricaba
  [4/497] Alecrim
  [5/497] Alegrete
  [6/497] Alegria
  [7/497] Almirante Tamandaré do Sul
  [8/497] Alpestre
  [9/497] Alto Alegre
  [10/497] Alto Feliz
  [11/497] Alvorada
  [12/497] Amaral Ferrador
  [13/497] Ametista do Sul
  [14/497] André da Rocha
  [15/497] Anta Gorda
  [16/497] Antônio Prado
  [17/497] Arambaré
  [18/497] Araricá
  [19/497] Aratiba
  [20/497] Arroio Grande
  [21/497] Arroio do Meio
  [22/497] Arroio do Padre
  [23/497] Arroio do Sal
  [24/497] Arroio do Tigre
  [25/497] Arroio dos Ratos
  [26/497] Arvorezinha
  [27/497] Augusto Pestana
  [28/497] Bagé
  [29/497] Balneário Pinhal
  [30/497] Barra Funda
  [31/497] Barra do Guarita
  [32/497] Barra do Quaraí
  [33/497] Barra do Ribeiro
  [34/497] Barra do Rio Azul
  [35/497] Barracão
  [36/497] Barros Cassal
  [37/497] Barão
  [38/497] Barão de Cotegipe
  [39/497] Barão do Triunfo
  [40/497] Benjamin Constant do Sul
  [41/497] Bento Gonçalves
  [42/497] Boa Vista das Missões
  [43/497] Boa Vista do Buricá
  [44/497] Boa Vista do Cadeado
  [45/497] Boa Vista do Incra
  [46/497] Boa Vista do Sul
  [47/497] Bom Jesus
  [48/497] Bom Princípio
  [49/497] Bom Progresso
  [50/497] Bom Retiro do Sul
  [51/497] Boqueirão do Leão
  [52/497] Bossoroca
  [53/497] Bozano
  [54/497] Braga
  [55/497] Brochier
  [56/497] Butiá
  [57/497] Cacequi
  [58/497] Cachoeira do Sul
  [59/497] Cachoeirinha
  [60/497] Cacique Doble
  [61/497] Caibaté
  [62/497] Caiçara
  [63/497] Camaquã
  [64/497] Camargo
  [65/497] Cambará do Sul
  [66/497] Campestre da Serra
  [67/497] Campina das Missões
  [68/497] Campinas do Sul
  [69/497] Campo Bom
  [70/497] Campo Novo
  [71/497] Campos Borges
  [72/497] Candelária
  [73/497] Candiota
  [74/497] Canela
  [75/497] Canguçu
  [76/497] Canoas
  [77/497] Canudos do Vale
  [78/497] Capela de Santana
  [79/497] Capitão
  [80/497] Capivari do Sul
  [81/497] Capão Bonito do Sul
  [82/497] Capão da Canoa
  [83/497] Capão do Cipó
  [84/497] Capão do Leão
  [85/497] Carazinho
  [86/497] Caraá
  [87/497] Carlos Barbosa
  [88/497] Carlos Gomes
  [89/497] Casca
  [90/497] Caseiros
  [91/497] Catuípe
  [92/497] Caxias do Sul
  [93/497] Caçapava do Sul
  [94/497] Centenário
  [95/497] Cerrito
  [96/497] Cerro Branco
  [97/497] Cerro Grande
  [98/497] Cerro Grande do Sul
  [99/497] Cerro Largo
  [100/497] Chapada
  [101/497] Charqueadas
  [102/497] Charrua
  [103/497] Chiapetta
  [104/497] Chuvisca
  [105/497] Chuí
  [106/497] Cidreira
  [107/497] Ciríaco
  [108/497] Colinas
  [109/497] Colorado
  [110/497] Condor
  [111/497] Constantina
  [112/497] Coqueiro Baixo
  [113/497] Coqueiros do Sul
  [114/497] Coronel Barros
  [115/497] Coronel Bicaco
  [116/497] Coronel Pilar
  [117/497] Cotiporã
  [118/497] Coxilha
  [119/497] Crissiumal
  [120/497] Cristal
  [121/497] Cristal do Sul
  [122/497] Cruz Alta
  [123/497] Cruzaltense
  [124/497] Cruzeiro do Sul
  [125/497] Cândido Godói
  [126/497] David Canabarro
  [127/497] Derrubadas
  [128/497] Dezesseis de Novembro
  [129/497] Dilermando de Aguiar
  [130/497] Dois Irmãos
  [131/497] Dois Irmãos das Missões
  [132/497] Dois Lajeados
  [133/497] Dom Feliciano
  [134/497] Dom Pedrito
  [135/497] Dom Pedro de Alcântara
  [136/497] Dona Francisca
  [137/497] Doutor Maurício Cardoso
  [138/497] Doutor Ricardo
  [139/497] Eldorado do Sul
  [140/497] Encantado
  [141/497] Encruzilhada do Sul
  [142/497] Engenho Velho
  [143/497] Entre Rios do Sul
  [144/497] Entre-Ijuís
  [145/497] Erebango
  [146/497] Erechim
  [147/497] Ernestina
  [148/497] Erval Grande
  [149/497] Erval Seco
  [150/497] Esmeralda
  [151/497] Esperança do Sul
  [152/497] Espumoso
  [153/497] Estação
  [154/497] Esteio
  [155/497] Estrela
  [156/497] Estrela Velha
  [157/497] Estância Velha
  [158/497] Eugênio de Castro
  [159/497] Fagundes Varela
  [160/497] Farroupilha
  [161/497] Faxinal do Soturno
  [162/497] Faxinalzinho
  [163/497] Fazenda Vilanova
  [164/497] Feliz
  [165/497] Flores da Cunha
  [166/497] Floriano Peixoto
  [167/497] Fontoura Xavier
  [168/497] Formigueiro
  [169/497] Forquetinha
  [170/497] Fortaleza dos Valos
  [171/497] Frederico Westphalen
  [172/497] Garibaldi
  [173/497] Garruchos
  [174/497] Gaurama
  [175/497] General Câmara
  [176/497] Gentil
  [177/497] Getúlio Vargas
  [178/497] Giruá
  [179/497] Glorinha
  [180/497] Gramado
  [181/497] Gramado Xavier
  [182/497] Gramado dos Loureiros
  [183/497] Gravataí
  [184/497] Guabiju
  [185/497] Guaporé
  [186/497] Guarani das Missões
  [187/497] Guaíba
  [188/497] Harmonia
  [189/497] Herval
  [190/497] Herveiras
  [191/497] Horizontina
  [192/497] Hulha Negra
  [193/497] Humaitá
  [194/497] Ibarama
  [195/497] Ibiaçá
  [196/497] Ibiraiaras
  [197/497] Ibirapuitã
  [198/497] Ibirubá
  [199/497] Igrejinha
  [200/497] Ijuí
  [201/497] Ilópolis
  [202/497] Imbé
  [203/497] Imigrante
  [204/497] Independência
  [205/497] Inhacorá
  [206/497] Ipiranga do Sul
  [207/497] Ipê
  [208/497] Iraí
  [209/497] Itaara
  [210/497] Itacurubi
  [211/497] Itapuca
  [212/497] Itaqui
  [213/497] Itati
  [214/497] Itatiba do Sul
  [215/497] Ivorá
  [216/497] Ivoti
  [217/497] Jaboticaba
  [218/497] Jacuizinho
  [219/497] Jacutinga
  [220/497] Jaguari
  [221/497] Jaguarão
  [222/497] Jaquirana
  [223/497] Jari
  [224/497] Jóia
  [225/497] Júlio de Castilhos
  [226/497] Lagoa Bonita do Sul
  [227/497] Lagoa Vermelha
  [228/497] Lagoa dos Três Cantos
  [229/497] Lagoão
  [230/497] Lajeado
  [231/497] Lajeado do Bugre
  [232/497] Lavras do Sul
  [233/497] Liberato Salzano
  [234/497] Lindolfo Collor
  [235/497] Linha Nova
  [236/497] Machadinho
  [237/497] Mampituba
  [238/497] Manoel Viana
  [239/497] Maquiné
  [240/497] Maratá
  [241/497] Marau
  [242/497] Marcelino Ramos
  [243/497] Mariana Pimentel
  [244/497] Mariano Moro
  [245/497] Marques de Souza
  [246/497] Mata
  [247/497] Mato Castelhano
  [248/497] Mato Leitão
  [249/497] Mato Queimado
  [250/497] Maximiliano de Almeida
  [251/497] Maçambará
  [252/497] Minas do Leão
  [253/497] Miraguaí
  [254/497] Montauri
  [255/497] Monte Alegre dos Campos
  [256/497] Monte Belo do Sul
  [257/497] Montenegro
  [258/497] Mormaço
  [259/497] Morrinhos do Sul
  [260/497] Morro Redondo
  [261/497] Morro Reuter
  [262/497] Mostardas
  [263/497] Muitos Capões
  [264/497] Muliterno
  [265/497] Muçum
  [266/497] Nicolau Vergueiro
  [267/497] Nonoai
  [268/497] Nova Alvorada
  [269/497] Nova Araçá
  [270/497] Nova Bassano
  [271/497] Nova Boa Vista
  [272/497] Nova Bréscia
  [273/497] Nova Candelária
  [274/497] Nova Esperança do Sul
  [275/497] Nova Hartz
  [276/497] Nova Palma
  [277/497] Nova Petrópolis
  [278/497] Nova Prata
  [279/497] Nova Pádua
  [280/497] Nova Ramada
  [281/497] Nova Roma do Sul
  [282/497] Nova Santa Rita
  [283/497] Novo Barreiro
  [284/497] Novo Cabrais
  [285/497] Novo Hamburgo
  [286/497] Novo Machado
  [287/497] Novo Tiradentes
  [288/497] Novo Xingu
  [289/497] Não-Me-Toque
  [290/497] Osório
  [291/497] Paim Filho
  [292/497] Palmares do Sul
  [293/497] Palmeira das Missões
  [294/497] Palmitinho
  [295/497] Panambi
  [296/497] Pantano Grande
  [297/497] Paraí
  [298/497] Paraíso do Sul
  [299/497] Pareci Novo
  [300/497] Parobé
  [301/497] Passa Sete
  [302/497] Passo Fundo
  [303/497] Passo do Sobrado
  [304/497] Paulo Bento
  [305/497] Paverama
  [306/497] Pedras Altas
  [307/497] Pedro Osório
  [308/497] Pejuçara
  [309/497] Pelotas
  [310/497] Picada Café
  [311/497] Pinhal
  [312/497] Pinhal Grande
  [313/497] Pinhal da Serra
  [314/497] Pinheirinho do Vale
  [315/497] Pinheiro Machado
  [316/497] Pinto Bandeira
  [317/497] Pirapó
  [318/497] Piratini
  [319/497] Planalto
  [320/497] Ponte Preta
  [321/497] Pontão
  [322/497] Porto Alegre
  [323/497] Porto Lucena
  [324/497] Porto Mauá
  [325/497] Porto Vera Cruz
  [326/497] Porto Xavier
  [327/497] Portão
  [328/497] Pouso Novo
  [329/497] Poço das Antas
  [330/497] Presidente Lucena
  [331/497] Progresso
  [332/497] Protásio Alves
  [333/497] Putinga
  [334/497] Quaraí
  [335/497] Quatro Irmãos
  [336/497] Quevedos
  [337/497] Quinze de Novembro
  [338/497] Redentora
  [339/497] Relvado
  [340/497] Restinga Seca
  [341/497] Rio Grande
  [342/497] Rio Pardo
  [343/497] Rio dos Índios
  [344/497] Riozinho
  [345/497] Roca Sales
  [346/497] Rodeio Bonito
  [347/497] Rolador
  [348/497] Rolante
  [349/497] Ronda Alta
  [350/497] Rondinha
  [351/497] Roque Gonzales
  [352/497] Rosário do Sul
  [353/497] Sagrada Família
  [354/497] Saldanha Marinho
  [355/497] Salto do Jacuí
  [356/497] Salvador das Missões
  [357/497] Salvador do Sul
  [358/497] Sananduva
  [359/497] Sant'Ana do Livramento
  [360/497] Santa Bárbara do Sul
  [361/497] Santa Cecília do Sul
  [362/497] Santa Clara do Sul
  [363/497] Santa Cruz do Sul
  [364/497] Santa Margarida do Sul
  [365/497] Santa Maria
  [366/497] Santa Maria do Herval
  [367/497] Santa Rosa
  [368/497] Santa Tereza
  [369/497] Santa Vitória do Palmar
  [370/497] Santana da Boa Vista
  [371/497] Santiago
  [372/497] Santo Antônio da Patrulha
  [373/497] Santo Antônio das Missões
  [374/497] Santo Antônio do Palma
  [375/497] Santo Antônio do Planalto
  [376/497] Santo Augusto
  [377/497] Santo Cristo
  [378/497] Santo Expedito do Sul
  [379/497] Santo Ângelo
  [380/497] Sapiranga
  [381/497] Sapucaia do Sul
  [382/497] Sarandi
  [383/497] Seberi
  [384/497] Sede Nova
  [385/497] Segredo
  [386/497] Selbach
  [387/497] Senador Salgado Filho
  [388/497] Sentinela do Sul
  [389/497] Serafina Corrêa
  [390/497] Sertão
  [391/497] Sertão Santana
  [392/497] Sete de Setembro
  [393/497] Severiano de Almeida
  [394/497] Silveira Martins
  [395/497] Sinimbu
  [396/497] Sobradinho
  [397/497] Soledade
  [398/497] São Borja
  [399/497] São Domingos do Sul
  [400/497] São Francisco de Assis
  [401/497] São Francisco de Paula
  [402/497] São Gabriel
  [403/497] São Jerônimo
  [404/497] São Jorge
  [405/497] São José das Missões
  [406/497] São José do Herval
  [407/497] São José do Hortêncio
  [408/497] São José do Inhacorá
  [409/497] São José do Norte
  [410/497] São José do Ouro
  [411/497] São José do Sul
  [412/497] São José dos Ausentes
  [413/497] São João da Urtiga
  [414/497] São João do Polêsine
  [415/497] São Leopoldo
  [416/497] São Lourenço do Sul
  [417/497] São Luiz Gonzaga
  [418/497] São Marcos
  [419/497] São Martinho
  [420/497] São Martinho da Serra
  [421/497] São Miguel das Missões
  [422/497] São Nicolau
  [423/497] São Paulo das Missões
  [424/497] São Pedro da Serra
  [425/497] São Pedro das Missões
  [426/497] São Pedro do Butiá
  [427/497] São Pedro do Sul
  [428/497] São Sebastião do Caí
  [429/497] São Sepé
  [430/497] São Valentim
  [431/497] São Valentim do Sul
  [432/497] São Valério do Sul
  [433/497] São Vendelino
  [434/497] São Vicente do Sul
  [435/497] Sério
  [436/497] Tabaí
  [437/497] Tapejara
  [438/497] Tapera
  [439/497] Tapes
  [440/497] Taquara
  [441/497] Taquari
  [442/497] Taquaruçu do Sul
  [443/497] Tavares
  [444/497] Tenente Portela
  [445/497] Terra de Areia
  [446/497] Teutônia
  [447/497] Tio Hugo
  [448/497] Tiradentes do Sul
  [449/497] Toropi
  [450/497] Torres
  [451/497] Tramandaí
  [452/497] Travesseiro
  [453/497] Trindade do Sul
  [454/497] Triunfo
  [455/497] Três Arroios
  [456/497] Três Cachoeiras
  [457/497] Três Coroas
  [458/497] Três Forquilhas
  [459/497] Três Palmeiras
  [460/497] Três Passos
  [461/497] Três de Maio
  [462/497] Tucunduva
  [463/497] Tunas
  [464/497] Tupanci do Sul
  [465/497] Tupanciretã
  [466/497] Tupandi
  [467/497] Tuparendi
  [468/497] Turuçu
  [469/497] Ubiretama
  [470/497] Unistalda
  [471/497] União da Serra
  [472/497] Uruguaiana
  [473/497] Vacaria
  [474/497] Vale Real
  [475/497] Vale Verde
  [476/497] Vale do Sol
  [477/497] Vanini
  [478/497] Venâncio Aires
  [479/497] Vera Cruz
  [480/497] Veranópolis
  [481/497] Vespasiano Correa
  [482/497] Viadutos
  [483/497] Viamão
  [484/497] Vicente Dutra
  [485/497] Victor Graeff
  [486/497] Vila Flores
  [487/497] Vila Lângaro
  [488/497] Vila Maria
  [489/497] Vila Nova do Sul
  [490/497] Vista Alegre
  [491/497] Vista Alegre do Prata
  [492/497] Vista Gaúcha
  [493/497] Vitória das Missões
  [494/497] Westfalia
  [495/497] Xangri-lá
  [496/497] Água Santa
  [497/497] Áurea
  arquivo gerado: export\data\pne_2014_2024\rankings_por_municipio.json

Processando rankings pne_2026_2036...
  [1/497] Aceguá
  [2/497] Agudo
  [3/497] Ajuricaba
  [4/497] Alecrim
  [5/497] Alegrete
  [6/497] Alegria
  [7/497] Almirante Tamandaré do Sul
  [8/497] Alpestre
  [9/497] Alto Alegre
  [10/497] Alto Feliz
  [11/497] Alvorada
  [12/497] Amaral Ferrador
  [13/497] Ametista do Sul
  [14/497] André da Rocha
  [15/497] Anta Gorda
  [16/497] Antônio Prado
  [17/497] Arambaré
  [18/497] Araricá
  [19/497] Aratiba
  [20/497] Arroio Grande
  [21/497] Arroio do Meio
  [22/497] Arroio do Padre
  [23/497] Arroio do Sal
  [24/497] Arroio do Tigre
  [25/497] Arroio dos Ratos
  [26/497] Arvorezinha
  [27/497] Augusto Pestana
  [28/497] Bagé
  [29/497] Balneário Pinhal
  [30/497] Barra Funda
  [31/497] Barra do Guarita
  [32/497] Barra do Quaraí
  [33/497] Barra do Ribeiro
  [34/497] Barra do Rio Azul
  [35/497] Barracão
  [36/497] Barros Cassal
  [37/497] Barão
  [38/497] Barão de Cotegipe
  [39/497] Barão do Triunfo
  [40/497] Benjamin Constant do Sul
  [41/497] Bento Gonçalves
  [42/497] Boa Vista das Missões
  [43/497] Boa Vista do Buricá
  [44/497] Boa Vista do Cadeado
  [45/497] Boa Vista do Incra
  [46/497] Boa Vista do Sul
  [47/497] Bom Jesus
  [48/497] Bom Princípio
  [49/497] Bom Progresso
  [50/497] Bom Retiro do Sul
  [51/497] Boqueirão do Leão
  [52/497] Bossoroca
  [53/497] Bozano
  [54/497] Braga
  [55/497] Brochier
  [56/497] Butiá
  [57/497] Cacequi
  [58/497] Cachoeira do Sul
  [59/497] Cachoeirinha
  [60/497] Cacique Doble
  [61/497] Caibaté
  [62/497] Caiçara
  [63/497] Camaquã
  [64/497] Camargo
  [65/497] Cambará do Sul
  [66/497] Campestre da Serra
  [67/497] Campina das Missões
  [68/497] Campinas do Sul
  [69/497] Campo Bom
  [70/497] Campo Novo
  [71/497] Campos Borges
  [72/497] Candelária
  [73/497] Candiota
  [74/497] Canela
  [75/497] Canguçu
  [76/497] Canoas
  [77/497] Canudos do Vale
  [78/497] Capela de Santana
  [79/497] Capitão
  [80/497] Capivari do Sul
  [81/497] Capão Bonito do Sul
  [82/497] Capão da Canoa
  [83/497] Capão do Cipó
  [84/497] Capão do Leão
  [85/497] Carazinho
  [86/497] Caraá
  [87/497] Carlos Barbosa
  [88/497] Carlos Gomes
  [89/497] Casca
  [90/497] Caseiros
  [91/497] Catuípe
  [92/497] Caxias do Sul
  [93/497] Caçapava do Sul
  [94/497] Centenário
  [95/497] Cerrito
  [96/497] Cerro Branco
  [97/497] Cerro Grande
  [98/497] Cerro Grande do Sul
  [99/497] Cerro Largo
  [100/497] Chapada
  [101/497] Charqueadas
  [102/497] Charrua
  [103/497] Chiapetta
  [104/497] Chuvisca
  [105/497] Chuí
  [106/497] Cidreira
  [107/497] Ciríaco
  [108/497] Colinas
  [109/497] Colorado
  [110/497] Condor
  [111/497] Constantina
  [112/497] Coqueiro Baixo
  [113/497] Coqueiros do Sul
  [114/497] Coronel Barros
  [115/497] Coronel Bicaco
  [116/497] Coronel Pilar
  [117/497] Cotiporã
  [118/497] Coxilha
  [119/497] Crissiumal
  [120/497] Cristal
  [121/497] Cristal do Sul
  [122/497] Cruz Alta
  [123/497] Cruzaltense
  [124/497] Cruzeiro do Sul
  [125/497] Cândido Godói
  [126/497] David Canabarro
  [127/497] Derrubadas
  [128/497] Dezesseis de Novembro
  [129/497] Dilermando de Aguiar
  [130/497] Dois Irmãos
  [131/497] Dois Irmãos das Missões
  [132/497] Dois Lajeados
  [133/497] Dom Feliciano
  [134/497] Dom Pedrito
  [135/497] Dom Pedro de Alcântara
  [136/497] Dona Francisca
  [137/497] Doutor Maurício Cardoso
  [138/497] Doutor Ricardo
  [139/497] Eldorado do Sul
  [140/497] Encantado
  [141/497] Encruzilhada do Sul
  [142/497] Engenho Velho
  [143/497] Entre Rios do Sul
  [144/497] Entre-Ijuís
  [145/497] Erebango
  [146/497] Erechim
  [147/497] Ernestina
  [148/497] Erval Grande
  [149/497] Erval Seco
  [150/497] Esmeralda
  [151/497] Esperança do Sul
  [152/497] Espumoso
  [153/497] Estação
  [154/497] Esteio
  [155/497] Estrela
  [156/497] Estrela Velha
  [157/497] Estância Velha
  [158/497] Eugênio de Castro
  [159/497] Fagundes Varela
  [160/497] Farroupilha
  [161/497] Faxinal do Soturno
  [162/497] Faxinalzinho
  [163/497] Fazenda Vilanova
  [164/497] Feliz
  [165/497] Flores da Cunha
  [166/497] Floriano Peixoto
  [167/497] Fontoura Xavier
  [168/497] Formigueiro
  [169/497] Forquetinha
  [170/497] Fortaleza dos Valos
  [171/497] Frederico Westphalen
  [172/497] Garibaldi
  [173/497] Garruchos
  [174/497] Gaurama
  [175/497] General Câmara
  [176/497] Gentil
  [177/497] Getúlio Vargas
  [178/497] Giruá
  [179/497] Glorinha
  [180/497] Gramado
  [181/497] Gramado Xavier
  [182/497] Gramado dos Loureiros
  [183/497] Gravataí
  [184/497] Guabiju
  [185/497] Guaporé
  [186/497] Guarani das Missões
  [187/497] Guaíba
  [188/497] Harmonia
  [189/497] Herval
  [190/497] Herveiras
  [191/497] Horizontina
  [192/497] Hulha Negra
  [193/497] Humaitá
  [194/497] Ibarama
  [195/497] Ibiaçá
  [196/497] Ibiraiaras
  [197/497] Ibirapuitã
  [198/497] Ibirubá
  [199/497] Igrejinha
  [200/497] Ijuí
  [201/497] Ilópolis
  [202/497] Imbé
  [203/497] Imigrante
  [204/497] Independência
  [205/497] Inhacorá
  [206/497] Ipiranga do Sul
  [207/497] Ipê
  [208/497] Iraí
  [209/497] Itaara
  [210/497] Itacurubi
  [211/497] Itapuca
  [212/497] Itaqui
  [213/497] Itati
  [214/497] Itatiba do Sul
  [215/497] Ivorá
  [216/497] Ivoti
  [217/497] Jaboticaba
  [218/497] Jacuizinho
  [219/497] Jacutinga
  [220/497] Jaguari
  [221/497] Jaguarão
  [222/497] Jaquirana
  [223/497] Jari
  [224/497] Jóia
  [225/497] Júlio de Castilhos
  [226/497] Lagoa Bonita do Sul
  [227/497] Lagoa Vermelha
  [228/497] Lagoa dos Três Cantos
  [229/497] Lagoão
  [230/497] Lajeado
  [231/497] Lajeado do Bugre
  [232/497] Lavras do Sul
  [233/497] Liberato Salzano
  [234/497] Lindolfo Collor
  [235/497] Linha Nova
  [236/497] Machadinho
  [237/497] Mampituba
  [238/497] Manoel Viana
  [239/497] Maquiné
  [240/497] Maratá
  [241/497] Marau
  [242/497] Marcelino Ramos
  [243/497] Mariana Pimentel
  [244/497] Mariano Moro
  [245/497] Marques de Souza
  [246/497] Mata
  [247/497] Mato Castelhano
  [248/497] Mato Leitão
  [249/497] Mato Queimado
  [250/497] Maximiliano de Almeida
  [251/497] Maçambará
  [252/497] Minas do Leão
  [253/497] Miraguaí
  [254/497] Montauri
  [255/497] Monte Alegre dos Campos
  [256/497] Monte Belo do Sul
  [257/497] Montenegro
  [258/497] Mormaço
  [259/497] Morrinhos do Sul
  [260/497] Morro Redondo
  [261/497] Morro Reuter
  [262/497] Mostardas
  [263/497] Muitos Capões
  [264/497] Muliterno
  [265/497] Muçum
  [266/497] Nicolau Vergueiro
  [267/497] Nonoai
  [268/497] Nova Alvorada
  [269/497] Nova Araçá
  [270/497] Nova Bassano
  [271/497] Nova Boa Vista
  [272/497] Nova Bréscia
  [273/497] Nova Candelária
  [274/497] Nova Esperança do Sul
  [275/497] Nova Hartz
  [276/497] Nova Palma
  [277/497] Nova Petrópolis
  [278/497] Nova Prata
  [279/497] Nova Pádua
  [280/497] Nova Ramada
  [281/497] Nova Roma do Sul
  [282/497] Nova Santa Rita
  [283/497] Novo Barreiro
  [284/497] Novo Cabrais
  [285/497] Novo Hamburgo
  [286/497] Novo Machado
  [287/497] Novo Tiradentes
  [288/497] Novo Xingu
  [289/497] Não-Me-Toque
  [290/497] Osório
  [291/497] Paim Filho
  [292/497] Palmares do Sul
  [293/497] Palmeira das Missões
  [294/497] Palmitinho
  [295/497] Panambi
  [296/497] Pantano Grande
  [297/497] Paraí
  [298/497] Paraíso do Sul
  [299/497] Pareci Novo
  [300/497] Parobé
  [301/497] Passa Sete
  [302/497] Passo Fundo
  [303/497] Passo do Sobrado
  [304/497] Paulo Bento
  [305/497] Paverama
  [306/497] Pedras Altas
  [307/497] Pedro Osório
  [308/497] Pejuçara
  [309/497] Pelotas
  [310/497] Picada Café
  [311/497] Pinhal
  [312/497] Pinhal Grande
  [313/497] Pinhal da Serra
  [314/497] Pinheirinho do Vale
  [315/497] Pinheiro Machado
  [316/497] Pinto Bandeira
  [317/497] Pirapó
  [318/497] Piratini
  [319/497] Planalto
  [320/497] Ponte Preta
  [321/497] Pontão
  [322/497] Porto Alegre
  [323/497] Porto Lucena
  [324/497] Porto Mauá
  [325/497] Porto Vera Cruz
  [326/497] Porto Xavier
  [327/497] Portão
  [328/497] Pouso Novo
  [329/497] Poço das Antas
  [330/497] Presidente Lucena
  [331/497] Progresso
  [332/497] Protásio Alves
  [333/497] Putinga
  [334/497] Quaraí
  [335/497] Quatro Irmãos
  [336/497] Quevedos
  [337/497] Quinze de Novembro
  [338/497] Redentora
  [339/497] Relvado
  [340/497] Restinga Seca
  [341/497] Rio Grande
  [342/497] Rio Pardo
  [343/497] Rio dos Índios
  [344/497] Riozinho
  [345/497] Roca Sales
  [346/497] Rodeio Bonito
  [347/497] Rolador
  [348/497] Rolante
  [349/497] Ronda Alta
  [350/497] Rondinha
  [351/497] Roque Gonzales
  [352/497] Rosário do Sul
  [353/497] Sagrada Família
  [354/497] Saldanha Marinho
  [355/497] Salto do Jacuí
  [356/497] Salvador das Missões
  [357/497] Salvador do Sul
  [358/497] Sananduva
  [359/497] Sant'Ana do Livramento
  [360/497] Santa Bárbara do Sul
  [361/497] Santa Cecília do Sul
  [362/497] Santa Clara do Sul
  [363/497] Santa Cruz do Sul
  [364/497] Santa Margarida do Sul
  [365/497] Santa Maria
  [366/497] Santa Maria do Herval
  [367/497] Santa Rosa
  [368/497] Santa Tereza
  [369/497] Santa Vitória do Palmar
  [370/497] Santana da Boa Vista
  [371/497] Santiago
  [372/497] Santo Antônio da Patrulha
  [373/497] Santo Antônio das Missões
  [374/497] Santo Antônio do Palma
  [375/497] Santo Antônio do Planalto
  [376/497] Santo Augusto
  [377/497] Santo Cristo
  [378/497] Santo Expedito do Sul
  [379/497] Santo Ângelo
  [380/497] Sapiranga
  [381/497] Sapucaia do Sul
  [382/497] Sarandi
  [383/497] Seberi
  [384/497] Sede Nova
  [385/497] Segredo
  [386/497] Selbach
  [387/497] Senador Salgado Filho
  [388/497] Sentinela do Sul
  [389/497] Serafina Corrêa
  [390/497] Sertão
  [391/497] Sertão Santana
  [392/497] Sete de Setembro
  [393/497] Severiano de Almeida
  [394/497] Silveira Martins
  [395/497] Sinimbu
  [396/497] Sobradinho
  [397/497] Soledade
  [398/497] São Borja
  [399/497] São Domingos do Sul
  [400/497] São Francisco de Assis
  [401/497] São Francisco de Paula
  [402/497] São Gabriel
  [403/497] São Jerônimo
  [404/497] São Jorge
  [405/497] São José das Missões
  [406/497] São José do Herval
  [407/497] São José do Hortêncio
  [408/497] São José do Inhacorá
  [409/497] São José do Norte
  [410/497] São José do Ouro
  [411/497] São José do Sul
  [412/497] São José dos Ausentes
  [413/497] São João da Urtiga
  [414/497] São João do Polêsine
  [415/497] São Leopoldo
  [416/497] São Lourenço do Sul
  [417/497] São Luiz Gonzaga
  [418/497] São Marcos
  [419/497] São Martinho
  [420/497] São Martinho da Serra
  [421/497] São Miguel das Missões
  [422/497] São Nicolau
  [423/497] São Paulo das Missões
  [424/497] São Pedro da Serra
  [425/497] São Pedro das Missões
  [426/497] São Pedro do Butiá
  [427/497] São Pedro do Sul
  [428/497] São Sebastião do Caí
  [429/497] São Sepé
  [430/497] São Valentim
  [431/497] São Valentim do Sul
  [432/497] São Valério do Sul
  [433/497] São Vendelino
  [434/497] São Vicente do Sul
  [435/497] Sério
  [436/497] Tabaí
  [437/497] Tapejara
  [438/497] Tapera
  [439/497] Tapes
  [440/497] Taquara
  [441/497] Taquari
  [442/497] Taquaruçu do Sul
  [443/497] Tavares
  [444/497] Tenente Portela
  [445/497] Terra de Areia
  [446/497] Teutônia
  [447/497] Tio Hugo
  [448/497] Tiradentes do Sul
  [449/497] Toropi
  [450/497] Torres
  [451/497] Tramandaí
  [452/497] Travesseiro
  [453/497] Trindade do Sul
  [454/497] Triunfo
  [455/497] Três Arroios
  [456/497] Três Cachoeiras
  [457/497] Três Coroas
  [458/497] Três Forquilhas
  [459/497] Três Palmeiras
  [460/497] Três Passos
  [461/497] Três de Maio
  [462/497] Tucunduva
  [463/497] Tunas
  [464/497] Tupanci do Sul
  [465/497] Tupanciretã
  [466/497] Tupandi
  [467/497] Tuparendi
  [468/497] Turuçu
  [469/497] Ubiretama
  [470/497] Unistalda
  [471/497] União da Serra
  [472/497] Uruguaiana
  [473/497] Vacaria
  [474/497] Vale Real
  [475/497] Vale Verde
  [476/497] Vale do Sol
  [477/497] Vanini
  [478/497] Venâncio Aires
  [479/497] Vera Cruz
  [480/497] Veranópolis
  [481/497] Vespasiano Correa
  [482/497] Viadutos
  [483/497] Viamão
  [484/497] Vicente Dutra
  [485/497] Victor Graeff
  [486/497] Vila Flores
  [487/497] Vila Lângaro
  [488/497] Vila Maria
  [489/497] Vila Nova do Sul
  [490/497] Vista Alegre
  [491/497] Vista Alegre do Prata
  [492/497] Vista Gaúcha
  [493/497] Vitória das Missões
  [494/497] Westfalia
  [495/497] Xangri-lá
  [496/497] Água Santa
  [497/497] Áurea
  arquivo gerado: export\data\pne_2026_2036\rankings_por_municipio.json

Processando diagnóstico pne_2026_2036...
  [1/497] Aceguá
  [2/497] Agudo
  [3/497] Ajuricaba
  [4/497] Alecrim
  [5/497] Alegrete
  [6/497] Alegria
  [7/497] Almirante Tamandaré do Sul
  [8/497] Alpestre
  [9/497] Alto Alegre
  [10/497] Alto Feliz
  [11/497] Alvorada
  [12/497] Amaral Ferrador
  [13/497] Ametista do Sul
  [14/497] André da Rocha
  [15/497] Anta Gorda
  [16/497] Antônio Prado
  [17/497] Arambaré
  [18/497] Araricá
  [19/497] Aratiba
  [20/497] Arroio Grande
  [21/497] Arroio do Meio
  [22/497] Arroio do Padre
  [23/497] Arroio do Sal
  [24/497] Arroio do Tigre
  [25/497] Arroio dos Ratos
  [26/497] Arvorezinha
  [27/497] Augusto Pestana
  [28/497] Bagé
  [29/497] Balneário Pinhal
  [30/497] Barra Funda
  [31/497] Barra do Guarita
  [32/497] Barra do Quaraí
  [33/497] Barra do Ribeiro
  [34/497] Barra do Rio Azul
  [35/497] Barracão
  [36/497] Barros Cassal
  [37/497] Barão
  [38/497] Barão de Cotegipe
  [39/497] Barão do Triunfo
  [40/497] Benjamin Constant do Sul
  [41/497] Bento Gonçalves
  [42/497] Boa Vista das Missões
  [43/497] Boa Vista do Buricá
  [44/497] Boa Vista do Cadeado
  [45/497] Boa Vista do Incra
  [46/497] Boa Vista do Sul
  [47/497] Bom Jesus
  [48/497] Bom Princípio
  [49/497] Bom Progresso
  [50/497] Bom Retiro do Sul
  [51/497] Boqueirão do Leão
  [52/497] Bossoroca
  [53/497] Bozano
  [54/497] Braga
  [55/497] Brochier
  [56/497] Butiá
  [57/497] Cacequi
  [58/497] Cachoeira do Sul
  [59/497] Cachoeirinha
  [60/497] Cacique Doble
  [61/497] Caibaté
  [62/497] Caiçara
  [63/497] Camaquã
  [64/497] Camargo
  [65/497] Cambará do Sul
  [66/497] Campestre da Serra
  [67/497] Campina das Missões
  [68/497] Campinas do Sul
  [69/497] Campo Bom
  [70/497] Campo Novo
  [71/497] Campos Borges
  [72/497] Candelária
  [73/497] Candiota
  [74/497] Canela
  [75/497] Canguçu
  [76/497] Canoas
  [77/497] Canudos do Vale
  [78/497] Capela de Santana
  [79/497] Capitão
  [80/497] Capivari do Sul
  [81/497] Capão Bonito do Sul
  [82/497] Capão da Canoa
  [83/497] Capão do Cipó
  [84/497] Capão do Leão
  [85/497] Carazinho
  [86/497] Caraá
  [87/497] Carlos Barbosa
  [88/497] Carlos Gomes
  [89/497] Casca
  [90/497] Caseiros
  [91/497] Catuípe
  [92/497] Caxias do Sul
  [93/497] Caçapava do Sul
  [94/497] Centenário
  [95/497] Cerrito
  [96/497] Cerro Branco
  [97/497] Cerro Grande
  [98/497] Cerro Grande do Sul
  [99/497] Cerro Largo
  [100/497] Chapada
  [101/497] Charqueadas
  [102/497] Charrua
  [103/497] Chiapetta
  [104/497] Chuvisca
  [105/497] Chuí
  [106/497] Cidreira
  [107/497] Ciríaco
  [108/497] Colinas
  [109/497] Colorado
  [110/497] Condor
  [111/497] Constantina
  [112/497] Coqueiro Baixo
  [113/497] Coqueiros do Sul
  [114/497] Coronel Barros
  [115/497] Coronel Bicaco
  [116/497] Coronel Pilar
  [117/497] Cotiporã
  [118/497] Coxilha
  [119/497] Crissiumal
  [120/497] Cristal
  [121/497] Cristal do Sul
  [122/497] Cruz Alta
  [123/497] Cruzaltense
  [124/497] Cruzeiro do Sul
  [125/497] Cândido Godói
  [126/497] David Canabarro
  [127/497] Derrubadas
  [128/497] Dezesseis de Novembro
  [129/497] Dilermando de Aguiar
  [130/497] Dois Irmãos
  [131/497] Dois Irmãos das Missões
  [132/497] Dois Lajeados
  [133/497] Dom Feliciano
  [134/497] Dom Pedrito
  [135/497] Dom Pedro de Alcântara
  [136/497] Dona Francisca
  [137/497] Doutor Maurício Cardoso
  [138/497] Doutor Ricardo
  [139/497] Eldorado do Sul
  [140/497] Encantado
  [141/497] Encruzilhada do Sul
  [142/497] Engenho Velho
  [143/497] Entre Rios do Sul
  [144/497] Entre-Ijuís
  [145/497] Erebango
  [146/497] Erechim
  [147/497] Ernestina
  [148/497] Erval Grande
  [149/497] Erval Seco
  [150/497] Esmeralda
  [151/497] Esperança do Sul
  [152/497] Espumoso
  [153/497] Estação
  [154/497] Esteio
  [155/497] Estrela
  [156/497] Estrela Velha
  [157/497] Estância Velha
  [158/497] Eugênio de Castro
  [159/497] Fagundes Varela
  [160/497] Farroupilha
  [161/497] Faxinal do Soturno
  [162/497] Faxinalzinho
  [163/497] Fazenda Vilanova
  [164/497] Feliz
  [165/497] Flores da Cunha
  [166/497] Floriano Peixoto
  [167/497] Fontoura Xavier
  [168/497] Formigueiro
  [169/497] Forquetinha
  [170/497] Fortaleza dos Valos
  [171/497] Frederico Westphalen
  [172/497] Garibaldi
  [173/497] Garruchos
  [174/497] Gaurama
  [175/497] General Câmara
  [176/497] Gentil
  [177/497] Getúlio Vargas
  [178/497] Giruá
  [179/497] Glorinha
  [180/497] Gramado
  [181/497] Gramado Xavier
  [182/497] Gramado dos Loureiros
  [183/497] Gravataí
  [184/497] Guabiju
  [185/497] Guaporé
  [186/497] Guarani das Missões
  [187/497] Guaíba
  [188/497] Harmonia
  [189/497] Herval
  [190/497] Herveiras
  [191/497] Horizontina
  [192/497] Hulha Negra
  [193/497] Humaitá
  [194/497] Ibarama
  [195/497] Ibiaçá
  [196/497] Ibiraiaras
  [197/497] Ibirapuitã
  [198/497] Ibirubá
  [199/497] Igrejinha
  [200/497] Ijuí
  [201/497] Ilópolis
  [202/497] Imbé
  [203/497] Imigrante
  [204/497] Independência
  [205/497] Inhacorá
  [206/497] Ipiranga do Sul
  [207/497] Ipê
  [208/497] Iraí
  [209/497] Itaara
  [210/497] Itacurubi
  [211/497] Itapuca
  [212/497] Itaqui
  [213/497] Itati
  [214/497] Itatiba do Sul
  [215/497] Ivorá
  [216/497] Ivoti
  [217/497] Jaboticaba
  [218/497] Jacuizinho
  [219/497] Jacutinga
  [220/497] Jaguari
  [221/497] Jaguarão
  [222/497] Jaquirana
  [223/497] Jari
  [224/497] Jóia
  [225/497] Júlio de Castilhos
  [226/497] Lagoa Bonita do Sul
  [227/497] Lagoa Vermelha
  [228/497] Lagoa dos Três Cantos
  [229/497] Lagoão
  [230/497] Lajeado
  [231/497] Lajeado do Bugre
  [232/497] Lavras do Sul
  [233/497] Liberato Salzano
  [234/497] Lindolfo Collor
  [235/497] Linha Nova
  [236/497] Machadinho
  [237/497] Mampituba
  [238/497] Manoel Viana
  [239/497] Maquiné
  [240/497] Maratá
  [241/497] Marau
  [242/497] Marcelino Ramos
  [243/497] Mariana Pimentel
  [244/497] Mariano Moro
  [245/497] Marques de Souza
  [246/497] Mata
  [247/497] Mato Castelhano
  [248/497] Mato Leitão
  [249/497] Mato Queimado
  [250/497] Maximiliano de Almeida
  [251/497] Maçambará
  [252/497] Minas do Leão
  [253/497] Miraguaí
  [254/497] Montauri
  [255/497] Monte Alegre dos Campos
  [256/497] Monte Belo do Sul
  [257/497] Montenegro
  [258/497] Mormaço
  [259/497] Morrinhos do Sul
  [260/497] Morro Redondo
  [261/497] Morro Reuter
  [262/497] Mostardas
  [263/497] Muitos Capões
  [264/497] Muliterno
  [265/497] Muçum
  [266/497] Nicolau Vergueiro
  [267/497] Nonoai
  [268/497] Nova Alvorada
  [269/497] Nova Araçá
  [270/497] Nova Bassano
  [271/497] Nova Boa Vista
  [272/497] Nova Bréscia
  [273/497] Nova Candelária
  [274/497] Nova Esperança do Sul
  [275/497] Nova Hartz
  [276/497] Nova Palma
  [277/497] Nova Petrópolis
  [278/497] Nova Prata
  [279/497] Nova Pádua
  [280/497] Nova Ramada
  [281/497] Nova Roma do Sul
  [282/497] Nova Santa Rita
  [283/497] Novo Barreiro
  [284/497] Novo Cabrais
  [285/497] Novo Hamburgo
  [286/497] Novo Machado
  [287/497] Novo Tiradentes
  [288/497] Novo Xingu
  [289/497] Não-Me-Toque
  [290/497] Osório
  [291/497] Paim Filho
  [292/497] Palmares do Sul
  [293/497] Palmeira das Missões
  [294/497] Palmitinho
  [295/497] Panambi
  [296/497] Pantano Grande
  [297/497] Paraí
  [298/497] Paraíso do Sul
  [299/497] Pareci Novo
  [300/497] Parobé
  [301/497] Passa Sete
  [302/497] Passo Fundo
  [303/497] Passo do Sobrado
  [304/497] Paulo Bento
  [305/497] Paverama
  [306/497] Pedras Altas
  [307/497] Pedro Osório
  [308/497] Pejuçara
  [309/497] Pelotas
  [310/497] Picada Café
  [311/497] Pinhal
  [312/497] Pinhal Grande
  [313/497] Pinhal da Serra
  [314/497] Pinheirinho do Vale
  [315/497] Pinheiro Machado
  [316/497] Pinto Bandeira
  [317/497] Pirapó
  [318/497] Piratini
  [319/497] Planalto
  [320/497] Ponte Preta
  [321/497] Pontão
  [322/497] Porto Alegre
  [323/497] Porto Lucena
  [324/497] Porto Mauá
  [325/497] Porto Vera Cruz
  [326/497] Porto Xavier
  [327/497] Portão
  [328/497] Pouso Novo
  [329/497] Poço das Antas
  [330/497] Presidente Lucena
  [331/497] Progresso
  [332/497] Protásio Alves
  [333/497] Putinga
  [334/497] Quaraí
  [335/497] Quatro Irmãos
  [336/497] Quevedos
  [337/497] Quinze de Novembro
  [338/497] Redentora
  [339/497] Relvado
  [340/497] Restinga Seca
  [341/497] Rio Grande
  [342/497] Rio Pardo
  [343/497] Rio dos Índios
  [344/497] Riozinho
  [345/497] Roca Sales
  [346/497] Rodeio Bonito
  [347/497] Rolador
  [348/497] Rolante
  [349/497] Ronda Alta
  [350/497] Rondinha
  [351/497] Roque Gonzales
  [352/497] Rosário do Sul
  [353/497] Sagrada Família
  [354/497] Saldanha Marinho
  [355/497] Salto do Jacuí
  [356/497] Salvador das Missões
  [357/497] Salvador do Sul
  [358/497] Sananduva
  [359/497] Sant'Ana do Livramento
  [360/497] Santa Bárbara do Sul
  [361/497] Santa Cecília do Sul
  [362/497] Santa Clara do Sul
  [363/497] Santa Cruz do Sul
  [364/497] Santa Margarida do Sul
  [365/497] Santa Maria
  [366/497] Santa Maria do Herval
  [367/497] Santa Rosa
  [368/497] Santa Tereza
  [369/497] Santa Vitória do Palmar
  [370/497] Santana da Boa Vista
  [371/497] Santiago
  [372/497] Santo Antônio da Patrulha
  [373/497] Santo Antônio das Missões
  [374/497] Santo Antônio do Palma
  [375/497] Santo Antônio do Planalto
  [376/497] Santo Augusto
  [377/497] Santo Cristo
  [378/497] Santo Expedito do Sul
  [379/497] Santo Ângelo
  [380/497] Sapiranga
  [381/497] Sapucaia do Sul
  [382/497] Sarandi
  [383/497] Seberi
  [384/497] Sede Nova
  [385/497] Segredo
  [386/497] Selbach
  [387/497] Senador Salgado Filho
  [388/497] Sentinela do Sul
  [389/497] Serafina Corrêa
  [390/497] Sertão
  [391/497] Sertão Santana
  [392/497] Sete de Setembro
  [393/497] Severiano de Almeida
  [394/497] Silveira Martins
  [395/497] Sinimbu
  [396/497] Sobradinho
  [397/497] Soledade
  [398/497] São Borja
  [399/497] São Domingos do Sul
  [400/497] São Francisco de Assis
  [401/497] São Francisco de Paula
  [402/497] São Gabriel
  [403/497] São Jerônimo
  [404/497] São Jorge
  [405/497] São José das Missões
  [406/497] São José do Herval
  [407/497] São José do Hortêncio
  [408/497] São José do Inhacorá
  [409/497] São José do Norte
  [410/497] São José do Ouro
  [411/497] São José do Sul
  [412/497] São José dos Ausentes
  [413/497] São João da Urtiga
  [414/497] São João do Polêsine
  [415/497] São Leopoldo
  [416/497] São Lourenço do Sul
  [417/497] São Luiz Gonzaga
  [418/497] São Marcos
  [419/497] São Martinho
  [420/497] São Martinho da Serra
  [421/497] São Miguel das Missões
  [422/497] São Nicolau
  [423/497] São Paulo das Missões
  [424/497] São Pedro da Serra
  [425/497] São Pedro das Missões
  [426/497] São Pedro do Butiá
  [427/497] São Pedro do Sul
  [428/497] São Sebastião do Caí
  [429/497] São Sepé
  [430/497] São Valentim
  [431/497] São Valentim do Sul
  [432/497] São Valério do Sul
  [433/497] São Vendelino
  [434/497] São Vicente do Sul
  [435/497] Sério
  [436/497] Tabaí
  [437/497] Tapejara
  [438/497] Tapera
  [439/497] Tapes
  [440/497] Taquara
  [441/497] Taquari
  [442/497] Taquaruçu do Sul
  [443/497] Tavares
  [444/497] Tenente Portela
  [445/497] Terra de Areia
  [446/497] Teutônia
  [447/497] Tio Hugo
  [448/497] Tiradentes do Sul
  [449/497] Toropi
  [450/497] Torres
  [451/497] Tramandaí
  [452/497] Travesseiro
  [453/497] Trindade do Sul
  [454/497] Triunfo
  [455/497] Três Arroios
  [456/497] Três Cachoeiras
  [457/497] Três Coroas
  [458/497] Três Forquilhas
  [459/497] Três Palmeiras
  [460/497] Três Passos
  [461/497] Três de Maio
  [462/497] Tucunduva
  [463/497] Tunas
  [464/497] Tupanci do Sul
  [465/497] Tupanciretã
  [466/497] Tupandi
  [467/497] Tuparendi
  [468/497] Turuçu
  [469/497] Ubiretama
  [470/497] Unistalda
  [471/497] União da Serra
  [472/497] Uruguaiana
  [473/497] Vacaria
  [474/497] Vale Real
  [475/497] Vale Verde
  [476/497] Vale do Sol
  [477/497] Vanini
  [478/497] Venâncio Aires
  [479/497] Vera Cruz
  [480/497] Veranópolis
  [481/497] Vespasiano Correa
  [482/497] Viadutos
  [483/497] Viamão
  [484/497] Vicente Dutra
  [485/497] Victor Graeff
  [486/497] Vila Flores
  [487/497] Vila Lângaro
  [488/497] Vila Maria
  [489/497] Vila Nova do Sul
  [490/497] Vista Alegre
  [491/497] Vista Alegre do Prata
  [492/497] Vista Gaúcha
  [493/497] Vitória das Missões
  [494/497] Westfalia
  [495/497] Xangri-lá
  [496/497] Água Santa
  [497/497] Áurea
  arquivo gerado: export\data\pne_2026_2036\diagnostico_por_municipio.json

Resumo da exportação
  municípios exportados: 497
  erros registrados: 0
  arquivos gerados:
    - C:\Users\rnbirck\PROJETOS\DASHBOARD-PNE-REACT\data_pipeline\export\data\municipios.json
    - C:\Users\rnbirck\PROJETOS\DASHBOARD-PNE-REACT\data_pipeline\export\data\indicadores.json
    - C:\Users\rnbirck\PROJETOS\DASHBOARD-PNE-REACT\data_pipeline\export\data\pne_2014_2024\indicadores_por_municipio.json
    - C:\Users\rnbirck\PROJETOS\DASHBOARD-PNE-REACT\data_pipeline\export\data\pne_2026_2036\indicadores_por_municipio.json
    - C:\Users\rnbirck\PROJETOS\DASHBOARD-PNE-REACT\data_pipeline\export\data\indicator_details_por_municipio.json
    - C:\Users\rnbirck\PROJETOS\DASHBOARD-PNE-REACT\data_pipeline\export\data\pne_2014_2024\referencia_estadual.json
    - C:\Users\rnbirck\PROJETOS\DASHBOARD-PNE-REACT\data_pipeline\export\data\pne_2026_2036\referencia_estadual.json
    - C:\Users\rnbirck\PROJETOS\DASHBOARD-PNE-REACT\data_pipeline\export\data\pne_2026_2036\projecoes_por_municipio.json
    - C:\Users\rnbirck\PROJETOS\DASHBOARD-PNE-REACT\data_pipeline\export\data\pne_2026_2036\cenarios_planejamento_por_municipio.json
    - C:\Users\rnbirck\PROJETOS\DASHBOARD-PNE-REACT\data_pipeline\export\data\pne_2026_2036\atendimento_cenarios_por_municipio.json
    - C:\Users\rnbirck\PROJETOS\DASHBOARD-PNE-REACT\data_pipeline\export\data\fundeb_por_municipio.json
    - C:\Users\rnbirck\PROJETOS\DASHBOARD-PNE-REACT\data_pipeline\export\data\pnate_por_municipio.json
    - C:\Users\rnbirck\PROJETOS\DASHBOARD-PNE-REACT\data_pipeline\export\data\pne_2014_2024\rankings_por_municipio.json
    - C:\Users\rnbirck\PROJETOS\DASHBOARD-PNE-REACT\data_pipeline\export\data\pne_2026_2036\rankings_por_municipio.json
    - C:\Users\rnbirck\PROJETOS\DASHBOARD-PNE-REACT\data_pipeline\export\data\pne_2026_2036\diagnostico_por_municipio.json

Perfil de desempenho
  - detalhes complementares: 455.061s
  - cálculo do ciclo pne_2026_2036: 209.304s
  - cálculo do ciclo pne_2014_2024: 167.427s
  - projeções: 32.463s
  - serialização: 26.989s
  - referência estadual pne_2026_2036: 19.337s
  - diagnóstico: 8.228s
  - referência estadual pne_2014_2024: 5.473s
  - FUNDEB: 0.725s
  - PNATE: 0.704s
  - rankings pne_2026_2036: 0.389s
  - cenários de planejamento: 0.358s
  - rankings pne_2014_2024: 0.248s
  - atendimento e cenários: 0.142s
  - carregamento das fontes: 0.132s
