[partition] Iniciando particionamento dos dados estáticos.
[partition] Origem: C:\Users\rnbirck\PROJETOS\DASHBOARD-PNE-REACT\data_pipeline\export\data
[partition] Saída: C:\Users\rnbirck\PROJETOS\DASHBOARD-PNE-REACT\data_pipeline\export\data_partitioned
[partition] Validacao FUNDEB
[partition]   total esperado: 497
[partition]   total da base municipal: 497
[partition]   total declarado no FUNDEB: 497
[partition]   total de entradas no FUNDEB: 497
[partition]   total com dados FUNDEB: 497
[partition] Validacao PNATE
[partition]   total esperado: 497
[partition]   total da base municipal: 497
[partition]   total declarado no PNATE: 497
[partition]   total de entradas no PNATE: 497
[partition]   total com dados PNATE: 497
[partition] 1/497 Aceguá -> acegua
[partition] 2/497 Agudo -> agudo
[partition] 3/497 Ajuricaba -> ajuricaba
[partition] 4/497 Alecrim -> alecrim
[partition] 5/497 Alegrete -> alegrete
[partition] 6/497 Alegria -> alegria
[partition] 7/497 Almirante Tamandaré do Sul -> almirante-tamandare-do-sul
[partition] 8/497 Alpestre -> alpestre
[partition] 9/497 Alto Alegre -> alto-alegre
[partition] 10/497 Alto Feliz -> alto-feliz
[partition] 11/497 Alvorada -> alvorada
[partition] 12/497 Amaral Ferrador -> amaral-ferrador
[partition] 13/497 Ametista do Sul -> ametista-do-sul
[partition] 14/497 André da Rocha -> andre-da-rocha
[partition] 15/497 Anta Gorda -> anta-gorda
[partition] 16/497 Antônio Prado -> antonio-prado
[partition] 17/497 Arambaré -> arambare
[partition] 18/497 Araricá -> ararica
[partition] 19/497 Aratiba -> aratiba
[partition] 20/497 Arroio Grande -> arroio-grande
[partition] 21/497 Arroio do Meio -> arroio-do-meio
[partition] 22/497 Arroio do Padre -> arroio-do-padre
[partition] 23/497 Arroio do Sal -> arroio-do-sal
[partition] 24/497 Arroio do Tigre -> arroio-do-tigre
[partition] 25/497 Arroio dos Ratos -> arroio-dos-ratos
[partition] 26/497 Arvorezinha -> arvorezinha
[partition] 27/497 Augusto Pestana -> augusto-pestana
[partition] 28/497 Bagé -> bage
[partition] 29/497 Balneário Pinhal -> balneario-pinhal
[partition] 30/497 Barra Funda -> barra-funda
[partition] 31/497 Barra do Guarita -> barra-do-guarita
[partition] 32/497 Barra do Quaraí -> barra-do-quarai
[partition] 33/497 Barra do Ribeiro -> barra-do-ribeiro
[partition] 34/497 Barra do Rio Azul -> barra-do-rio-azul
[partition] 35/497 Barracăo -> barracao
[partition] 36/497 Barros Cassal -> barros-cassal
[partition] 37/497 Barăo -> barao
[partition] 38/497 Barăo de Cotegipe -> barao-de-cotegipe
[partition] 39/497 Barăo do Triunfo -> barao-do-triunfo
[partition] 40/497 Benjamin Constant do Sul -> benjamin-constant-do-sul
[partition] 41/497 Bento Gonçalves -> bento-goncalves
[partition] 42/497 Boa Vista das Missőes -> boa-vista-das-missoes
[partition] 43/497 Boa Vista do Buricá -> boa-vista-do-burica
[partition] 44/497 Boa Vista do Cadeado -> boa-vista-do-cadeado
[partition] 45/497 Boa Vista do Incra -> boa-vista-do-incra
[partition] 46/497 Boa Vista do Sul -> boa-vista-do-sul
[partition] 47/497 Bom Jesus -> bom-jesus
[partition] 48/497 Bom Princípio -> bom-principio
[partition] 49/497 Bom Progresso -> bom-progresso
[partition] 50/497 Bom Retiro do Sul -> bom-retiro-do-sul
[partition] 51/497 Boqueirăo do Leăo -> boqueirao-do-leao
[partition] 52/497 Bossoroca -> bossoroca
[partition] 53/497 Bozano -> bozano
[partition] 54/497 Braga -> braga
[partition] 55/497 Brochier -> brochier
[partition] 56/497 Butiá -> butia
[partition] 57/497 Cacequi -> cacequi
[partition] 58/497 Cachoeira do Sul -> cachoeira-do-sul
[partition] 59/497 Cachoeirinha -> cachoeirinha
[partition] 60/497 Cacique Doble -> cacique-doble
[partition] 61/497 Caibaté -> caibate
[partition] 62/497 Caiçara -> caicara
[partition] 63/497 Camaquă -> camaqua
[partition] 64/497 Camargo -> camargo
[partition] 65/497 Cambará do Sul -> cambara-do-sul
[partition] 66/497 Campestre da Serra -> campestre-da-serra
[partition] 67/497 Campina das Missőes -> campina-das-missoes
[partition] 68/497 Campinas do Sul -> campinas-do-sul
[partition] 69/497 Campo Bom -> campo-bom
[partition] 70/497 Campo Novo -> campo-novo
[partition] 71/497 Campos Borges -> campos-borges
[partition] 72/497 Candelária -> candelaria
[partition] 73/497 Candiota -> candiota
[partition] 74/497 Canela -> canela
[partition] 75/497 Canguçu -> cangucu
[partition] 76/497 Canoas -> canoas
[partition] 77/497 Canudos do Vale -> canudos-do-vale
[partition] 78/497 Capela de Santana -> capela-de-santana
[partition] 79/497 Capităo -> capitao
[partition] 80/497 Capivari do Sul -> capivari-do-sul
[partition] 81/497 Capăo Bonito do Sul -> capao-bonito-do-sul
[partition] 82/497 Capăo da Canoa -> capao-da-canoa
[partition] 83/497 Capăo do Cipó -> capao-do-cipo
[partition] 84/497 Capăo do Leăo -> capao-do-leao
[partition] 85/497 Carazinho -> carazinho
[partition] 86/497 Caraá -> caraa
[partition] 87/497 Carlos Barbosa -> carlos-barbosa
[partition] 88/497 Carlos Gomes -> carlos-gomes
[partition] 89/497 Casca -> casca
[partition] 90/497 Caseiros -> caseiros
[partition] 91/497 Catuípe -> catuipe
[partition] 92/497 Caxias do Sul -> caxias-do-sul
[partition] 93/497 Caçapava do Sul -> cacapava-do-sul
[partition] 94/497 Centenário -> centenario
[partition] 95/497 Cerrito -> cerrito
[partition] 96/497 Cerro Branco -> cerro-branco
[partition] 97/497 Cerro Grande -> cerro-grande
[partition] 98/497 Cerro Grande do Sul -> cerro-grande-do-sul
[partition] 99/497 Cerro Largo -> cerro-largo
[partition] 100/497 Chapada -> chapada
[partition] 101/497 Charqueadas -> charqueadas
[partition] 102/497 Charrua -> charrua
[partition] 103/497 Chiapetta -> chiapetta
[partition] 104/497 Chuvisca -> chuvisca
[partition] 105/497 Chuí -> chui
[partition] 106/497 Cidreira -> cidreira
[partition] 107/497 Ciríaco -> ciriaco
[partition] 108/497 Colinas -> colinas
[partition] 109/497 Colorado -> colorado
[partition] 110/497 Condor -> condor
[partition] 111/497 Constantina -> constantina
[partition] 112/497 Coqueiro Baixo -> coqueiro-baixo
[partition] 113/497 Coqueiros do Sul -> coqueiros-do-sul
[partition] 114/497 Coronel Barros -> coronel-barros
[partition] 115/497 Coronel Bicaco -> coronel-bicaco
[partition] 116/497 Coronel Pilar -> coronel-pilar
[partition] 117/497 Cotiporă -> cotipora
[partition] 118/497 Coxilha -> coxilha
[partition] 119/497 Crissiumal -> crissiumal
[partition] 120/497 Cristal -> cristal
[partition] 121/497 Cristal do Sul -> cristal-do-sul
[partition] 122/497 Cruz Alta -> cruz-alta
[partition] 123/497 Cruzaltense -> cruzaltense
[partition] 124/497 Cruzeiro do Sul -> cruzeiro-do-sul
[partition] 125/497 Cândido Godói -> candido-godoi
[partition] 126/497 David Canabarro -> david-canabarro
[partition] 127/497 Derrubadas -> derrubadas
[partition] 128/497 Dezesseis de Novembro -> dezesseis-de-novembro
[partition] 129/497 Dilermando de Aguiar -> dilermando-de-aguiar
[partition] 130/497 Dois Irmăos -> dois-irmaos
[partition] 131/497 Dois Irmăos das Missőes -> dois-irmaos-das-missoes
[partition] 132/497 Dois Lajeados -> dois-lajeados
[partition] 133/497 Dom Feliciano -> dom-feliciano
[partition] 134/497 Dom Pedrito -> dom-pedrito
[partition] 135/497 Dom Pedro de Alcântara -> dom-pedro-de-alcantara
[partition] 136/497 Dona Francisca -> dona-francisca
[partition] 137/497 Doutor Maurício Cardoso -> doutor-mauricio-cardoso
[partition] 138/497 Doutor Ricardo -> doutor-ricardo
[partition] 139/497 Eldorado do Sul -> eldorado-do-sul
[partition] 140/497 Encantado -> encantado
[partition] 141/497 Encruzilhada do Sul -> encruzilhada-do-sul
[partition] 142/497 Engenho Velho -> engenho-velho
[partition] 143/497 Entre Rios do Sul -> entre-rios-do-sul
[partition] 144/497 Entre-Ijuís -> entre-ijuis
[partition] 145/497 Erebango -> erebango
[partition] 146/497 Erechim -> erechim
[partition] 147/497 Ernestina -> ernestina
[partition] 148/497 Erval Grande -> erval-grande
[partition] 149/497 Erval Seco -> erval-seco
[partition] 150/497 Esmeralda -> esmeralda
[partition] 151/497 Esperança do Sul -> esperanca-do-sul
[partition] 152/497 Espumoso -> espumoso
[partition] 153/497 Estaçăo -> estacao
[partition] 154/497 Esteio -> esteio
[partition] 155/497 Estrela -> estrela
[partition] 156/497 Estrela Velha -> estrela-velha
[partition] 157/497 Estância Velha -> estancia-velha
[partition] 158/497 Eugęnio de Castro -> eugenio-de-castro
[partition] 159/497 Fagundes Varela -> fagundes-varela
[partition] 160/497 Farroupilha -> farroupilha
[partition] 161/497 Faxinal do Soturno -> faxinal-do-soturno
[partition] 162/497 Faxinalzinho -> faxinalzinho
[partition] 163/497 Fazenda Vilanova -> fazenda-vilanova
[partition] 164/497 Feliz -> feliz
[partition] 165/497 Flores da Cunha -> flores-da-cunha
[partition] 166/497 Floriano Peixoto -> floriano-peixoto
[partition] 167/497 Fontoura Xavier -> fontoura-xavier
[partition] 168/497 Formigueiro -> formigueiro
[partition] 169/497 Forquetinha -> forquetinha
[partition] 170/497 Fortaleza dos Valos -> fortaleza-dos-valos
[partition] 171/497 Frederico Westphalen -> frederico-westphalen
[partition] 172/497 Garibaldi -> garibaldi
[partition] 173/497 Garruchos -> garruchos
[partition] 174/497 Gaurama -> gaurama
[partition] 175/497 General Câmara -> general-camara
[partition] 176/497 Gentil -> gentil
[partition] 177/497 Getúlio Vargas -> getulio-vargas
[partition] 178/497 Giruá -> girua
[partition] 179/497 Glorinha -> glorinha
[partition] 180/497 Gramado -> gramado
[partition] 181/497 Gramado Xavier -> gramado-xavier
[partition] 182/497 Gramado dos Loureiros -> gramado-dos-loureiros
[partition] 183/497 Gravataí -> gravatai
[partition] 184/497 Guabiju -> guabiju
[partition] 185/497 Guaporé -> guapore
[partition] 186/497 Guarani das Missőes -> guarani-das-missoes
[partition] 187/497 Guaíba -> guaiba
[partition] 188/497 Harmonia -> harmonia
[partition] 189/497 Herval -> herval
[partition] 190/497 Herveiras -> herveiras
[partition] 191/497 Horizontina -> horizontina
[partition] 192/497 Hulha Negra -> hulha-negra
[partition] 193/497 Humaitá -> humaita
[partition] 194/497 Ibarama -> ibarama
[partition] 195/497 Ibiaçá -> ibiaca
[partition] 196/497 Ibiraiaras -> ibiraiaras
[partition] 197/497 Ibirapuită -> ibirapuita
[partition] 198/497 Ibirubá -> ibiruba
[partition] 199/497 Igrejinha -> igrejinha
[partition] 200/497 Ijuí -> ijui
[partition] 201/497 Ilópolis -> ilopolis
[partition] 202/497 Imbé -> imbe
[partition] 203/497 Imigrante -> imigrante
[partition] 204/497 Independęncia -> independencia
[partition] 205/497 Inhacorá -> inhacora
[partition] 206/497 Ipiranga do Sul -> ipiranga-do-sul
[partition] 207/497 Ipę -> ipe
[partition] 208/497 Iraí -> irai
[partition] 209/497 Itaara -> itaara
[partition] 210/497 Itacurubi -> itacurubi
[partition] 211/497 Itapuca -> itapuca
[partition] 212/497 Itaqui -> itaqui
[partition] 213/497 Itati -> itati
[partition] 214/497 Itatiba do Sul -> itatiba-do-sul
[partition] 215/497 Ivorá -> ivora
[partition] 216/497 Ivoti -> ivoti
[partition] 217/497 Jaboticaba -> jaboticaba
[partition] 218/497 Jacuizinho -> jacuizinho
[partition] 219/497 Jacutinga -> jacutinga
[partition] 220/497 Jaguari -> jaguari
[partition] 221/497 Jaguarăo -> jaguarao
[partition] 222/497 Jaquirana -> jaquirana
[partition] 223/497 Jari -> jari
[partition] 224/497 Jóia -> joia
[partition] 225/497 Júlio de Castilhos -> julio-de-castilhos
[partition] 226/497 Lagoa Bonita do Sul -> lagoa-bonita-do-sul
[partition] 227/497 Lagoa Vermelha -> lagoa-vermelha
[partition] 228/497 Lagoa dos Tręs Cantos -> lagoa-dos-tres-cantos
[partition] 229/497 Lagoăo -> lagoao
[partition] 230/497 Lajeado -> lajeado
[partition] 231/497 Lajeado do Bugre -> lajeado-do-bugre
[partition] 232/497 Lavras do Sul -> lavras-do-sul
[partition] 233/497 Liberato Salzano -> liberato-salzano
[partition] 234/497 Lindolfo Collor -> lindolfo-collor
[partition] 235/497 Linha Nova -> linha-nova
[partition] 236/497 Machadinho -> machadinho
[partition] 237/497 Mampituba -> mampituba
[partition] 238/497 Manoel Viana -> manoel-viana
[partition] 239/497 Maquiné -> maquine
[partition] 240/497 Maratá -> marata
[partition] 241/497 Marau -> marau
[partition] 242/497 Marcelino Ramos -> marcelino-ramos
[partition] 243/497 Mariana Pimentel -> mariana-pimentel
[partition] 244/497 Mariano Moro -> mariano-moro
[partition] 245/497 Marques de Souza -> marques-de-souza
[partition] 246/497 Mata -> mata
[partition] 247/497 Mato Castelhano -> mato-castelhano
[partition] 248/497 Mato Leităo -> mato-leitao
[partition] 249/497 Mato Queimado -> mato-queimado
[partition] 250/497 Maximiliano de Almeida -> maximiliano-de-almeida
[partition] 251/497 Maçambará -> macambara
[partition] 252/497 Minas do Leăo -> minas-do-leao
[partition] 253/497 Miraguaí -> miraguai
[partition] 254/497 Montauri -> montauri
[partition] 255/497 Monte Alegre dos Campos -> monte-alegre-dos-campos
[partition] 256/497 Monte Belo do Sul -> monte-belo-do-sul
[partition] 257/497 Montenegro -> montenegro
[partition] 258/497 Mormaço -> mormaco
[partition] 259/497 Morrinhos do Sul -> morrinhos-do-sul
[partition] 260/497 Morro Redondo -> morro-redondo
[partition] 261/497 Morro Reuter -> morro-reuter
[partition] 262/497 Mostardas -> mostardas
[partition] 263/497 Muitos Capőes -> muitos-capoes
[partition] 264/497 Muliterno -> muliterno
[partition] 265/497 Muçum -> mucum
[partition] 266/497 Nicolau Vergueiro -> nicolau-vergueiro
[partition] 267/497 Nonoai -> nonoai
[partition] 268/497 Nova Alvorada -> nova-alvorada
[partition] 269/497 Nova Araçá -> nova-araca
[partition] 270/497 Nova Bassano -> nova-bassano
[partition] 271/497 Nova Boa Vista -> nova-boa-vista
[partition] 272/497 Nova Bréscia -> nova-brescia
[partition] 273/497 Nova Candelária -> nova-candelaria
[partition] 274/497 Nova Esperança do Sul -> nova-esperanca-do-sul
[partition] 275/497 Nova Hartz -> nova-hartz
[partition] 276/497 Nova Palma -> nova-palma
[partition] 277/497 Nova Petrópolis -> nova-petropolis
[partition] 278/497 Nova Prata -> nova-prata
[partition] 279/497 Nova Pádua -> nova-padua
[partition] 280/497 Nova Ramada -> nova-ramada
[partition] 281/497 Nova Roma do Sul -> nova-roma-do-sul
[partition] 282/497 Nova Santa Rita -> nova-santa-rita
[partition] 283/497 Novo Barreiro -> novo-barreiro
[partition] 284/497 Novo Cabrais -> novo-cabrais
[partition] 285/497 Novo Hamburgo -> novo-hamburgo
[partition] 286/497 Novo Machado -> novo-machado
[partition] 287/497 Novo Tiradentes -> novo-tiradentes
[partition] 288/497 Novo Xingu -> novo-xingu
[partition] 289/497 Năo-Me-Toque -> nao-me-toque
[partition] 290/497 Osório -> osorio
[partition] 291/497 Paim Filho -> paim-filho
[partition] 292/497 Palmares do Sul -> palmares-do-sul
[partition] 293/497 Palmeira das Missőes -> palmeira-das-missoes
[partition] 294/497 Palmitinho -> palmitinho
[partition] 295/497 Panambi -> panambi
[partition] 296/497 Pantano Grande -> pantano-grande
[partition] 297/497 Paraí -> parai
[partition] 298/497 Paraíso do Sul -> paraiso-do-sul
[partition] 299/497 Pareci Novo -> pareci-novo
[partition] 300/497 Parobé -> parobe
[partition] 301/497 Passa Sete -> passa-sete
[partition] 302/497 Passo Fundo -> passo-fundo
[partition] 303/497 Passo do Sobrado -> passo-do-sobrado
[partition] 304/497 Paulo Bento -> paulo-bento
[partition] 305/497 Paverama -> paverama
[partition] 306/497 Pedras Altas -> pedras-altas
[partition] 307/497 Pedro Osório -> pedro-osorio
[partition] 308/497 Pejuçara -> pejucara
[partition] 309/497 Pelotas -> pelotas
[partition] 310/497 Picada Café -> picada-cafe
[partition] 311/497 Pinhal -> pinhal
[partition] 312/497 Pinhal Grande -> pinhal-grande
[partition] 313/497 Pinhal da Serra -> pinhal-da-serra
[partition] 314/497 Pinheirinho do Vale -> pinheirinho-do-vale
[partition] 315/497 Pinheiro Machado -> pinheiro-machado
[partition] 316/497 Pinto Bandeira -> pinto-bandeira
[partition] 317/497 Pirapó -> pirapo
[partition] 318/497 Piratini -> piratini
[partition] 319/497 Planalto -> planalto
[partition] 320/497 Ponte Preta -> ponte-preta
[partition] 321/497 Pontăo -> pontao
[partition] 322/497 Porto Alegre -> porto-alegre
[partition] 323/497 Porto Lucena -> porto-lucena
[partition] 324/497 Porto Mauá -> porto-maua
[partition] 325/497 Porto Vera Cruz -> porto-vera-cruz
[partition] 326/497 Porto Xavier -> porto-xavier
[partition] 327/497 Portăo -> portao
[partition] 328/497 Pouso Novo -> pouso-novo
[partition] 329/497 Poço das Antas -> poco-das-antas
[partition] 330/497 Presidente Lucena -> presidente-lucena
[partition] 331/497 Progresso -> progresso
[partition] 332/497 Protásio Alves -> protasio-alves
[partition] 333/497 Putinga -> putinga
[partition] 334/497 Quaraí -> quarai
[partition] 335/497 Quatro Irmăos -> quatro-irmaos
[partition] 336/497 Quevedos -> quevedos
[partition] 337/497 Quinze de Novembro -> quinze-de-novembro
[partition] 338/497 Redentora -> redentora
[partition] 339/497 Relvado -> relvado
[partition] 340/497 Restinga Seca -> restinga-seca
[partition] 341/497 Rio Grande -> rio-grande
[partition] 342/497 Rio Pardo -> rio-pardo
[partition] 343/497 Rio dos Índios -> rio-dos-indios
[partition] 344/497 Riozinho -> riozinho
[partition] 345/497 Roca Sales -> roca-sales
[partition] 346/497 Rodeio Bonito -> rodeio-bonito
[partition] 347/497 Rolador -> rolador
[partition] 348/497 Rolante -> rolante
[partition] 349/497 Ronda Alta -> ronda-alta
[partition] 350/497 Rondinha -> rondinha
[partition] 351/497 Roque Gonzales -> roque-gonzales
[partition] 352/497 Rosário do Sul -> rosario-do-sul
[partition] 353/497 Sagrada Família -> sagrada-familia
[partition] 354/497 Saldanha Marinho -> saldanha-marinho
[partition] 355/497 Salto do Jacuí -> salto-do-jacui
[partition] 356/497 Salvador das Missőes -> salvador-das-missoes
[partition] 357/497 Salvador do Sul -> salvador-do-sul
[partition] 358/497 Sananduva -> sananduva
[partition] 359/497 Sant'Ana do Livramento -> sant-ana-do-livramento
[partition] 360/497 Santa Bárbara do Sul -> santa-barbara-do-sul
[partition] 361/497 Santa Cecília do Sul -> santa-cecilia-do-sul
[partition] 362/497 Santa Clara do Sul -> santa-clara-do-sul
[partition] 363/497 Santa Cruz do Sul -> santa-cruz-do-sul
[partition] 364/497 Santa Margarida do Sul -> santa-margarida-do-sul
[partition] 365/497 Santa Maria -> santa-maria
[partition] 366/497 Santa Maria do Herval -> santa-maria-do-herval
[partition] 367/497 Santa Rosa -> santa-rosa
[partition] 368/497 Santa Tereza -> santa-tereza
[partition] 369/497 Santa Vitória do Palmar -> santa-vitoria-do-palmar
[partition] 370/497 Santana da Boa Vista -> santana-da-boa-vista
[partition] 371/497 Santiago -> santiago
[partition] 372/497 Santo Antônio da Patrulha -> santo-antonio-da-patrulha
[partition] 373/497 Santo Antônio das Missőes -> santo-antonio-das-missoes
[partition] 374/497 Santo Antônio do Palma -> santo-antonio-do-palma
[partition] 375/497 Santo Antônio do Planalto -> santo-antonio-do-planalto
[partition] 376/497 Santo Augusto -> santo-augusto
[partition] 377/497 Santo Cristo -> santo-cristo
[partition] 378/497 Santo Expedito do Sul -> santo-expedito-do-sul
[partition] 379/497 Santo Ângelo -> santo-angelo
[partition] 380/497 Sapiranga -> sapiranga
[partition] 381/497 Sapucaia do Sul -> sapucaia-do-sul
[partition] 382/497 Sarandi -> sarandi
[partition] 383/497 Seberi -> seberi
[partition] 384/497 Sede Nova -> sede-nova
[partition] 385/497 Segredo -> segredo
[partition] 386/497 Selbach -> selbach
[partition] 387/497 Senador Salgado Filho -> senador-salgado-filho
[partition] 388/497 Sentinela do Sul -> sentinela-do-sul
[partition] 389/497 Serafina Corręa -> serafina-correa
[partition] 390/497 Sertăo -> sertao
[partition] 391/497 Sertăo Santana -> sertao-santana
[partition] 392/497 Sete de Setembro -> sete-de-setembro
[partition] 393/497 Severiano de Almeida -> severiano-de-almeida
[partition] 394/497 Silveira Martins -> silveira-martins
[partition] 395/497 Sinimbu -> sinimbu
[partition] 396/497 Sobradinho -> sobradinho
[partition] 397/497 Soledade -> soledade
[partition] 398/497 Săo Borja -> sao-borja
[partition] 399/497 Săo Domingos do Sul -> sao-domingos-do-sul
[partition] 400/497 Săo Francisco de Assis -> sao-francisco-de-assis
[partition] 401/497 Săo Francisco de Paula -> sao-francisco-de-paula
[partition] 402/497 Săo Gabriel -> sao-gabriel
[partition] 403/497 Săo Jerônimo -> sao-jeronimo
[partition] 404/497 Săo Jorge -> sao-jorge
[partition] 405/497 Săo José das Missőes -> sao-jose-das-missoes
[partition] 406/497 Săo José do Herval -> sao-jose-do-herval
[partition] 407/497 Săo José do Hortęncio -> sao-jose-do-hortencio
[partition] 408/497 Săo José do Inhacorá -> sao-jose-do-inhacora
[partition] 409/497 Săo José do Norte -> sao-jose-do-norte
[partition] 410/497 Săo José do Ouro -> sao-jose-do-ouro
[partition] 411/497 Săo José do Sul -> sao-jose-do-sul
[partition] 412/497 Săo José dos Ausentes -> sao-jose-dos-ausentes
[partition] 413/497 Săo Joăo da Urtiga -> sao-joao-da-urtiga
[partition] 414/497 Săo Joăo do Polęsine -> sao-joao-do-polesine
[partition] 415/497 Săo Leopoldo -> sao-leopoldo
[partition] 416/497 Săo Lourenço do Sul -> sao-lourenco-do-sul
[partition] 417/497 Săo Luiz Gonzaga -> sao-luiz-gonzaga
[partition] 418/497 Săo Marcos -> sao-marcos
[partition] 419/497 Săo Martinho -> sao-martinho
[partition] 420/497 Săo Martinho da Serra -> sao-martinho-da-serra
[partition] 421/497 Săo Miguel das Missőes -> sao-miguel-das-missoes
[partition] 422/497 Săo Nicolau -> sao-nicolau
[partition] 423/497 Săo Paulo das Missőes -> sao-paulo-das-missoes
[partition] 424/497 Săo Pedro da Serra -> sao-pedro-da-serra
[partition] 425/497 Săo Pedro das Missőes -> sao-pedro-das-missoes
[partition] 426/497 Săo Pedro do Butiá -> sao-pedro-do-butia
[partition] 427/497 Săo Pedro do Sul -> sao-pedro-do-sul
[partition] 428/497 Săo Sebastiăo do Caí -> sao-sebastiao-do-cai
[partition] 429/497 Săo Sepé -> sao-sepe
[partition] 430/497 Săo Valentim -> sao-valentim
[partition] 431/497 Săo Valentim do Sul -> sao-valentim-do-sul
[partition] 432/497 Săo Valério do Sul -> sao-valerio-do-sul
[partition] 433/497 Săo Vendelino -> sao-vendelino
[partition] 434/497 Săo Vicente do Sul -> sao-vicente-do-sul
[partition] 435/497 Sério -> serio
[partition] 436/497 Tabaí -> tabai
[partition] 437/497 Tapejara -> tapejara
[partition] 438/497 Tapera -> tapera
[partition] 439/497 Tapes -> tapes
[partition] 440/497 Taquara -> taquara
[partition] 441/497 Taquari -> taquari
[partition] 442/497 Taquaruçu do Sul -> taquarucu-do-sul
[partition] 443/497 Tavares -> tavares
[partition] 444/497 Tenente Portela -> tenente-portela
[partition] 445/497 Terra de Areia -> terra-de-areia
[partition] 446/497 Teutônia -> teutonia
[partition] 447/497 Tio Hugo -> tio-hugo
[partition] 448/497 Tiradentes do Sul -> tiradentes-do-sul
[partition] 449/497 Toropi -> toropi
[partition] 450/497 Torres -> torres
[partition] 451/497 Tramandaí -> tramandai
[partition] 452/497 Travesseiro -> travesseiro
[partition] 453/497 Trindade do Sul -> trindade-do-sul
[partition] 454/497 Triunfo -> triunfo
[partition] 455/497 Tręs Arroios -> tres-arroios
[partition] 456/497 Tręs Cachoeiras -> tres-cachoeiras
[partition] 457/497 Tręs Coroas -> tres-coroas
[partition] 458/497 Tręs Forquilhas -> tres-forquilhas
[partition] 459/497 Tręs Palmeiras -> tres-palmeiras
[partition] 460/497 Tręs Passos -> tres-passos
[partition] 461/497 Tręs de Maio -> tres-de-maio
[partition] 462/497 Tucunduva -> tucunduva
[partition] 463/497 Tunas -> tunas
[partition] 464/497 Tupanci do Sul -> tupanci-do-sul
[partition] 465/497 Tupanciretă -> tupancireta
[partition] 466/497 Tupandi -> tupandi
[partition] 467/497 Tuparendi -> tuparendi
[partition] 468/497 Turuçu -> turucu
[partition] 469/497 Ubiretama -> ubiretama
[partition] 470/497 Unistalda -> unistalda
[partition] 471/497 Uniăo da Serra -> uniao-da-serra
[partition] 472/497 Uruguaiana -> uruguaiana
[partition] 473/497 Vacaria -> vacaria
[partition] 474/497 Vale Real -> vale-real
[partition] 475/497 Vale Verde -> vale-verde
[partition] 476/497 Vale do Sol -> vale-do-sol
[partition] 477/497 Vanini -> vanini
[partition] 478/497 Venâncio Aires -> venancio-aires
[partition] 479/497 Vera Cruz -> vera-cruz
[partition] 480/497 Veranópolis -> veranopolis
[partition] 481/497 Vespasiano Correa -> vespasiano-correa
[partition] 482/497 Viadutos -> viadutos
[partition] 483/497 Viamăo -> viamao
[partition] 484/497 Vicente Dutra -> vicente-dutra
[partition] 485/497 Victor Graeff -> victor-graeff
[partition] 486/497 Vila Flores -> vila-flores
[partition] 487/497 Vila Lângaro -> vila-langaro
[partition] 488/497 Vila Maria -> vila-maria
[partition] 489/497 Vila Nova do Sul -> vila-nova-do-sul
[partition] 490/497 Vista Alegre -> vista-alegre
[partition] 491/497 Vista Alegre do Prata -> vista-alegre-do-prata
[partition] 492/497 Vista Gaúcha -> vista-gaucha
[partition] 493/497 Vitória das Missőes -> vitoria-das-missoes
[partition] 494/497 Westfalia -> westfalia
[partition] 495/497 Xangri-lá -> xangri-la
[partition] 496/497 Água Santa -> agua-santa
[partition] 497/497 Áurea -> aurea
[partition] Concluído.
[partition] Municípios particionados: 994
[partition] Arquivos criados: 0
[partition] Arquivos atualizados: 999
[partition] Arquivos preservados: 994
[partition] Arquivos removidos: 0
[partition] Erros: 0
[partition] Arquivos JSON: 1993
[partition] Tamanho total: 847.1 MB
[partition] Maior arquivo: municipios\4304606\index.json (761.8 KB)
