
> dashboard-pne-react@0.0.0 update:data
> python data_pipeline/scripts/update_static_data.py --profile

[update-data] Git status inicial:
 M AGENTS.md
 M README.md
 M data_pipeline/AGENTS.md
 M data_pipeline/scripts/export_static_data.py
 M data_pipeline/scripts/partition_static_data.py
 M data_pipeline/src/pne_state_reference.py
 M data_pipeline/src/views/diagnostico.py
 M docs/CATALOGO_VISUAL.md
 M docs/DESIGN_SYSTEM.md
 M docs/GUIA_DE_DESIGN.md
 M docs/METODOLOGIA_EJA_ARTICULADA_EDUCACAO_PROFISSIONAL.md
 M docs/PLANO_MIGRACAO_UI.md
 M docs/REGRESSAO_VISUAL_DEV_UI.md
 M docs/pne2026_state_reference_methodology.md
 M package.json
 M public/data/indicadores.json
 M public/data/municipios.json
 M public/data/municipios/4300034/index.json
 M public/data/municipios/4300059/index.json
 M public/data/municipios/4300109/index.json
 M public/data/municipios/4300208/index.json
 M public/data/municipios/4300307/index.json
 M public/data/municipios/4300406/index.json
 M public/data/municipios/4300455/index.json
 M public/data/municipios/4300471/index.json
 M public/data/municipios/4300505/index.json
 M public/data/municipios/4300554/index.json
 M public/data/municipios/4300570/index.json
 M public/data/municipios/4300604/index.json
 M public/data/municipios/4300638/index.json
 M public/data/municipios/4300646/index.json
 M public/data/municipios/4300661/index.json
 M public/data/municipios/4300703/index.json
 M public/data/municipios/4300802/index.json
 M public/data/municipios/4300851/index.json
 M public/data/municipios/4300877/index.json
 M public/data/municipios/4300901/index.json
 M public/data/municipios/4301008/index.json
 M public/data/municipios/4301057/index.json
 M public/data/municipios/4301073/index.json
 M public/data/municipios/4301107/index.json
 M public/data/municipios/4301206/index.json
 M public/data/municipios/4301305/index.json
 M public/data/municipios/4301404/index.json
 M public/data/municipios/4301503/index.json
 M public/data/municipios/4301552/index.json
 M public/data/municipios/4301602/index.json
 M public/data/municipios/4301636/index.json
 M public/data/municipios/4301651/index.json
 M public/data/municipios/4301701/index.json
 M public/data/municipios/4301750/index.json
 M public/data/municipios/4301800/index.json
 M public/data/municipios/4301859/index.json
 M public/data/municipios/4301875/index.json
 M public/data/municipios/4301909/index.json
 M public/data/municipios/4301925/index.json
 M public/data/municipios/4301958/index.json
 M public/data/municipios/4302006/index.json
 M public/data/municipios/4302055/index.json
 M public/data/municipios/4302105/index.json
 M public/data/municipios/4302154/index.json
 M public/data/municipios/4302204/index.json
 M public/data/municipios/4302220/index.json
 M public/data/municipios/4302238/index.json
 M public/data/municipios/4302253/index.json
 M public/data/municipios/4302303/index.json
 M public/data/municipios/4302352/index.json
 M public/data/municipios/4302378/index.json
 M public/data/municipios/4302402/index.json
 M public/data/municipios/4302451/index.json
 M public/data/municipios/4302501/index.json
 M public/data/municipios/4302584/index.json
 M public/data/municipios/4302600/index.json
 M public/data/municipios/4302659/index.json
 M public/data/municipios/4302709/index.json
 M public/data/municipios/4302808/index.json
 M public/data/municipios/4302907/index.json
 M public/data/municipios/4303004/index.json
 M public/data/municipios/4303103/index.json
 M public/data/municipios/4303202/index.json
 M public/data/municipios/4303301/index.json
 M public/data/municipios/4303400/index.json
 M public/data/municipios/4303509/index.json
 M public/data/municipios/4303558/index.json
 M public/data/municipios/4303608/index.json
 M public/data/municipios/4303673/index.json
 M public/data/municipios/4303707/index.json
 M public/data/municipios/4303806/index.json
 M public/data/municipios/4303905/index.json
 M public/data/municipios/4304002/index.json
 M public/data/municipios/4304101/index.json
 M public/data/municipios/4304200/index.json
 M public/data/municipios/4304309/index.json
 M public/data/municipios/4304358/index.json
 M public/data/municipios/4304408/index.json
 M public/data/municipios/4304507/index.json
 M public/data/municipios/4304606/index.json
 M public/data/municipios/4304614/index.json
 M public/data/municipios/4304622/index.json
 M public/data/municipios/4304630/index.json
 M public/data/municipios/4304655/index.json
 M public/data/municipios/4304663/index.json
 M public/data/municipios/4304671/index.json
 M public/data/municipios/4304689/index.json
 M public/data/municipios/4304697/index.json
 M public/data/municipios/4304705/index.json
 M public/data/municipios/4304713/index.json
 M public/data/municipios/4304804/index.json
 M public/data/municipios/4304853/index.json
 M public/data/municipios/4304903/index.json
 M public/data/municipios/4304952/index.json
 M public/data/municipios/4305009/index.json
 M public/data/municipios/4305108/index.json
 M public/data/municipios/4305116/index.json
 M public/data/municipios/4305124/index.json
 M public/data/municipios/4305132/index.json
 M public/data/municipios/4305157/index.json
 M public/data/municipios/4305173/index.json
 M public/data/municipios/4305207/index.json
 M public/data/municipios/4305306/index.json
 M public/data/municipios/4305355/index.json
 M public/data/municipios/4305371/index.json
 M public/data/municipios/4305405/index.json
 M public/data/municipios/4305439/index.json
 M public/data/municipios/4305447/index.json
 M public/data/municipios/4305454/index.json
 M public/data/municipios/4305504/index.json
 M public/data/municipios/4305587/index.json
 M public/data/municipios/4305603/index.json
 M public/data/municipios/4305702/index.json
 M public/data/municipios/4305801/index.json
 M public/data/municipios/4305835/index.json
 M public/data/municipios/4305850/index.json
 M public/data/municipios/4305871/index.json
 M public/data/municipios/4305900/index.json
 M public/data/municipios/4305934/index.json
 M public/data/municipios/4305959/index.json
 M public/data/municipios/4305975/index.json
 M public/data/municipios/4306007/index.json
 M public/data/municipios/4306056/index.json
 M public/data/municipios/4306072/index.json
 M public/data/municipios/4306106/index.json
 M public/data/municipios/4306130/index.json
 M public/data/municipios/4306205/index.json
 M public/data/municipios/4306304/index.json
 M public/data/municipios/4306320/index.json
 M public/data/municipios/4306353/index.json
 M public/data/municipios/4306379/index.json
 M public/data/municipios/4306403/index.json
 M public/data/municipios/4306429/index.json
 M public/data/municipios/4306452/index.json
 M public/data/municipios/4306502/index.json
 M public/data/municipios/4306551/index.json
 M public/data/municipios/4306601/index.json
 M public/data/municipios/4306700/index.json
 M public/data/municipios/4306734/index.json
 M public/data/municipios/4306759/index.json
 M public/data/municipios/4306767/index.json
 M public/data/municipios/4306809/index.json
 M public/data/municipios/4306908/index.json
 M public/data/municipios/4306924/index.json
 M public/data/municipios/4306932/index.json
 M public/data/municipios/4306957/index.json
 M public/data/municipios/4306973/index.json
 M public/data/municipios/4307005/index.json
 M public/data/municipios/4307054/index.json
 M public/data/municipios/4307104/index.json
 M public/data/municipios/4307203/index.json
 M public/data/municipios/4307302/index.json
 M public/data/municipios/4307401/index.json
 M public/data/municipios/4307450/index.json
 M public/data/municipios/4307500/index.json
 M public/data/municipios/4307559/index.json
 M public/data/municipios/4307609/index.json
 M public/data/municipios/4307708/index.json
 M public/data/municipios/4307807/index.json
 M public/data/municipios/4307815/index.json
 M public/data/municipios/4307831/index.json
 M public/data/municipios/4307864/index.json
 M public/data/municipios/4307906/index.json
 M public/data/municipios/4308003/index.json
 M public/data/municipios/4308052/index.json
 M public/data/municipios/4308078/index.json
 M public/data/municipios/4308102/index.json
 M public/data/municipios/4308201/index.json
 M public/data/municipios/4308250/index.json
 M public/data/municipios/4308300/index.json
 M public/data/municipios/4308409/index.json
 M public/data/municipios/4308433/index.json
 M public/data/municipios/4308458/index.json
 M public/data/municipios/4308508/index.json
 M public/data/municipios/4308607/index.json
 M public/data/municipios/4308656/index.json
 M public/data/municipios/4308706/index.json
 M public/data/municipios/4308805/index.json
 M public/data/municipios/4308854/index.json
 M public/data/municipios/4308904/index.json
 M public/data/municipios/4309001/index.json
 M public/data/municipios/4309050/index.json
 M public/data/municipios/4309100/index.json
 M public/data/municipios/4309126/index.json
 M public/data/municipios/4309159/index.json
 M public/data/municipios/4309209/index.json
 M public/data/municipios/4309258/index.json
 M public/data/municipios/4309308/index.json
 M public/data/municipios/4309407/index.json
 M public/data/municipios/4309506/index.json
 M public/data/municipios/4309555/index.json
 M public/data/municipios/4309571/index.json
 M public/data/municipios/4309605/index.json
 M public/data/municipios/4309654/index.json
 M public/data/municipios/4309704/index.json
 M public/data/municipios/4309753/index.json
 M public/data/municipios/4309803/index.json
 M public/data/municipios/4309902/index.json
 M public/data/municipios/4309951/index.json
 M public/data/municipios/4310009/index.json
 M public/data/municipios/4310108/index.json
 M public/data/municipios/4310207/index.json
 M public/data/municipios/4310306/index.json
 M public/data/municipios/4310330/index.json
 M public/data/municipios/4310363/index.json
 M public/data/municipios/4310405/index.json
 M public/data/municipios/4310413/index.json
 M public/data/municipios/4310439/index.json
 M public/data/municipios/4310462/index.json
 M public/data/municipios/4310504/index.json
 M public/data/municipios/4310538/index.json
 M public/data/municipios/4310553/index.json
 M public/data/municipios/4310579/index.json
 M public/data/municipios/4310603/index.json
 M public/data/municipios/4310652/index.json
 M public/data/municipios/4310702/index.json
 M public/data/municipios/4310751/index.json
 M public/data/municipios/4310801/index.json
 M public/data/municipios/4310850/index.json
 M public/data/municipios/4310876/index.json
 M public/data/municipios/4310900/index.json
 M public/data/municipios/4311007/index.json
 M public/data/municipios/4311106/index.json
 M public/data/municipios/4311122/index.json
 M public/data/municipios/4311130/index.json
 M public/data/municipios/4311155/index.json
 M public/data/municipios/4311205/index.json
 M public/data/municipios/4311239/index.json
 M public/data/municipios/4311254/index.json
 M public/data/municipios/4311270/index.json
 M public/data/municipios/4311304/index.json
 M public/data/municipios/4311403/index.json
 M public/data/municipios/4311429/index.json
 M public/data/municipios/4311502/index.json
 M public/data/municipios/4311601/index.json
 M public/data/municipios/4311627/index.json
 M public/data/municipios/4311643/index.json
 M public/data/municipios/4311700/index.json
 M public/data/municipios/4311718/index.json
 M public/data/municipios/4311734/index.json
 M public/data/municipios/4311759/index.json
 M public/data/municipios/4311775/index.json
 M public/data/municipios/4311791/index.json
 M public/data/municipios/4311809/index.json
 M public/data/municipios/4311908/index.json
 M public/data/municipios/4311981/index.json
 M public/data/municipios/4312005/index.json
 M public/data/municipios/4312054/index.json
 M public/data/municipios/4312104/index.json
 M public/data/municipios/4312138/index.json
 M public/data/municipios/4312153/index.json
 M public/data/municipios/4312179/index.json
 M public/data/municipios/4312203/index.json
 M public/data/municipios/4312252/index.json
 M public/data/municipios/4312302/index.json
 M public/data/municipios/4312351/index.json
 M public/data/municipios/4312377/index.json
 M public/data/municipios/4312385/index.json
 M public/data/municipios/4312401/index.json
 M public/data/municipios/4312427/index.json
 M public/data/municipios/4312443/index.json
 M public/data/municipios/4312450/index.json
 M public/data/municipios/4312476/index.json
 M public/data/municipios/4312500/index.json
 M public/data/municipios/4312609/index.json
 M public/data/municipios/4312617/index.json
 M public/data/municipios/4312625/index.json
 M public/data/municipios/4312658/index.json
 M public/data/municipios/4312674/index.json
 M public/data/municipios/4312708/index.json
 M public/data/municipios/4312757/index.json
 M public/data/municipios/4312807/index.json
 M public/data/municipios/4312906/index.json
 M public/data/municipios/4312955/index.json
 M public/data/municipios/4313003/index.json
 M public/data/municipios/4313011/index.json
 M public/data/municipios/4313037/index.json
 M public/data/municipios/4313060/index.json
 M public/data/municipios/4313086/index.json
 M public/data/municipios/4313102/index.json
 M public/data/municipios/4313201/index.json
 M public/data/municipios/4313300/index.json
 M public/data/municipios/4313334/index.json
 M public/data/municipios/4313359/index.json
 M public/data/municipios/4313375/index.json
 M public/data/municipios/4313391/index.json
 M public/data/municipios/4313409/index.json
 M public/data/municipios/4313425/index.json
 M public/data/municipios/4313441/index.json
 M public/data/municipios/4313466/index.json
 M public/data/municipios/4313490/index.json
 M public/data/municipios/4313508/index.json
 M public/data/municipios/4313607/index.json
 M public/data/municipios/4313656/index.json
 M public/data/municipios/4313706/index.json
 M public/data/municipios/4313805/index.json
 M public/data/municipios/4313904/index.json
 M public/data/municipios/4313953/index.json
 M public/data/municipios/4314001/index.json
 M public/data/municipios/4314027/index.json
 M public/data/municipios/4314035/index.json
 M public/data/municipios/4314050/index.json
 M public/data/municipios/4314068/index.json
 M public/data/municipios/4314076/index.json
 M public/data/municipios/4314100/index.json
 M public/data/municipios/4314134/index.json
 M public/data/municipios/4314159/index.json
 M public/data/municipios/4314175/index.json
 M public/data/municipios/4314209/index.json
 M public/data/municipios/4314308/index.json
 M public/data/municipios/4314407/index.json
 M public/data/municipios/4314423/index.json
 M public/data/municipios/4314456/index.json
 M public/data/municipios/4314464/index.json
 M public/data/municipios/4314472/index.json
 M public/data/municipios/4314498/index.json
 M public/data/municipios/4314506/index.json
 M public/data/municipios/4314548/index.json
 M public/data/municipios/4314555/index.json
 M public/data/municipios/4314605/index.json
 M public/data/municipios/4314704/index.json
 M public/data/municipios/4314753/index.json
 M public/data/municipios/4314779/index.json
 M public/data/municipios/4314787/index.json
 M public/data/municipios/4314803/index.json
 M public/data/municipios/4314902/index.json
 M public/data/municipios/4315008/index.json
 M public/data/municipios/4315057/index.json
 M public/data/municipios/4315073/index.json
 M public/data/municipios/4315107/index.json
 M public/data/municipios/4315131/index.json
 M public/data/municipios/4315149/index.json
 M public/data/municipios/4315156/index.json
 M public/data/municipios/4315172/index.json
 M public/data/municipios/4315206/index.json
 M public/data/municipios/4315305/index.json
 M public/data/municipios/4315313/index.json
 M public/data/municipios/4315321/index.json
 M public/data/municipios/4315354/index.json
 M public/data/municipios/4315404/index.json
 M public/data/municipios/4315453/index.json
 M public/data/municipios/4315503/index.json
 M public/data/municipios/4315552/index.json
 M public/data/municipios/4315602/index.json
 M public/data/municipios/4315701/index.json
 M public/data/municipios/4315750/index.json
 M public/data/municipios/4315800/index.json
 M public/data/municipios/4315909/index.json
 M public/data/municipios/4315958/index.json
 M public/data/municipios/4316006/index.json
 M public/data/municipios/4316105/index.json
 M public/data/municipios/4316204/index.json
 M public/data/municipios/4316303/index.json
 M public/data/municipios/4316402/index.json
 M public/data/municipios/4316428/index.json
 M public/data/municipios/4316436/index.json
 M public/data/municipios/4316451/index.json
 M public/data/municipios/4316477/index.json
 M public/data/municipios/4316501/index.json
 M public/data/municipios/4316600/index.json
 M public/data/municipios/4316709/index.json
 M public/data/municipios/4316733/index.json
 M public/data/municipios/4316758/index.json
 M public/data/municipios/4316808/index.json
 M public/data/municipios/4316907/index.json
 M public/data/municipios/4316956/index.json
 M public/data/municipios/4316972/index.json
 M public/data/municipios/4317004/index.json
 M public/data/municipios/4317103/index.json
 M public/data/municipios/4317202/index.json
 M public/data/municipios/4317251/index.json
 M public/data/municipios/4317301/index.json
 M public/data/municipios/4317400/index.json
 M public/data/municipios/4317509/index.json
 M public/data/municipios/4317558/index.json
 M public/data/municipios/4317608/index.json
 M public/data/municipios/4317707/index.json
 M public/data/municipios/4317756/index.json
 M public/data/municipios/4317806/index.json
 M public/data/municipios/4317905/index.json
 M public/data/municipios/4317954/index.json
 M public/data/municipios/4318002/index.json
 M public/data/municipios/4318051/index.json
 M public/data/municipios/4318101/index.json
 M public/data/municipios/4318200/index.json
 M public/data/municipios/4318309/index.json
 M public/data/municipios/4318408/index.json
 M public/data/municipios/4318424/index.json
 M public/data/municipios/4318432/index.json
 M public/data/municipios/4318440/index.json
 M public/data/municipios/4318457/index.json
 M public/data/municipios/4318465/index.json
 M public/data/municipios/4318481/index.json
 M public/data/municipios/4318499/index.json
 M public/data/municipios/4318507/index.json
 M public/data/municipios/4318606/index.json
 M public/data/municipios/4318614/index.json
 M public/data/municipios/4318622/index.json
 M public/data/municipios/4318705/index.json
 M public/data/municipios/4318804/index.json
 M public/data/municipios/4318903/index.json
 M public/data/municipios/4319000/index.json
 M public/data/municipios/4319109/index.json
 M public/data/municipios/4319125/index.json
 M public/data/municipios/4319158/index.json
 M public/data/municipios/4319208/index.json
 M public/data/municipios/4319307/index.json
 M public/data/municipios/4319356/index.json
 M public/data/municipios/4319364/index.json
 M public/data/municipios/4319372/index.json
 M public/data/municipios/4319406/index.json
 M public/data/municipios/4319505/index.json
 M public/data/municipios/4319604/index.json
 M public/data/municipios/4319703/index.json
 M public/data/municipios/4319711/index.json
 M public/data/municipios/4319737/index.json
 M public/data/municipios/4319752/index.json
 M public/data/municipios/4319802/index.json
 M public/data/municipios/4319901/index.json
 M public/data/municipios/4320008/index.json
 M public/data/municipios/4320107/index.json
 M public/data/municipios/4320206/index.json
 M public/data/municipios/4320230/index.json
 M public/data/municipios/4320263/index.json
 M public/data/municipios/4320305/index.json
 M public/data/municipios/4320321/index.json
 M public/data/municipios/4320354/index.json
 M public/data/municipios/4320404/index.json
 M public/data/municipios/4320453/index.json
 M public/data/municipios/4320503/index.json
 M public/data/municipios/4320552/index.json
 M public/data/municipios/4320578/index.json
 M public/data/municipios/4320602/index.json
 M public/data/municipios/4320651/index.json
 M public/data/municipios/4320677/index.json
 M public/data/municipios/4320701/index.json
 M public/data/municipios/4320800/index.json
 M public/data/municipios/4320859/index.json
 M public/data/municipios/4320909/index.json
 M public/data/municipios/4321006/index.json
 M public/data/municipios/4321105/index.json
 M public/data/municipios/4321204/index.json
 M public/data/municipios/4321303/index.json
 M public/data/municipios/4321329/index.json
 M public/data/municipios/4321352/index.json
 M public/data/municipios/4321402/index.json
 M public/data/municipios/4321436/index.json
 M public/data/municipios/4321451/index.json
 M public/data/municipios/4321469/index.json
 M public/data/municipios/4321477/index.json
 M public/data/municipios/4321493/index.json
 M public/data/municipios/4321501/index.json
 M public/data/municipios/4321600/index.json
 M public/data/municipios/4321626/index.json
 M public/data/municipios/4321634/index.json
 M public/data/municipios/4321667/index.json
 M public/data/municipios/4321709/index.json
 M public/data/municipios/4321808/index.json
 M public/data/municipios/4321832/index.json
 M public/data/municipios/4321857/index.json
 M public/data/municipios/4321907/index.json
 M public/data/municipios/4321956/index.json
 M public/data/municipios/4322004/index.json
 M public/data/municipios/4322103/index.json
 M public/data/municipios/4322152/index.json
 M public/data/municipios/4322186/index.json
 M public/data/municipios/4322202/index.json
 M public/data/municipios/4322251/index.json
 M public/data/municipios/4322301/index.json
 M public/data/municipios/4322327/index.json
 M public/data/municipios/4322343/index.json
 M public/data/municipios/4322350/index.json
 M public/data/municipios/4322376/index.json
 M public/data/municipios/4322400/index.json
 M public/data/municipios/4322509/index.json
 M public/data/municipios/4322525/index.json
 M public/data/municipios/4322533/index.json
 M public/data/municipios/4322541/index.json
 M public/data/municipios/4322558/index.json
 M public/data/municipios/4322608/index.json
 M public/data/municipios/4322707/index.json
 M public/data/municipios/4322806/index.json
 M public/data/municipios/4322855/index.json
 M public/data/municipios/4322905/index.json
 M public/data/municipios/4323002/index.json
 M public/data/municipios/4323101/index.json
 M public/data/municipios/4323200/index.json
 M public/data/municipios/4323309/index.json
 M public/data/municipios/4323358/index.json
 M public/data/municipios/4323408/index.json
 M public/data/municipios/4323457/index.json
 M public/data/municipios/4323507/index.json
 M public/data/municipios/4323606/index.json
 M public/data/municipios/4323705/index.json
 M public/data/municipios/4323754/index.json
 M public/data/municipios/4323770/index.json
 M public/data/municipios/4323804/index.json
 M public/data/municipios/acegua/index.json
 M public/data/municipios/agua-santa/index.json
 M public/data/municipios/agudo/index.json
 M public/data/municipios/ajuricaba/index.json
 M public/data/municipios/alecrim/index.json
 M public/data/municipios/alegrete/index.json
 M public/data/municipios/alegria/index.json
 M public/data/municipios/almirante-tamandare-do-sul/index.json
 M public/data/municipios/alpestre/index.json
 M public/data/municipios/alto-alegre/index.json
 M public/data/municipios/alto-feliz/index.json
 M public/data/municipios/alvorada/index.json
 M public/data/municipios/amaral-ferrador/index.json
 M public/data/municipios/ametista-do-sul/index.json
 M public/data/municipios/andre-da-rocha/index.json
 M public/data/municipios/anta-gorda/index.json
 M public/data/municipios/antonio-prado/index.json
 M public/data/municipios/arambare/index.json
 M public/data/municipios/ararica/index.json
 M public/data/municipios/aratiba/index.json
 M public/data/municipios/arroio-do-meio/index.json
 M public/data/municipios/arroio-do-padre/index.json
 M public/data/municipios/arroio-do-sal/index.json
 M public/data/municipios/arroio-do-tigre/index.json
 M public/data/municipios/arroio-dos-ratos/index.json
 M public/data/municipios/arroio-grande/index.json
 M public/data/municipios/arvorezinha/index.json
 M public/data/municipios/augusto-pestana/index.json
 M public/data/municipios/aurea/index.json
 M public/data/municipios/bage/index.json
 M public/data/municipios/balneario-pinhal/index.json
 M public/data/municipios/barao-de-cotegipe/index.json
 M public/data/municipios/barao-do-triunfo/index.json
 M public/data/municipios/barao/index.json
 M public/data/municipios/barra-do-guarita/index.json
 M public/data/municipios/barra-do-quarai/index.json
 M public/data/municipios/barra-do-ribeiro/index.json
 M public/data/municipios/barra-do-rio-azul/index.json
 M public/data/municipios/barra-funda/index.json
 M public/data/municipios/barracao/index.json
 M public/data/municipios/barros-cassal/index.json
 M public/data/municipios/benjamin-constant-do-sul/index.json
 M public/data/municipios/bento-goncalves/index.json
 M public/data/municipios/boa-vista-das-missoes/index.json
 M public/data/municipios/boa-vista-do-burica/index.json
 M public/data/municipios/boa-vista-do-cadeado/index.json
 M public/data/municipios/boa-vista-do-incra/index.json
 M public/data/municipios/boa-vista-do-sul/index.json
 M public/data/municipios/bom-jesus/index.json
 M public/data/municipios/bom-principio/index.json
 M public/data/municipios/bom-progresso/index.json
 M public/data/municipios/bom-retiro-do-sul/index.json
 M public/data/municipios/boqueirao-do-leao/index.json
 M public/data/municipios/bossoroca/index.json
 M public/data/municipios/bozano/index.json
 M public/data/municipios/braga/index.json
 M public/data/municipios/brochier/index.json
 M public/data/municipios/butia/index.json
 M public/data/municipios/cacapava-do-sul/index.json
 M public/data/municipios/cacequi/index.json
 M public/data/municipios/cachoeira-do-sul/index.json
 M public/data/municipios/cachoeirinha/index.json
 M public/data/municipios/cacique-doble/index.json
 M public/data/municipios/caibate/index.json
 M public/data/municipios/caicara/index.json
 M public/data/municipios/camaqua/index.json
 M public/data/municipios/camargo/index.json
 M public/data/municipios/cambara-do-sul/index.json
 M public/data/municipios/campestre-da-serra/index.json
 M public/data/municipios/campina-das-missoes/index.json
 M public/data/municipios/campinas-do-sul/index.json
 M public/data/municipios/campo-bom/index.json
 M public/data/municipios/campo-novo/index.json
 M public/data/municipios/campos-borges/index.json
 M public/data/municipios/candelaria/index.json
 M public/data/municipios/candido-godoi/index.json
 M public/data/municipios/candiota/index.json
 M public/data/municipios/canela/index.json
 M public/data/municipios/cangucu/index.json
 M public/data/municipios/canoas/index.json
 M public/data/municipios/canudos-do-vale/index.json
 M public/data/municipios/capao-bonito-do-sul/index.json
 M public/data/municipios/capao-da-canoa/index.json
 M public/data/municipios/capao-do-cipo/index.json
 M public/data/municipios/capao-do-leao/index.json
 M public/data/municipios/capela-de-santana/index.json
 M public/data/municipios/capitao/index.json
 M public/data/municipios/capivari-do-sul/index.json
 M public/data/municipios/caraa/index.json
 M public/data/municipios/carazinho/index.json
 M public/data/municipios/carlos-barbosa/index.json
 M public/data/municipios/carlos-gomes/index.json
 M public/data/municipios/casca/index.json
 M public/data/municipios/caseiros/index.json
 M public/data/municipios/catuipe/index.json
 M public/data/municipios/caxias-do-sul/index.json
 M public/data/municipios/centenario/index.json
 M public/data/municipios/cerrito/index.json
 M public/data/municipios/cerro-branco/index.json
 M public/data/municipios/cerro-grande-do-sul/index.json
 M public/data/municipios/cerro-grande/index.json
 M public/data/municipios/cerro-largo/index.json
 M public/data/municipios/chapada/index.json
 M public/data/municipios/charqueadas/index.json
 M public/data/municipios/charrua/index.json
 M public/data/municipios/chiapetta/index.json
 M public/data/municipios/chui/index.json
 M public/data/municipios/chuvisca/index.json
 M public/data/municipios/cidreira/index.json
 M public/data/municipios/ciriaco/index.json
 M public/data/municipios/colinas/index.json
 M public/data/municipios/colorado/index.json
 M public/data/municipios/condor/index.json
 M public/data/municipios/constantina/index.json
 M public/data/municipios/coqueiro-baixo/index.json
 M public/data/municipios/coqueiros-do-sul/index.json
 M public/data/municipios/coronel-barros/index.json
 M public/data/municipios/coronel-bicaco/index.json
 M public/data/municipios/coronel-pilar/index.json
 M public/data/municipios/cotipora/index.json
 M public/data/municipios/coxilha/index.json
 M public/data/municipios/crissiumal/index.json
 M public/data/municipios/cristal-do-sul/index.json
 M public/data/municipios/cristal/index.json
 M public/data/municipios/cruz-alta/index.json
 M public/data/municipios/cruzaltense/index.json
 M public/data/municipios/cruzeiro-do-sul/index.json
 M public/data/municipios/david-canabarro/index.json
 M public/data/municipios/derrubadas/index.json
 M public/data/municipios/dezesseis-de-novembro/index.json
 M public/data/municipios/dilermando-de-aguiar/index.json
 M public/data/municipios/dois-irmaos-das-missoes/index.json
 M public/data/municipios/dois-irmaos/index.json
 M public/data/municipios/dois-lajeados/index.json
 M public/data/municipios/dom-feliciano/index.json
 M public/data/municipios/dom-pedrito/index.json
 M public/data/municipios/dom-pedro-de-alcantara/index.json
 M public/data/municipios/dona-francisca/index.json
 M public/data/municipios/doutor-mauricio-cardoso/index.json
 M public/data/municipios/doutor-ricardo/index.json
 M public/data/municipios/eldorado-do-sul/index.json
 M public/data/municipios/encantado/index.json
 M public/data/municipios/encruzilhada-do-sul/index.json
 M public/data/municipios/engenho-velho/index.json
 M public/data/municipios/entre-ijuis/index.json
 M public/data/municipios/entre-rios-do-sul/index.json
 M public/data/municipios/erebango/index.json
 M public/data/municipios/erechim/index.json
 M public/data/municipios/ernestina/index.json
 M public/data/municipios/erval-grande/index.json
 M public/data/municipios/erval-seco/index.json
 M public/data/municipios/esmeralda/index.json
 M public/data/municipios/esperanca-do-sul/index.json
 M public/data/municipios/espumoso/index.json
 M public/data/municipios/estacao/index.json
 M public/data/municipios/estancia-velha/index.json
 M public/data/municipios/esteio/index.json
 M public/data/municipios/estrela-velha/index.json
 M public/data/municipios/estrela/index.json
 M public/data/municipios/eugenio-de-castro/index.json
 M public/data/municipios/fagundes-varela/index.json
 M public/data/municipios/farroupilha/index.json
 M public/data/municipios/faxinal-do-soturno/index.json
 M public/data/municipios/faxinalzinho/index.json
 M public/data/municipios/fazenda-vilanova/index.json
 M public/data/municipios/feliz/index.json
 M public/data/municipios/flores-da-cunha/index.json
 M public/data/municipios/floriano-peixoto/index.json
 M public/data/municipios/fontoura-xavier/index.json
 M public/data/municipios/formigueiro/index.json
 M public/data/municipios/forquetinha/index.json
 M public/data/municipios/fortaleza-dos-valos/index.json
 M public/data/municipios/frederico-westphalen/index.json
 M public/data/municipios/garibaldi/index.json
 M public/data/municipios/garruchos/index.json
 M public/data/municipios/gaurama/index.json
 M public/data/municipios/general-camara/index.json
 M public/data/municipios/gentil/index.json
 M public/data/municipios/getulio-vargas/index.json
 M public/data/municipios/girua/index.json
 M public/data/municipios/glorinha/index.json
 M public/data/municipios/gramado-dos-loureiros/index.json
 M public/data/municipios/gramado-xavier/index.json
 M public/data/municipios/gramado/index.json
 M public/data/municipios/gravatai/index.json
 M public/data/municipios/guabiju/index.json
 M public/data/municipios/guaiba/index.json
 M public/data/municipios/guapore/index.json
 M public/data/municipios/guarani-das-missoes/index.json
 M public/data/municipios/harmonia/index.json
 M public/data/municipios/herval/index.json
 M public/data/municipios/herveiras/index.json
 M public/data/municipios/horizontina/index.json
 M public/data/municipios/hulha-negra/index.json
 M public/data/municipios/humaita/index.json
 M public/data/municipios/ibarama/index.json
 M public/data/municipios/ibiaca/index.json
 M public/data/municipios/ibiraiaras/index.json
 M public/data/municipios/ibirapuita/index.json
 M public/data/municipios/ibiruba/index.json
 M public/data/municipios/igrejinha/index.json
 M public/data/municipios/ijui/index.json
 M public/data/municipios/ilopolis/index.json
 M public/data/municipios/imbe/index.json
 M public/data/municipios/imigrante/index.json
 M public/data/municipios/independencia/index.json
 M public/data/municipios/inhacora/index.json
 M public/data/municipios/ipe/index.json
 M public/data/municipios/ipiranga-do-sul/index.json
 M public/data/municipios/irai/index.json
 M public/data/municipios/itaara/index.json
 M public/data/municipios/itacurubi/index.json
 M public/data/municipios/itapuca/index.json
 M public/data/municipios/itaqui/index.json
 M public/data/municipios/itati/index.json
 M public/data/municipios/itatiba-do-sul/index.json
 M public/data/municipios/ivora/index.json
 M public/data/municipios/ivoti/index.json
 M public/data/municipios/jaboticaba/index.json
 M public/data/municipios/jacuizinho/index.json
 M public/data/municipios/jacutinga/index.json
 M public/data/municipios/jaguarao/index.json
 M public/data/municipios/jaguari/index.json
 M public/data/municipios/jaquirana/index.json
 M public/data/municipios/jari/index.json
 M public/data/municipios/joia/index.json
 M public/data/municipios/julio-de-castilhos/index.json
 M public/data/municipios/lagoa-bonita-do-sul/index.json
 M public/data/municipios/lagoa-dos-tres-cantos/index.json
 M public/data/municipios/lagoa-vermelha/index.json
 M public/data/municipios/lagoao/index.json
 M public/data/municipios/lajeado-do-bugre/index.json
 M public/data/municipios/lajeado/index.json
 M public/data/municipios/lavras-do-sul/index.json
 M public/data/municipios/liberato-salzano/index.json
 M public/data/municipios/lindolfo-collor/index.json
 M public/data/municipios/linha-nova/index.json
 M public/data/municipios/macambara/index.json
 M public/data/municipios/machadinho/index.json
 M public/data/municipios/mampituba/index.json
 M public/data/municipios/manoel-viana/index.json
 M public/data/municipios/maquine/index.json
 M public/data/municipios/marata/index.json
 M public/data/municipios/marau/index.json
 M public/data/municipios/marcelino-ramos/index.json
 M public/data/municipios/mariana-pimentel/index.json
 M public/data/municipios/mariano-moro/index.json
 M public/data/municipios/marques-de-souza/index.json
 M public/data/municipios/mata/index.json
 M public/data/municipios/mato-castelhano/index.json
 M public/data/municipios/mato-leitao/index.json
 M public/data/municipios/mato-queimado/index.json
 M public/data/municipios/maximiliano-de-almeida/index.json
 M public/data/municipios/minas-do-leao/index.json
 M public/data/municipios/miraguai/index.json
 M public/data/municipios/montauri/index.json
 M public/data/municipios/monte-alegre-dos-campos/index.json
 M public/data/municipios/monte-belo-do-sul/index.json
 M public/data/municipios/montenegro/index.json
 M public/data/municipios/mormaco/index.json
 M public/data/municipios/morrinhos-do-sul/index.json
 M public/data/municipios/morro-redondo/index.json
 M public/data/municipios/morro-reuter/index.json
 M public/data/municipios/mostardas/index.json
 M public/data/municipios/mucum/index.json
 M public/data/municipios/muitos-capoes/index.json
 M public/data/municipios/muliterno/index.json
 M public/data/municipios/nao-me-toque/index.json
 M public/data/municipios/nicolau-vergueiro/index.json
 M public/data/municipios/nonoai/index.json
 M public/data/municipios/nova-alvorada/index.json
 M public/data/municipios/nova-araca/index.json
 M public/data/municipios/nova-bassano/index.json
 M public/data/municipios/nova-boa-vista/index.json
 M public/data/municipios/nova-brescia/index.json
 M public/data/municipios/nova-candelaria/index.json
 M public/data/municipios/nova-esperanca-do-sul/index.json
 M public/data/municipios/nova-hartz/index.json
 M public/data/municipios/nova-padua/index.json
 M public/data/municipios/nova-palma/index.json
 M public/data/municipios/nova-petropolis/index.json
 M public/data/municipios/nova-prata/index.json
 M public/data/municipios/nova-ramada/index.json
 M public/data/municipios/nova-roma-do-sul/index.json
 M public/data/municipios/nova-santa-rita/index.json
 M public/data/municipios/novo-barreiro/index.json
 M public/data/municipios/novo-cabrais/index.json
 M public/data/municipios/novo-hamburgo/index.json
 M public/data/municipios/novo-machado/index.json
 M public/data/municipios/novo-tiradentes/index.json
 M public/data/municipios/novo-xingu/index.json
 M public/data/municipios/osorio/index.json
 M public/data/municipios/paim-filho/index.json
 M public/data/municipios/palmares-do-sul/index.json
 M public/data/municipios/palmeira-das-missoes/index.json
 M public/data/municipios/palmitinho/index.json
 M public/data/municipios/panambi/index.json
 M public/data/municipios/pantano-grande/index.json
 M public/data/municipios/parai/index.json
 M public/data/municipios/paraiso-do-sul/index.json
 M public/data/municipios/pareci-novo/index.json
 M public/data/municipios/parobe/index.json
 M public/data/municipios/passa-sete/index.json
 M public/data/municipios/passo-do-sobrado/index.json
 M public/data/municipios/passo-fundo/index.json
 M public/data/municipios/paulo-bento/index.json
 M public/data/municipios/paverama/index.json
 M public/data/municipios/pedras-altas/index.json
 M public/data/municipios/pedro-osorio/index.json
 M public/data/municipios/pejucara/index.json
 M public/data/municipios/pelotas/index.json
 M public/data/municipios/picada-cafe/index.json
 M public/data/municipios/pinhal-da-serra/index.json
 M public/data/municipios/pinhal-grande/index.json
 M public/data/municipios/pinhal/index.json
 M public/data/municipios/pinheirinho-do-vale/index.json
 M public/data/municipios/pinheiro-machado/index.json
 M public/data/municipios/pinto-bandeira/index.json
 M public/data/municipios/pirapo/index.json
 M public/data/municipios/piratini/index.json
 M public/data/municipios/planalto/index.json
 M public/data/municipios/poco-das-antas/index.json
 M public/data/municipios/pontao/index.json
 M public/data/municipios/ponte-preta/index.json
 M public/data/municipios/portao/index.json
 M public/data/municipios/porto-alegre/index.json
 M public/data/municipios/porto-lucena/index.json
 M public/data/municipios/porto-maua/index.json
 M public/data/municipios/porto-vera-cruz/index.json
 M public/data/municipios/porto-xavier/index.json
 M public/data/municipios/pouso-novo/index.json
 M public/data/municipios/presidente-lucena/index.json
 M public/data/municipios/progresso/index.json
 M public/data/municipios/protasio-alves/index.json
 M public/data/municipios/putinga/index.json
 M public/data/municipios/quarai/index.json
 M public/data/municipios/quatro-irmaos/index.json
 M public/data/municipios/quevedos/index.json
 M public/data/municipios/quinze-de-novembro/index.json
 M public/data/municipios/redentora/index.json
 M public/data/municipios/relvado/index.json
 M public/data/municipios/restinga-seca/index.json
 M public/data/municipios/rio-dos-indios/index.json
 M public/data/municipios/rio-grande/index.json
 M public/data/municipios/rio-pardo/index.json
 M public/data/municipios/riozinho/index.json
 M public/data/municipios/roca-sales/index.json
 M public/data/municipios/rodeio-bonito/index.json
 M public/data/municipios/rolador/index.json
 M public/data/municipios/rolante/index.json
 M public/data/municipios/ronda-alta/index.json
 M public/data/municipios/rondinha/index.json
 M public/data/municipios/roque-gonzales/index.json
 M public/data/municipios/rosario-do-sul/index.json
 M public/data/municipios/sagrada-familia/index.json
 M public/data/municipios/saldanha-marinho/index.json
 M public/data/municipios/salto-do-jacui/index.json
 M public/data/municipios/salvador-das-missoes/index.json
 M public/data/municipios/salvador-do-sul/index.json
 M public/data/municipios/sananduva/index.json
 M public/data/municipios/sant-ana-do-livramento/index.json
 M public/data/municipios/santa-barbara-do-sul/index.json
 M public/data/municipios/santa-cecilia-do-sul/index.json
 M public/data/municipios/santa-clara-do-sul/index.json
 M public/data/municipios/santa-cruz-do-sul/index.json
 M public/data/municipios/santa-margarida-do-sul/index.json
 M public/data/municipios/santa-maria-do-herval/index.json
 M public/data/municipios/santa-maria/index.json
 M public/data/municipios/santa-rosa/index.json
 M public/data/municipios/santa-tereza/index.json
 M public/data/municipios/santa-vitoria-do-palmar/index.json
 M public/data/municipios/santana-da-boa-vista/index.json
 M public/data/municipios/santiago/index.json
 M public/data/municipios/santo-angelo/index.json
 M public/data/municipios/santo-antonio-da-patrulha/index.json
 M public/data/municipios/santo-antonio-das-missoes/index.json
 M public/data/municipios/santo-antonio-do-palma/index.json
 M public/data/municipios/santo-antonio-do-planalto/index.json
 M public/data/municipios/santo-augusto/index.json
 M public/data/municipios/santo-cristo/index.json
 M public/data/municipios/santo-expedito-do-sul/index.json
 M public/data/municipios/sao-borja/index.json
 M public/data/municipios/sao-domingos-do-sul/index.json
 M public/data/municipios/sao-francisco-de-assis/index.json
 M public/data/municipios/sao-francisco-de-paula/index.json
 M public/data/municipios/sao-gabriel/index.json
 M public/data/municipios/sao-jeronimo/index.json
 M public/data/municipios/sao-joao-da-urtiga/index.json
 M public/data/municipios/sao-joao-do-polesine/index.json
 M public/data/municipios/sao-jorge/index.json
 M public/data/municipios/sao-jose-das-missoes/index.json
 M public/data/municipios/sao-jose-do-herval/index.json
 M public/data/municipios/sao-jose-do-hortencio/index.json
 M public/data/municipios/sao-jose-do-inhacora/index.json
 M public/data/municipios/sao-jose-do-norte/index.json
 M public/data/municipios/sao-jose-do-ouro/index.json
 M public/data/municipios/sao-jose-do-sul/index.json
 M public/data/municipios/sao-jose-dos-ausentes/index.json
 M public/data/municipios/sao-leopoldo/index.json
 M public/data/municipios/sao-lourenco-do-sul/index.json
 M public/data/municipios/sao-luiz-gonzaga/index.json
 M public/data/municipios/sao-marcos/index.json
 M public/data/municipios/sao-martinho-da-serra/index.json
 M public/data/municipios/sao-martinho/index.json
 M public/data/municipios/sao-miguel-das-missoes/index.json
 M public/data/municipios/sao-nicolau/index.json
 M public/data/municipios/sao-paulo-das-missoes/index.json
 M public/data/municipios/sao-pedro-da-serra/index.json
 M public/data/municipios/sao-pedro-das-missoes/index.json
 M public/data/municipios/sao-pedro-do-butia/index.json
 M public/data/municipios/sao-pedro-do-sul/index.json
 M public/data/municipios/sao-sebastiao-do-cai/index.json
 M public/data/municipios/sao-sepe/index.json
 M public/data/municipios/sao-valentim-do-sul/index.json
 M public/data/municipios/sao-valentim/index.json
 M public/data/municipios/sao-valerio-do-sul/index.json
 M public/data/municipios/sao-vendelino/index.json
 M public/data/municipios/sao-vicente-do-sul/index.json
 M public/data/municipios/sapiranga/index.json
 M public/data/municipios/sapucaia-do-sul/index.json
 M public/data/municipios/sarandi/index.json
 M public/data/municipios/seberi/index.json
 M public/data/municipios/sede-nova/index.json
 M public/data/municipios/segredo/index.json
 M public/data/municipios/selbach/index.json
 M public/data/municipios/senador-salgado-filho/index.json
 M public/data/municipios/sentinela-do-sul/index.json
 M public/data/municipios/serafina-correa/index.json
 M public/data/municipios/serio/index.json
 M public/data/municipios/sertao-santana/index.json
 M public/data/municipios/sertao/index.json
 M public/data/municipios/sete-de-setembro/index.json
 M public/data/municipios/severiano-de-almeida/index.json
 M public/data/municipios/silveira-martins/index.json
 M public/data/municipios/sinimbu/index.json
 M public/data/municipios/sobradinho/index.json
 M public/data/municipios/soledade/index.json
 M public/data/municipios/tabai/index.json
 M public/data/municipios/tapejara/index.json
 M public/data/municipios/tapera/index.json
 M public/data/municipios/tapes/index.json
 M public/data/municipios/taquara/index.json
 M public/data/municipios/taquari/index.json
 M public/data/municipios/taquarucu-do-sul/index.json
 M public/data/municipios/tavares/index.json
 M public/data/municipios/tenente-portela/index.json
 M public/data/municipios/terra-de-areia/index.json
 M public/data/municipios/teutonia/index.json
 M public/data/municipios/tio-hugo/index.json
 M public/data/municipios/tiradentes-do-sul/index.json
 M public/data/municipios/toropi/index.json
 M public/data/municipios/torres/index.json
 M public/data/municipios/tramandai/index.json
 M public/data/municipios/travesseiro/index.json
 M public/data/municipios/tres-arroios/index.json
 M public/data/municipios/tres-cachoeiras/index.json
 M public/data/municipios/tres-coroas/index.json
 M public/data/municipios/tres-de-maio/index.json
 M public/data/municipios/tres-forquilhas/index.json
 M public/data/municipios/tres-palmeiras/index.json
 M public/data/municipios/tres-passos/index.json
 M public/data/municipios/trindade-do-sul/index.json
 M public/data/municipios/triunfo/index.json
 M public/data/municipios/tucunduva/index.json
 M public/data/municipios/tunas/index.json
 M public/data/municipios/tupanci-do-sul/index.json
 M public/data/municipios/tupancireta/index.json
 M public/data/municipios/tupandi/index.json
 M public/data/municipios/tuparendi/index.json
 M public/data/municipios/turucu/index.json
 M public/data/municipios/ubiretama/index.json
 M public/data/municipios/uniao-da-serra/index.json
 M public/data/municipios/unistalda/index.json
 M public/data/municipios/uruguaiana/index.json
 M public/data/municipios/vacaria/index.json
 M public/data/municipios/vale-do-sol/index.json
 M public/data/municipios/vale-real/index.json
 M public/data/municipios/vale-verde/index.json
 M public/data/municipios/vanini/index.json
 M public/data/municipios/venancio-aires/index.json
 M public/data/municipios/vera-cruz/index.json
 M public/data/municipios/veranopolis/index.json
 M public/data/municipios/vespasiano-correa/index.json
 M public/data/municipios/viadutos/index.json
 M public/data/municipios/viamao/index.json
 M public/data/municipios/vicente-dutra/index.json
 M public/data/municipios/victor-graeff/index.json
 M public/data/municipios/vila-flores/index.json
 M public/data/municipios/vila-langaro/index.json
 M public/data/municipios/vila-maria/index.json
 M public/data/municipios/vila-nova-do-sul/index.json
 M public/data/municipios/vista-alegre-do-prata/index.json
 M public/data/municipios/vista-alegre/index.json
 M public/data/municipios/vista-gaucha/index.json
 M public/data/municipios/vitoria-das-missoes/index.json
 M public/data/municipios/westfalia/index.json
 M public/data/municipios/xangri-la/index.json
 M public/data/municipios_index.json
 M public/data/pne_2014_2024/referencia_estadual.json
 M public/data/pne_2026_2036/referencia_estadual.json
 M scripts/checks/verify-state-reference.cjs
 M src/AGENTS.md
 M src/app/AppPageRouter.tsx
 M src/components/DiagnosticPanel.jsx
 M src/components/EducationIndicatorCard.jsx
 M src/components/EducationSummaryCard.jsx
 M src/components/ExplorableIndicatorCardFrame.jsx
 M src/components/FinancialIndicatorPrimitives.jsx
 M src/dev-ui/AGENTS.md
 M src/features/education/EducationPage.tsx
 M src/features/education/components/EducationCompactHeader.tsx
 M src/features/education/components/EducationDemandSection.tsx
 M src/features/education/components/EducationMethodologySection.tsx
 M src/features/education/components/EducationOverviewSection.tsx
 M src/features/education/educationViewModels.ts
 M src/pages/Diagnostico.jsx
 M src/styles/education-pages.css
 M src/styles/financial-pages.css
 M src/styles/institutional-refresh.css
 M src/styles/platform-ui.css
?? artifacts/diagnostico-methodology-2026-07-19/
?? artifacts/diagnostico-p0-p1/
?? artifacts/diagnostico-rs-financiamento-2026-07-19/
?? artifacts/diagnostico-stabilization-2026-07-19/
?? data_pipeline/src/municipal_diagnostic.py
?? data_pipeline/tests/test_municipal_diagnostic.py
?? data_pipeline/tests/test_municipal_diagnostic_payloads.py
?? docs/DIAGNOSTICO_MUNICIPAL_AUDITORIA.md
?? docs/DIAGNOSTICO_MUNICIPAL_IMPLEMENTACAO.md
?? docs/DIAGNOSTICO_MUNICIPAL_IMPLEMENTACAO_P0_P1.md
?? docs/DIAGNOSTICO_MUNICIPAL_IMPLEMENTACAO_RS_FINANCIAMENTO.md
?? docs/DIAGNOSTICO_MUNICIPAL_SCHEMA_V2.md
?? docs/MAPA_FONTES_FINANCIAMENTO.md
?? docs/METODOLOGIA_PRIORIZACAO_PROPOSTA.md
?? docs/NOVA_SANTA_RITA_DIAGNOSTICO_EXEMPLO.md
?? docs/data/
?? scripts/checks/diagnostic-contract.test.mjs
?? scripts/checks/diagnostic-e2e-test.cjs
?? scripts/generate-diagnostic-audit-catalog.mjs
?? scripts/generate-diagnostic-case-study.mjs
?? src/data/diagnostic/
?? src/features/diagnostic/
[update-data] Alteracoes fora de public/data impedem o update completo:
  - AGENTS.md
  - README.md
  - data_pipeline/AGENTS.md
  - data_pipeline/scripts/export_static_data.py
  - data_pipeline/scripts/partition_static_data.py
  - data_pipeline/src/pne_state_reference.py
  - data_pipeline/src/views/diagnostico.py
  - docs/CATALOGO_VISUAL.md
  - docs/DESIGN_SYSTEM.md
  - docs/GUIA_DE_DESIGN.md
  - docs/METODOLOGIA_EJA_ARTICULADA_EDUCACAO_PROFISSIONAL.md
  - docs/PLANO_MIGRACAO_UI.md
  - docs/REGRESSAO_VISUAL_DEV_UI.md
  - docs/pne2026_state_reference_methodology.md
  - package.json
  - scripts/checks/verify-state-reference.cjs
  - src/AGENTS.md
  - src/app/AppPageRouter.tsx
  - src/components/DiagnosticPanel.jsx
  - src/components/EducationIndicatorCard.jsx
  - src/components/EducationSummaryCard.jsx
  - src/components/ExplorableIndicatorCardFrame.jsx
  - src/components/FinancialIndicatorPrimitives.jsx
  - src/dev-ui/AGENTS.md
  - src/features/education/EducationPage.tsx
  - src/features/education/components/EducationCompactHeader.tsx
  - src/features/education/components/EducationDemandSection.tsx
  - src/features/education/components/EducationMethodologySection.tsx
  - src/features/education/components/EducationOverviewSection.tsx
  - src/features/education/educationViewModels.ts
  - src/pages/Diagnostico.jsx
  - src/styles/education-pages.css
  - src/styles/financial-pages.css
  - src/styles/institutional-refresh.css
  - src/styles/platform-ui.css
  - artifacts/diagnostico-methodology-2026-07-19/
  - artifacts/diagnostico-p0-p1/
  - artifacts/diagnostico-rs-financiamento-2026-07-19/
  - artifacts/diagnostico-stabilization-2026-07-19/
  - data_pipeline/src/municipal_diagnostic.py
  - data_pipeline/tests/test_municipal_diagnostic.py
  - data_pipeline/tests/test_municipal_diagnostic_payloads.py
  - docs/DIAGNOSTICO_MUNICIPAL_AUDITORIA.md
  - docs/DIAGNOSTICO_MUNICIPAL_IMPLEMENTACAO.md
  - docs/DIAGNOSTICO_MUNICIPAL_IMPLEMENTACAO_P0_P1.md
  - docs/DIAGNOSTICO_MUNICIPAL_IMPLEMENTACAO_RS_FINANCIAMENTO.md
  - docs/DIAGNOSTICO_MUNICIPAL_SCHEMA_V2.md
  - docs/MAPA_FONTES_FINANCIAMENTO.md
  - docs/METODOLOGIA_PRIORIZACAO_PROPOSTA.md
  - docs/NOVA_SANTA_RITA_DIAGNOSTICO_EXEMPLO.md
  - docs/data/
  - scripts/checks/diagnostic-contract.test.mjs
  - scripts/checks/diagnostic-e2e-test.cjs
  - scripts/generate-diagnostic-audit-catalog.mjs
  - scripts/generate-diagnostic-case-study.mjs
  - src/data/diagnostic/
  - src/features/diagnostic/
