[2m21:41:13[22m [31m[1m[vite][22m[39m [31m[2m(client)[22m[39m [2m[console.error] [22m[vite] SyntaxError: The requested module '/src/data/staticData.ts' does not provide an export named 'loadMunicipioDiagnostic'
[2m21:41:13[22m [31m[1m[vite][22m[39m [31m[2m(client)[22m[39m [2m[console.error] [22m[vite] Failed to reload /src/pages/Diagnostico.jsx. This could be due to syntax errors or importing non-existent modules. (see errors above)
[2m21:41:48[22m [31m[1m[vite][22m[39m [31m[2m(client)[22m[39m [2m[console.error] [22m[vite] SyntaxError: The requested module '/src/data/staticData.ts' does not provide an export named 'loadMunicipioDiagnostic'
[2m21:41:48[22m [31m[1m[vite][22m[39m [31m[2m(client)[22m[39m [2m[console.error] [22m[vite] Failed to reload /src/pages/Diagnostico.jsx. This could be due to syntax errors or importing non-existent modules. (see errors above)
[2m22:23:41[22m [31m[1m[vite][22m[39m [31m[2m(client)[22m[39m [2m[console.error] [22mSyntaxError: The requested module '/src/data/staticData.ts' does not provide an export named 'loadMunicipioDiagnostic'

The above error occurred in one of your React components.

React will try to recreate this component tree from scratch using the error boundary you provided, PageLoadBoundary.

[2m22:25:16[22m [31m[1m[vite][22m[39m [31m[2m(client)[22m[39m [2m[console.error] [22mSyntaxError: The requested module '/src/data/staticData.ts' does not provide an export named 'loadMunicipioDiagnostic'

The above error occurred in one of your React components.

React will try to recreate this component tree from scratch using the error boundary you provided, PageLoadBoundary.

[2m22:27:46[22m [31m[1m[vite][22m[39m [31m[2m(client)[22m[39m [2m[console.error] [22m[vite] SyntaxError: The requested module '/src/data/staticData.ts' does not provide an export named 'loadMunicipioDiagnostic'
[2m22:27:46[22m [31m[1m[vite][22m[39m [31m[2m(client)[22m[39m [2m[console.error] [22m[vite] Failed to reload /src/pages/Diagnostico.jsx. This could be due to syntax errors or importing non-existent modules. (see errors above)
[2m22:28:35[22m [31m[1m[vite][22m[39m [31m[2m(client)[22m[39m [2m[console.error] [22m[vite] SyntaxError: The requested module '/src/data/staticData.ts' does not provide an export named 'loadMunicipioDiagnostic'
[2m22:28:35[22m [31m[1m[vite][22m[39m [31m[2m(client)[22m[39m [2m[console.error] [22m[vite] Failed to reload /src/pages/Diagnostico.jsx. This could be due to syntax errors or importing non-existent modules. (see errors above)
[2m22:59:34[22m [31m[1m[vite][22m[39m [31m[2m(client)[22m[39m Pre-transform error: Transform failed with 1 error:

[31m[PARSE_ERROR] [0mExpected a semicolon or an implicit semicolon after a statement, but found none
     [38;5;246m╭[0m[38;5;246m─[0m[38;5;246m[[0m src/features/diagnostic/diagnosticPresentation.js:581:17 [38;5;246m][0m
     [38;5;246m│[0m
 [38;5;246m581 │[0m [38;5;249m [0m[38;5;249m [0m[38;5;249m [0m[38;5;249m [0m[38;5;249m [0m[38;5;249m [0m[38;5;249mm[0m[38;5;249mo[0m[38;5;249mn[0m[38;5;249mi[0m[38;5;249mt[0m[38;5;249mo[0m[38;5;249mr[0m[38;5;249mi[0m[38;5;249mn[0m[38;5;249mg[0m[38;5;249m:[0m[38;5;249m [0m[38;5;249mt[0m[38;5;249mh[0m[38;5;249me[0m[38;5;249mm[0m[38;5;249me[0m[38;5;249m.[0m[38;5;249mm[0m[38;5;249mo[0m[38;5;249mn[0m[38;5;249mi[0m[38;5;249mt[0m[38;5;249mo[0m[38;5;249mr[0m[38;5;249mi[0m[38;5;249mn[0m[38;5;249mg[0m[38;5;249mI[0m[38;5;249mn[0m[38;5;249md[0m[38;5;249mi[0m[38;5;249mc[0m[38;5;249ma[0m[38;5;249mt[0m[38;5;249mo[0m[38;5;249mr[0m[38;5;249ms[0m[38;5;249m [0m[38;5;249m?[0m[38;5;249m?[0m[38;5;249m [0m[38;5;249m0[0m[38;5;249m,[0m
 [38;5;240m    │[0m                 │ 
 [38;5;240m    │[0m                 ╰─ 
 [38;5;240m    │[0m 
 [38;5;240m    │[0m [38;5;115mHelp[0m: Try inserting a semicolon here
[38;5;246m─────╯[0m

  Plugin: [35mvite:oxc[39m
  File: [36mC:/Users/rnbirck/PROJETOS/DASHBOARD-PNE-REACT/src/features/diagnostic/diagnosticPresentation.js[39m
[2m22:59:34[22m [31m[1m[vite][22m[39m [31m[2m(client)[22m[39m Pre-transform error: Transform failed with 1 error:

[31m[PARSE_ERROR] [0mExpected a semicolon or an implicit semicolon after a statement, but found none
     [38;5;246m╭[0m[38;5;246m─[0m[38;5;246m[[0m src/features/diagnostic/diagnosticPresentation.js:581:17 [38;5;246m][0m
     [38;5;246m│[0m
 [38;5;246m581 │[0m [38;5;249m [0m[38;5;249m [0m[38;5;249m [0m[38;5;249m [0m[38;5;249m [0m[38;5;249m [0m[38;5;249mm[0m[38;5;249mo[0m[38;5;249mn[0m[38;5;249mi[0m[38;5;249mt[0m[38;5;249mo[0m[38;5;249mr[0m[38;5;249mi[0m[38;5;249mn[0m[38;5;249mg[0m[38;5;249m:[0m[38;5;249m [0m[38;5;249mt[0m[38;5;249mh[0m[38;5;249me[0m[38;5;249mm[0m[38;5;249me[0m[38;5;249m.[0m[38;5;249mm[0m[38;5;249mo[0m[38;5;249mn[0m[38;5;249mi[0m[38;5;249mt[0m[38;5;249mo[0m[38;5;249mr[0m[38;5;249mi[0m[38;5;249mn[0m[38;5;249mg[0m[38;5;249mI[0m[38;5;249mn[0m[38;5;249md[0m[38;5;249mi[0m[38;5;249mc[0m[38;5;249ma[0m[38;5;249mt[0m[38;5;249mo[0m[38;5;249mr[0m[38;5;249ms[0m[38;5;249m [0m[38;5;249m?[0m[38;5;249m?[0m[38;5;249m [0m[38;5;249m0[0m[38;5;249m,[0m
 [38;5;240m    │[0m                 │ 
 [38;5;240m    │[0m                 ╰─ 
 [38;5;240m    │[0m 
 [38;5;240m    │[0m [38;5;115mHelp[0m: Try inserting a semicolon here
[38;5;246m─────╯[0m

  Plugin: [35mvite:oxc[39m
  File: [36mC:/Users/rnbirck/PROJETOS/DASHBOARD-PNE-REACT/src/features/diagnostic/diagnosticPresentation.js[39m
[2m22:59:34[22m [31m[1m[vite][22m[39m [31mInternal server error: Transform failed with 1 error:

[31m[PARSE_ERROR] [0mExpected a semicolon or an implicit semicolon after a statement, but found none
     [38;5;246m╭[0m[38;5;246m─[0m[38;5;246m[[0m src/features/diagnostic/diagnosticPresentation.js:581:17 [38;5;246m][0m
     [38;5;246m│[0m
 [38;5;246m581 │[0m [38;5;249m [0m[38;5;249m [0m[38;5;249m [0m[38;5;249m [0m[38;5;249m [0m[38;5;249m [0m[38;5;249mm[0m[38;5;249mo[0m[38;5;249mn[0m[38;5;249mi[0m[38;5;249mt[0m[38;5;249mo[0m[38;5;249mr[0m[38;5;249mi[0m[38;5;249mn[0m[38;5;249mg[0m[38;5;249m:[0m[38;5;249m [0m[38;5;249mt[0m[38;5;249mh[0m[38;5;249me[0m[38;5;249mm[0m[38;5;249me[0m[38;5;249m.[0m[38;5;249mm[0m[38;5;249mo[0m[38;5;249mn[0m[38;5;249mi[0m[38;5;249mt[0m[38;5;249mo[0m[38;5;249mr[0m[38;5;249mi[0m[38;5;249mn[0m[38;5;249mg[0m[38;5;249mI[0m[38;5;249mn[0m[38;5;249md[0m[38;5;249mi[0m[38;5;249mc[0m[38;5;249ma[0m[38;5;249mt[0m[38;5;249mo[0m[38;5;249mr[0m[38;5;249ms[0m[38;5;249m [0m[38;5;249m?[0m[38;5;249m?[0m[38;5;249m [0m[38;5;249m0[0m[38;5;249m,[0m
 [38;5;240m    │[0m                 │ 
 [38;5;240m    │[0m                 ╰─ 
 [38;5;240m    │[0m 
 [38;5;240m    │[0m [38;5;115mHelp[0m: Try inserting a semicolon here
[38;5;246m─────╯[0m
[39m
  Plugin: [35mvite:oxc[39m
  File: [36mC:/Users/rnbirck/PROJETOS/DASHBOARD-PNE-REACT/src/features/diagnostic/diagnosticPresentation.js[39m
      at transformWithOxc (file:///C:/Users/rnbirck/PROJETOS/DASHBOARD-PNE-REACT/node_modules/vite/dist/node/chunks/node.js:4017:19)
      at TransformPluginContext.transform (file:///C:/Users/rnbirck/PROJETOS/DASHBOARD-PNE-REACT/node_modules/vite/dist/node/chunks/node.js:4088:26)
      at EnvironmentPluginContainer.transform (file:///C:/Users/rnbirck/PROJETOS/DASHBOARD-PNE-REACT/node_modules/vite/dist/node/chunks/node.js:30151:51)
      at async loadAndTransform (file:///C:/Users/rnbirck/PROJETOS/DASHBOARD-PNE-REACT/node_modules/vite/dist/node/chunks/node.js:20098:26)
      at async viteTransformMiddleware (file:///C:/Users/rnbirck/PROJETOS/DASHBOARD-PNE-REACT/node_modules/vite/dist/node/chunks/node.js:24559:20)
[2m22:59:34[22m [31m[1m[vite][22m[39m [31m[2m(client)[22m[39m [2m[console.error] [22m[vite] Failed to reload /src/components/DiagnosticPanel.jsx. This could be due to syntax errors or importing non-existent modules. (see errors above)
[2m22:59:34[22m [31m[1m[vite][22m[39m [31m[2m(client)[22m[39m [2m[console.error] [22m[vite] Failed to reload /src/pages/Diagnostico.jsx. This could be due to syntax errors or importing non-existent modules. (see errors above)
[2m22:59:58[22m [31m[1m[vite][22m[39m [31m[2m(client)[22m[39m Pre-transform error: Transform failed with 1 error:

[31m[PARSE_ERROR] [0mExpected a semicolon or an implicit semicolon after a statement, but found none
     [38;5;246m╭[0m[38;5;246m─[0m[38;5;246m[[0m src/features/diagnostic/diagnosticPresentation.js:595:17 [38;5;246m][0m
     [38;5;246m│[0m
 [38;5;246m595 │[0m [38;5;249m [0m[38;5;249m [0m[38;5;249m [0m[38;5;249m [0m[38;5;249m [0m[38;5;249m [0m[38;5;249mm[0m[38;5;249mo[0m[38;5;249mn[0m[38;5;249mi[0m[38;5;249mt[0m[38;5;249mo[0m[38;5;249mr[0m[38;5;249mi[0m[38;5;249mn[0m[38;5;249mg[0m[38;5;249m:[0m[38;5;249m [0m[38;5;249mt[0m[38;5;249mh[0m[38;5;249me[0m[38;5;249mm[0m[38;5;249me[0m[38;5;249m.[0m[38;5;249mm[0m[38;5;249mo[0m[38;5;249mn[0m[38;5;249mi[0m[38;5;249mt[0m[38;5;249mo[0m[38;5;249mr[0m[38;5;249mi[0m[38;5;249mn[0m[38;5;249mg[0m[38;5;249mI[0m[38;5;249mn[0m[38;5;249md[0m[38;5;249mi[0m[38;5;249mc[0m[38;5;249ma[0m[38;5;249mt[0m[38;5;249mo[0m[38;5;249mr[0m[38;5;249ms[0m[38;5;249m [0m[38;5;249m?[0m[38;5;249m?[0m[38;5;249m [0m[38;5;249m0[0m[38;5;249m,[0m
 [38;5;240m    │[0m                 │ 
 [38;5;240m    │[0m                 ╰─ 
 [38;5;240m    │[0m 
 [38;5;240m    │[0m [38;5;115mHelp[0m: Try inserting a semicolon here
[38;5;246m─────╯[0m

  Plugin: [35mvite:oxc[39m
  File: [36mC:/Users/rnbirck/PROJETOS/DASHBOARD-PNE-REACT/src/features/diagnostic/diagnosticPresentation.js[39m
[2m22:59:58[22m [31m[1m[vite][22m[39m [31m[2m(client)[22m[39m Pre-transform error: Transform failed with 1 error:

[31m[PARSE_ERROR] [0mExpected a semicolon or an implicit semicolon after a statement, but found none
     [38;5;246m╭[0m[38;5;246m─[0m[38;5;246m[[0m src/features/diagnostic/diagnosticPresentation.js:595:17 [38;5;246m][0m
     [38;5;246m│[0m
 [38;5;246m595 │[0m [38;5;249m [0m[38;5;249m [0m[38;5;249m [0m[38;5;249m [0m[38;5;249m [0m[38;5;249m [0m[38;5;249mm[0m[38;5;249mo[0m[38;5;249mn[0m[38;5;249mi[0m[38;5;249mt[0m[38;5;249mo[0m[38;5;249mr[0m[38;5;249mi[0m[38;5;249mn[0m[38;5;249mg[0m[38;5;249m:[0m[38;5;249m [0m[38;5;249mt[0m[38;5;249mh[0m[38;5;249me[0m[38;5;249mm[0m[38;5;249me[0m[38;5;249m.[0m[38;5;249mm[0m[38;5;249mo[0m[38;5;249mn[0m[38;5;249mi[0m[38;5;249mt[0m[38;5;249mo[0m[38;5;249mr[0m[38;5;249mi[0m[38;5;249mn[0m[38;5;249mg[0m[38;5;249mI[0m[38;5;249mn[0m[38;5;249md[0m[38;5;249mi[0m[38;5;249mc[0m[38;5;249ma[0m[38;5;249mt[0m[38;5;249mo[0m[38;5;249mr[0m[38;5;249ms[0m[38;5;249m [0m[38;5;249m?[0m[38;5;249m?[0m[38;5;249m [0m[38;5;249m0[0m[38;5;249m,[0m
 [38;5;240m    │[0m                 │ 
 [38;5;240m    │[0m                 ╰─ 
 [38;5;240m    │[0m 
 [38;5;240m    │[0m [38;5;115mHelp[0m: Try inserting a semicolon here
[38;5;246m─────╯[0m

  Plugin: [35mvite:oxc[39m
  File: [36mC:/Users/rnbirck/PROJETOS/DASHBOARD-PNE-REACT/src/features/diagnostic/diagnosticPresentation.js[39m
[2m22:59:58[22m [31m[1m[vite][22m[39m [31mInternal server error: Transform failed with 1 error:

[31m[PARSE_ERROR] [0mExpected a semicolon or an implicit semicolon after a statement, but found none
     [38;5;246m╭[0m[38;5;246m─[0m[38;5;246m[[0m src/features/diagnostic/diagnosticPresentation.js:595:17 [38;5;246m][0m
     [38;5;246m│[0m
 [38;5;246m595 │[0m [38;5;249m [0m[38;5;249m [0m[38;5;249m [0m[38;5;249m [0m[38;5;249m [0m[38;5;249m [0m[38;5;249mm[0m[38;5;249mo[0m[38;5;249mn[0m[38;5;249mi[0m[38;5;249mt[0m[38;5;249mo[0m[38;5;249mr[0m[38;5;249mi[0m[38;5;249mn[0m[38;5;249mg[0m[38;5;249m:[0m[38;5;249m [0m[38;5;249mt[0m[38;5;249mh[0m[38;5;249me[0m[38;5;249mm[0m[38;5;249me[0m[38;5;249m.[0m[38;5;249mm[0m[38;5;249mo[0m[38;5;249mn[0m[38;5;249mi[0m[38;5;249mt[0m[38;5;249mo[0m[38;5;249mr[0m[38;5;249mi[0m[38;5;249mn[0m[38;5;249mg[0m[38;5;249mI[0m[38;5;249mn[0m[38;5;249md[0m[38;5;249mi[0m[38;5;249mc[0m[38;5;249ma[0m[38;5;249mt[0m[38;5;249mo[0m[38;5;249mr[0m[38;5;249ms[0m[38;5;249m [0m[38;5;249m?[0m[38;5;249m?[0m[38;5;249m [0m[38;5;249m0[0m[38;5;249m,[0m
 [38;5;240m    │[0m                 │ 
 [38;5;240m    │[0m                 ╰─ 
 [38;5;240m    │[0m 
 [38;5;240m    │[0m [38;5;115mHelp[0m: Try inserting a semicolon here
[38;5;246m─────╯[0m
[39m
  Plugin: [35mvite:oxc[39m
  File: [36mC:/Users/rnbirck/PROJETOS/DASHBOARD-PNE-REACT/src/features/diagnostic/diagnosticPresentation.js[39m
      at transformWithOxc (file:///C:/Users/rnbirck/PROJETOS/DASHBOARD-PNE-REACT/node_modules/vite/dist/node/chunks/node.js:4017:19)
      at TransformPluginContext.transform (file:///C:/Users/rnbirck/PROJETOS/DASHBOARD-PNE-REACT/node_modules/vite/dist/node/chunks/node.js:4088:26)
      at EnvironmentPluginContainer.transform (file:///C:/Users/rnbirck/PROJETOS/DASHBOARD-PNE-REACT/node_modules/vite/dist/node/chunks/node.js:30151:51)
      at async loadAndTransform (file:///C:/Users/rnbirck/PROJETOS/DASHBOARD-PNE-REACT/node_modules/vite/dist/node/chunks/node.js:20098:26)
      at async viteTransformMiddleware (file:///C:/Users/rnbirck/PROJETOS/DASHBOARD-PNE-REACT/node_modules/vite/dist/node/chunks/node.js:24559:20)
[2m22:59:58[22m [31m[1m[vite][22m[39m [31m[2m(client)[22m[39m [2m[console.error] [22m[vite] Failed to reload /src/pages/Diagnostico.jsx. This could be due to syntax errors or importing non-existent modules. (see errors above)
[2m22:59:58[22m [31m[1m[vite][22m[39m [31m[2m(client)[22m[39m [2m[console.error] [22m[vite] Failed to reload /src/components/DiagnosticPanel.jsx. This could be due to syntax errors or importing non-existent modules. (see errors above)
[2m23:00:09[22m [31m[1m[vite][22m[39m [31m[2m(client)[22m[39m Pre-transform error: Transform failed with 1 error:

[31m[PARSE_ERROR] [0mExpected a semicolon or an implicit semicolon after a statement, but found none
     [38;5;246m╭[0m[38;5;246m─[0m[38;5;246m[[0m src/features/diagnostic/diagnosticPresentation.js:604:17 [38;5;246m][0m
     [38;5;246m│[0m
 [38;5;246m604 │[0m [38;5;249m [0m[38;5;249m [0m[38;5;249m [0m[38;5;249m [0m[38;5;249m [0m[38;5;249m [0m[38;5;249mm[0m[38;5;249mo[0m[38;5;249mn[0m[38;5;249mi[0m[38;5;249mt[0m[38;5;249mo[0m[38;5;249mr[0m[38;5;249mi[0m[38;5;249mn[0m[38;5;249mg[0m[38;5;249m:[0m[38;5;249m [0m[38;5;249mt[0m[38;5;249mh[0m[38;5;249me[0m[38;5;249mm[0m[38;5;249me[0m[38;5;249m.[0m[38;5;249mm[0m[38;5;249mo[0m[38;5;249mn[0m[38;5;249mi[0m[38;5;249mt[0m[38;5;249mo[0m[38;5;249mr[0m[38;5;249mi[0m[38;5;249mn[0m[38;5;249mg[0m[38;5;249mI[0m[38;5;249mn[0m[38;5;249md[0m[38;5;249mi[0m[38;5;249mc[0m[38;5;249ma[0m[38;5;249mt[0m[38;5;249mo[0m[38;5;249mr[0m[38;5;249ms[0m[38;5;249m [0m[38;5;249m?[0m[38;5;249m?[0m[38;5;249m [0m[38;5;249m0[0m[38;5;249m,[0m
 [38;5;240m    │[0m                 │ 
 [38;5;240m    │[0m                 ╰─ 
 [38;5;240m    │[0m 
 [38;5;240m    │[0m [38;5;115mHelp[0m: Try inserting a semicolon here
[38;5;246m─────╯[0m

  Plugin: [35mvite:oxc[39m
  File: [36mC:/Users/rnbirck/PROJETOS/DASHBOARD-PNE-REACT/src/features/diagnostic/diagnosticPresentation.js[39m
[2m23:00:09[22m [31m[1m[vite][22m[39m [31m[2m(client)[22m[39m Pre-transform error: Transform failed with 1 error:

[31m[PARSE_ERROR] [0mExpected a semicolon or an implicit semicolon after a statement, but found none
     [38;5;246m╭[0m[38;5;246m─[0m[38;5;246m[[0m src/features/diagnostic/diagnosticPresentation.js:604:17 [38;5;246m][0m
     [38;5;246m│[0m
 [38;5;246m604 │[0m [38;5;249m [0m[38;5;249m [0m[38;5;249m [0m[38;5;249m [0m[38;5;249m [0m[38;5;249m [0m[38;5;249mm[0m[38;5;249mo[0m[38;5;249mn[0m[38;5;249mi[0m[38;5;249mt[0m[38;5;249mo[0m[38;5;249mr[0m[38;5;249mi[0m[38;5;249mn[0m[38;5;249mg[0m[38;5;249m:[0m[38;5;249m [0m[38;5;249mt[0m[38;5;249mh[0m[38;5;249me[0m[38;5;249mm[0m[38;5;249me[0m[38;5;249m.[0m[38;5;249mm[0m[38;5;249mo[0m[38;5;249mn[0m[38;5;249mi[0m[38;5;249mt[0m[38;5;249mo[0m[38;5;249mr[0m[38;5;249mi[0m[38;5;249mn[0m[38;5;249mg[0m[38;5;249mI[0m[38;5;249mn[0m[38;5;249md[0m[38;5;249mi[0m[38;5;249mc[0m[38;5;249ma[0m[38;5;249mt[0m[38;5;249mo[0m[38;5;249mr[0m[38;5;249ms[0m[38;5;249m [0m[38;5;249m?[0m[38;5;249m?[0m[38;5;249m [0m[38;5;249m0[0m[38;5;249m,[0m
 [38;5;240m    │[0m                 │ 
 [38;5;240m    │[0m                 ╰─ 
 [38;5;240m    │[0m 
 [38;5;240m    │[0m [38;5;115mHelp[0m: Try inserting a semicolon here
[38;5;246m─────╯[0m

  Plugin: [35mvite:oxc[39m
  File: [36mC:/Users/rnbirck/PROJETOS/DASHBOARD-PNE-REACT/src/features/diagnostic/diagnosticPresentation.js[39m
[2m23:00:09[22m [31m[1m[vite][22m[39m [31mInternal server error: Transform failed with 1 error:

[31m[PARSE_ERROR] [0mExpected a semicolon or an implicit semicolon after a statement, but found none
     [38;5;246m╭[0m[38;5;246m─[0m[38;5;246m[[0m src/features/diagnostic/diagnosticPresentation.js:604:17 [38;5;246m][0m
     [38;5;246m│[0m
 [38;5;246m604 │[0m [38;5;249m [0m[38;5;249m [0m[38;5;249m [0m[38;5;249m [0m[38;5;249m [0m[38;5;249m [0m[38;5;249mm[0m[38;5;249mo[0m[38;5;249mn[0m[38;5;249mi[0m[38;5;249mt[0m[38;5;249mo[0m[38;5;249mr[0m[38;5;249mi[0m[38;5;249mn[0m[38;5;249mg[0m[38;5;249m:[0m[38;5;249m [0m[38;5;249mt[0m[38;5;249mh[0m[38;5;249me[0m[38;5;249mm[0m[38;5;249me[0m[38;5;249m.[0m[38;5;249mm[0m[38;5;249mo[0m[38;5;249mn[0m[38;5;249mi[0m[38;5;249mt[0m[38;5;249mo[0m[38;5;249mr[0m[38;5;249mi[0m[38;5;249mn[0m[38;5;249mg[0m[38;5;249mI[0m[38;5;249mn[0m[38;5;249md[0m[38;5;249mi[0m[38;5;249mc[0m[38;5;249ma[0m[38;5;249mt[0m[38;5;249mo[0m[38;5;249mr[0m[38;5;249ms[0m[38;5;249m [0m[38;5;249m?[0m[38;5;249m?[0m[38;5;249m [0m[38;5;249m0[0m[38;5;249m,[0m
 [38;5;240m    │[0m                 │ 
 [38;5;240m    │[0m                 ╰─ 
 [38;5;240m    │[0m 
 [38;5;240m    │[0m [38;5;115mHelp[0m: Try inserting a semicolon here
[38;5;246m─────╯[0m
[39m
  Plugin: [35mvite:oxc[39m
  File: [36mC:/Users/rnbirck/PROJETOS/DASHBOARD-PNE-REACT/src/features/diagnostic/diagnosticPresentation.js[39m
      at transformWithOxc (file:///C:/Users/rnbirck/PROJETOS/DASHBOARD-PNE-REACT/node_modules/vite/dist/node/chunks/node.js:4017:19)
      at TransformPluginContext.transform (file:///C:/Users/rnbirck/PROJETOS/DASHBOARD-PNE-REACT/node_modules/vite/dist/node/chunks/node.js:4088:26)
      at EnvironmentPluginContainer.transform (file:///C:/Users/rnbirck/PROJETOS/DASHBOARD-PNE-REACT/node_modules/vite/dist/node/chunks/node.js:30151:51)
      at async loadAndTransform (file:///C:/Users/rnbirck/PROJETOS/DASHBOARD-PNE-REACT/node_modules/vite/dist/node/chunks/node.js:20098:26)
      at async viteTransformMiddleware (file:///C:/Users/rnbirck/PROJETOS/DASHBOARD-PNE-REACT/node_modules/vite/dist/node/chunks/node.js:24559:20)
[2m23:00:09[22m [31m[1m[vite][22m[39m [31m[2m(client)[22m[39m [2m[console.error] [22m[vite] Failed to reload /src/pages/Diagnostico.jsx. This could be due to syntax errors or importing non-existent modules. (see errors above)
[2m23:00:09[22m [31m[1m[vite][22m[39m [31m[2m(client)[22m[39m [2m[console.error] [22m[vite] Failed to reload /src/components/DiagnosticPanel.jsx. This could be due to syntax errors or importing non-existent modules. (see errors above)
[2m23:00:24[22m [31m[1m[vite][22m[39m [31m[2m(client)[22m[39m Pre-transform error: Transform failed with 1 error:

[31m[PARSE_ERROR] [0mExpected a semicolon or an implicit semicolon after a statement, but found none
     [38;5;246m╭[0m[38;5;246m─[0m[38;5;246m[[0m src/features/diagnostic/diagnosticPresentation.js:606:17 [38;5;246m][0m
     [38;5;246m│[0m
 [38;5;246m606 │[0m [38;5;249m [0m[38;5;249m [0m[38;5;249m [0m[38;5;249m [0m[38;5;249m [0m[38;5;249m [0m[38;5;249mm[0m[38;5;249mo[0m[38;5;249mn[0m[38;5;249mi[0m[38;5;249mt[0m[38;5;249mo[0m[38;5;249mr[0m[38;5;249mi[0m[38;5;249mn[0m[38;5;249mg[0m[38;5;249m:[0m[38;5;249m [0m[38;5;249mt[0m[38;5;249mh[0m[38;5;249me[0m[38;5;249mm[0m[38;5;249me[0m[38;5;249m.[0m[38;5;249mm[0m[38;5;249mo[0m[38;5;249mn[0m[38;5;249mi[0m[38;5;249mt[0m[38;5;249mo[0m[38;5;249mr[0m[38;5;249mi[0m[38;5;249mn[0m[38;5;249mg[0m[38;5;249mI[0m[38;5;249mn[0m[38;5;249md[0m[38;5;249mi[0m[38;5;249mc[0m[38;5;249ma[0m[38;5;249mt[0m[38;5;249mo[0m[38;5;249mr[0m[38;5;249ms[0m[38;5;249m [0m[38;5;249m?[0m[38;5;249m?[0m[38;5;249m [0m[38;5;249m0[0m[38;5;249m,[0m
 [38;5;240m    │[0m                 │ 
 [38;5;240m    │[0m                 ╰─ 
 [38;5;240m    │[0m 
 [38;5;240m    │[0m [38;5;115mHelp[0m: Try inserting a semicolon here
[38;5;246m─────╯[0m

  Plugin: [35mvite:oxc[39m
  File: [36mC:/Users/rnbirck/PROJETOS/DASHBOARD-PNE-REACT/src/features/diagnostic/diagnosticPresentation.js[39m
[2m23:00:24[22m [31m[1m[vite][22m[39m [31m[2m(client)[22m[39m Pre-transform error: Transform failed with 1 error:

[31m[PARSE_ERROR] [0mExpected a semicolon or an implicit semicolon after a statement, but found none
     [38;5;246m╭[0m[38;5;246m─[0m[38;5;246m[[0m src/features/diagnostic/diagnosticPresentation.js:606:17 [38;5;246m][0m
     [38;5;246m│[0m
 [38;5;246m606 │[0m [38;5;249m [0m[38;5;249m [0m[38;5;249m [0m[38;5;249m [0m[38;5;249m [0m[38;5;249m [0m[38;5;249mm[0m[38;5;249mo[0m[38;5;249mn[0m[38;5;249mi[0m[38;5;249mt[0m[38;5;249mo[0m[38;5;249mr[0m[38;5;249mi[0m[38;5;249mn[0m[38;5;249mg[0m[38;5;249m:[0m[38;5;249m [0m[38;5;249mt[0m[38;5;249mh[0m[38;5;249me[0m[38;5;249mm[0m[38;5;249me[0m[38;5;249m.[0m[38;5;249mm[0m[38;5;249mo[0m[38;5;249mn[0m[38;5;249mi[0m[38;5;249mt[0m[38;5;249mo[0m[38;5;249mr[0m[38;5;249mi[0m[38;5;249mn[0m[38;5;249mg[0m[38;5;249mI[0m[38;5;249mn[0m[38;5;249md[0m[38;5;249mi[0m[38;5;249mc[0m[38;5;249ma[0m[38;5;249mt[0m[38;5;249mo[0m[38;5;249mr[0m[38;5;249ms[0m[38;5;249m [0m[38;5;249m?[0m[38;5;249m?[0m[38;5;249m [0m[38;5;249m0[0m[38;5;249m,[0m
 [38;5;240m    │[0m                 │ 
 [38;5;240m    │[0m                 ╰─ 
 [38;5;240m    │[0m 
 [38;5;240m    │[0m [38;5;115mHelp[0m: Try inserting a semicolon here
[38;5;246m─────╯[0m

  Plugin: [35mvite:oxc[39m
  File: [36mC:/Users/rnbirck/PROJETOS/DASHBOARD-PNE-REACT/src/features/diagnostic/diagnosticPresentation.js[39m
[2m23:00:24[22m [31m[1m[vite][22m[39m [31mInternal server error: Transform failed with 1 error:

[31m[PARSE_ERROR] [0mExpected a semicolon or an implicit semicolon after a statement, but found none
     [38;5;246m╭[0m[38;5;246m─[0m[38;5;246m[[0m src/features/diagnostic/diagnosticPresentation.js:606:17 [38;5;246m][0m
     [38;5;246m│[0m
 [38;5;246m606 │[0m [38;5;249m [0m[38;5;249m [0m[38;5;249m [0m[38;5;249m [0m[38;5;249m [0m[38;5;249m [0m[38;5;249mm[0m[38;5;249mo[0m[38;5;249mn[0m[38;5;249mi[0m[38;5;249mt[0m[38;5;249mo[0m[38;5;249mr[0m[38;5;249mi[0m[38;5;249mn[0m[38;5;249mg[0m[38;5;249m:[0m[38;5;249m [0m[38;5;249mt[0m[38;5;249mh[0m[38;5;249me[0m[38;5;249mm[0m[38;5;249me[0m[38;5;249m.[0m[38;5;249mm[0m[38;5;249mo[0m[38;5;249mn[0m[38;5;249mi[0m[38;5;249mt[0m[38;5;249mo[0m[38;5;249mr[0m[38;5;249mi[0m[38;5;249mn[0m[38;5;249mg[0m[38;5;249mI[0m[38;5;249mn[0m[38;5;249md[0m[38;5;249mi[0m[38;5;249mc[0m[38;5;249ma[0m[38;5;249mt[0m[38;5;249mo[0m[38;5;249mr[0m[38;5;249ms[0m[38;5;249m [0m[38;5;249m?[0m[38;5;249m?[0m[38;5;249m [0m[38;5;249m0[0m[38;5;249m,[0m
 [38;5;240m    │[0m                 │ 
 [38;5;240m    │[0m                 ╰─ 
 [38;5;240m    │[0m 
 [38;5;240m    │[0m [38;5;115mHelp[0m: Try inserting a semicolon here
[38;5;246m─────╯[0m
[39m
  Plugin: [35mvite:oxc[39m
  File: [36mC:/Users/rnbirck/PROJETOS/DASHBOARD-PNE-REACT/src/features/diagnostic/diagnosticPresentation.js[39m
      at transformWithOxc (file:///C:/Users/rnbirck/PROJETOS/DASHBOARD-PNE-REACT/node_modules/vite/dist/node/chunks/node.js:4017:19)
      at TransformPluginContext.transform (file:///C:/Users/rnbirck/PROJETOS/DASHBOARD-PNE-REACT/node_modules/vite/dist/node/chunks/node.js:4088:26)
      at EnvironmentPluginContainer.transform (file:///C:/Users/rnbirck/PROJETOS/DASHBOARD-PNE-REACT/node_modules/vite/dist/node/chunks/node.js:30151:51)
      at async loadAndTransform (file:///C:/Users/rnbirck/PROJETOS/DASHBOARD-PNE-REACT/node_modules/vite/dist/node/chunks/node.js:20098:26)
      at async viteTransformMiddleware (file:///C:/Users/rnbirck/PROJETOS/DASHBOARD-PNE-REACT/node_modules/vite/dist/node/chunks/node.js:24559:20)
[2m23:00:24[22m [31m[1m[vite][22m[39m [31m[2m(client)[22m[39m [2m[console.error] [22m[vite] Failed to reload /src/pages/Diagnostico.jsx. This could be due to syntax errors or importing non-existent modules. (see errors above)
[2m23:00:24[22m [31m[1m[vite][22m[39m [31m[2m(client)[22m[39m [2m[console.error] [22m[vite] Failed to reload /src/components/DiagnosticPanel.jsx. This could be due to syntax errors or importing non-existent modules. (see errors above)
[2m23:00:31[22m [31m[1m[vite][22m[39m [31m[2m(client)[22m[39m Pre-transform error: Transform failed with 1 error:

[31m[PARSE_ERROR] [0mExpected a semicolon or an implicit semicolon after a statement, but found none
     [38;5;246m╭[0m[38;5;246m─[0m[38;5;246m[[0m src/features/diagnostic/diagnosticPresentation.js:618:17 [38;5;246m][0m
     [38;5;246m│[0m
 [38;5;246m618 │[0m [38;5;249m [0m[38;5;249m [0m[38;5;249m [0m[38;5;249m [0m[38;5;249m [0m[38;5;249m [0m[38;5;249mm[0m[38;5;249mo[0m[38;5;249mn[0m[38;5;249mi[0m[38;5;249mt[0m[38;5;249mo[0m[38;5;249mr[0m[38;5;249mi[0m[38;5;249mn[0m[38;5;249mg[0m[38;5;249m:[0m[38;5;249m [0m[38;5;249mt[0m[38;5;249mh[0m[38;5;249me[0m[38;5;249mm[0m[38;5;249me[0m[38;5;249m.[0m[38;5;249mm[0m[38;5;249mo[0m[38;5;249mn[0m[38;5;249mi[0m[38;5;249mt[0m[38;5;249mo[0m[38;5;249mr[0m[38;5;249mi[0m[38;5;249mn[0m[38;5;249mg[0m[38;5;249mI[0m[38;5;249mn[0m[38;5;249md[0m[38;5;249mi[0m[38;5;249mc[0m[38;5;249ma[0m[38;5;249mt[0m[38;5;249mo[0m[38;5;249mr[0m[38;5;249ms[0m[38;5;249m [0m[38;5;249m?[0m[38;5;249m?[0m[38;5;249m [0m[38;5;249m0[0m[38;5;249m,[0m
 [38;5;240m    │[0m                 │ 
 [38;5;240m    │[0m                 ╰─ 
 [38;5;240m    │[0m 
 [38;5;240m    │[0m [38;5;115mHelp[0m: Try inserting a semicolon here
[38;5;246m─────╯[0m

  Plugin: [35mvite:oxc[39m
  File: [36mC:/Users/rnbirck/PROJETOS/DASHBOARD-PNE-REACT/src/features/diagnostic/diagnosticPresentation.js[39m
[2m23:00:31[22m [31m[1m[vite][22m[39m [31m[2m(client)[22m[39m Pre-transform error: Transform failed with 1 error:

[31m[PARSE_ERROR] [0mExpected a semicolon or an implicit semicolon after a statement, but found none
     [38;5;246m╭[0m[38;5;246m─[0m[38;5;246m[[0m src/features/diagnostic/diagnosticPresentation.js:618:17 [38;5;246m][0m
     [38;5;246m│[0m
 [38;5;246m618 │[0m [38;5;249m [0m[38;5;249m [0m[38;5;249m [0m[38;5;249m [0m[38;5;249m [0m[38;5;249m [0m[38;5;249mm[0m[38;5;249mo[0m[38;5;249mn[0m[38;5;249mi[0m[38;5;249mt[0m[38;5;249mo[0m[38;5;249mr[0m[38;5;249mi[0m[38;5;249mn[0m[38;5;249mg[0m[38;5;249m:[0m[38;5;249m [0m[38;5;249mt[0m[38;5;249mh[0m[38;5;249me[0m[38;5;249mm[0m[38;5;249me[0m[38;5;249m.[0m[38;5;249mm[0m[38;5;249mo[0m[38;5;249mn[0m[38;5;249mi[0m[38;5;249mt[0m[38;5;249mo[0m[38;5;249mr[0m[38;5;249mi[0m[38;5;249mn[0m[38;5;249mg[0m[38;5;249mI[0m[38;5;249mn[0m[38;5;249md[0m[38;5;249mi[0m[38;5;249mc[0m[38;5;249ma[0m[38;5;249mt[0m[38;5;249mo[0m[38;5;249mr[0m[38;5;249ms[0m[38;5;249m [0m[38;5;249m?[0m[38;5;249m?[0m[38;5;249m [0m[38;5;249m0[0m[38;5;249m,[0m
 [38;5;240m    │[0m                 │ 
 [38;5;240m    │[0m                 ╰─ 
 [38;5;240m    │[0m 
 [38;5;240m    │[0m [38;5;115mHelp[0m: Try inserting a semicolon here
[38;5;246m─────╯[0m

  Plugin: [35mvite:oxc[39m
  File: [36mC:/Users/rnbirck/PROJETOS/DASHBOARD-PNE-REACT/src/features/diagnostic/diagnosticPresentation.js[39m
[2m23:00:31[22m [31m[1m[vite][22m[39m [31mInternal server error: Transform failed with 1 error:

[31m[PARSE_ERROR] [0mExpected a semicolon or an implicit semicolon after a statement, but found none
     [38;5;246m╭[0m[38;5;246m─[0m[38;5;246m[[0m src/features/diagnostic/diagnosticPresentation.js:618:17 [38;5;246m][0m
     [38;5;246m│[0m
 [38;5;246m618 │[0m [38;5;249m [0m[38;5;249m [0m[38;5;249m [0m[38;5;249m [0m[38;5;249m [0m[38;5;249m [0m[38;5;249mm[0m[38;5;249mo[0m[38;5;249mn[0m[38;5;249mi[0m[38;5;249mt[0m[38;5;249mo[0m[38;5;249mr[0m[38;5;249mi[0m[38;5;249mn[0m[38;5;249mg[0m[38;5;249m:[0m[38;5;249m [0m[38;5;249mt[0m[38;5;249mh[0m[38;5;249me[0m[38;5;249mm[0m[38;5;249me[0m[38;5;249m.[0m[38;5;249mm[0m[38;5;249mo[0m[38;5;249mn[0m[38;5;249mi[0m[38;5;249mt[0m[38;5;249mo[0m[38;5;249mr[0m[38;5;249mi[0m[38;5;249mn[0m[38;5;249mg[0m[38;5;249mI[0m[38;5;249mn[0m[38;5;249md[0m[38;5;249mi[0m[38;5;249mc[0m[38;5;249ma[0m[38;5;249mt[0m[38;5;249mo[0m[38;5;249mr[0m[38;5;249ms[0m[38;5;249m [0m[38;5;249m?[0m[38;5;249m?[0m[38;5;249m [0m[38;5;249m0[0m[38;5;249m,[0m
 [38;5;240m    │[0m                 │ 
 [38;5;240m    │[0m                 ╰─ 
 [38;5;240m    │[0m 
 [38;5;240m    │[0m [38;5;115mHelp[0m: Try inserting a semicolon here
[38;5;246m─────╯[0m
[39m
  Plugin: [35mvite:oxc[39m
  File: [36mC:/Users/rnbirck/PROJETOS/DASHBOARD-PNE-REACT/src/features/diagnostic/diagnosticPresentation.js[39m
      at transformWithOxc (file:///C:/Users/rnbirck/PROJETOS/DASHBOARD-PNE-REACT/node_modules/vite/dist/node/chunks/node.js:4017:19)
      at TransformPluginContext.transform (file:///C:/Users/rnbirck/PROJETOS/DASHBOARD-PNE-REACT/node_modules/vite/dist/node/chunks/node.js:4088:26)
      at EnvironmentPluginContainer.transform (file:///C:/Users/rnbirck/PROJETOS/DASHBOARD-PNE-REACT/node_modules/vite/dist/node/chunks/node.js:30151:51)
      at async loadAndTransform (file:///C:/Users/rnbirck/PROJETOS/DASHBOARD-PNE-REACT/node_modules/vite/dist/node/chunks/node.js:20098:26)
      at async viteTransformMiddleware (file:///C:/Users/rnbirck/PROJETOS/DASHBOARD-PNE-REACT/node_modules/vite/dist/node/chunks/node.js:24559:20)
[2m23:00:31[22m [31m[1m[vite][22m[39m [31m[2m(client)[22m[39m [2m[console.error] [22m[vite] Failed to reload /src/pages/Diagnostico.jsx. This could be due to syntax errors or importing non-existent modules. (see errors above)
[2m23:00:31[22m [31m[1m[vite][22m[39m [31m[2m(client)[22m[39m [2m[console.error] [22m[vite] Failed to reload /src/components/DiagnosticPanel.jsx. This could be due to syntax errors or importing non-existent modules. (see errors above)
[2m23:00:39[22m [31m[1m[vite][22m[39m [31m[2m(client)[22m[39m Pre-transform error: Transform failed with 1 error:

[31m[PARSE_ERROR] [0mExpected a semicolon or an implicit semicolon after a statement, but found none
     [38;5;246m╭[0m[38;5;246m─[0m[38;5;246m[[0m src/features/diagnostic/diagnosticPresentation.js:612:17 [38;5;246m][0m
     [38;5;246m│[0m
 [38;5;246m612 │[0m [38;5;249m [0m[38;5;249m [0m[38;5;249m [0m[38;5;249m [0m[38;5;249m [0m[38;5;249m [0m[38;5;249mm[0m[38;5;249mo[0m[38;5;249mn[0m[38;5;249mi[0m[38;5;249mt[0m[38;5;249mo[0m[38;5;249mr[0m[38;5;249mi[0m[38;5;249mn[0m[38;5;249mg[0m[38;5;249m:[0m[38;5;249m [0m[38;5;249mt[0m[38;5;249mh[0m[38;5;249me[0m[38;5;249mm[0m[38;5;249me[0m[38;5;249m.[0m[38;5;249mm[0m[38;5;249mo[0m[38;5;249mn[0m[38;5;249mi[0m[38;5;249mt[0m[38;5;249mo[0m[38;5;249mr[0m[38;5;249mi[0m[38;5;249mn[0m[38;5;249mg[0m[38;5;249mI[0m[38;5;249mn[0m[38;5;249md[0m[38;5;249mi[0m[38;5;249mc[0m[38;5;249ma[0m[38;5;249mt[0m[38;5;249mo[0m[38;5;249mr[0m[38;5;249ms[0m[38;5;249m [0m[38;5;249m?[0m[38;5;249m?[0m[38;5;249m [0m[38;5;249m0[0m[38;5;249m,[0m
 [38;5;240m    │[0m                 │ 
 [38;5;240m    │[0m                 ╰─ 
 [38;5;240m    │[0m 
 [38;5;240m    │[0m [38;5;115mHelp[0m: Try inserting a semicolon here
[38;5;246m─────╯[0m

  Plugin: [35mvite:oxc[39m
  File: [36mC:/Users/rnbirck/PROJETOS/DASHBOARD-PNE-REACT/src/features/diagnostic/diagnosticPresentation.js[39m
[2m23:00:39[22m [31m[1m[vite][22m[39m [31m[2m(client)[22m[39m Pre-transform error: Transform failed with 1 error:

[31m[PARSE_ERROR] [0mExpected a semicolon or an implicit semicolon after a statement, but found none
     [38;5;246m╭[0m[38;5;246m─[0m[38;5;246m[[0m src/features/diagnostic/diagnosticPresentation.js:612:17 [38;5;246m][0m
     [38;5;246m│[0m
 [38;5;246m612 │[0m [38;5;249m [0m[38;5;249m [0m[38;5;249m [0m[38;5;249m [0m[38;5;249m [0m[38;5;249m [0m[38;5;249mm[0m[38;5;249mo[0m[38;5;249mn[0m[38;5;249mi[0m[38;5;249mt[0m[38;5;249mo[0m[38;5;249mr[0m[38;5;249mi[0m[38;5;249mn[0m[38;5;249mg[0m[38;5;249m:[0m[38;5;249m [0m[38;5;249mt[0m[38;5;249mh[0m[38;5;249me[0m[38;5;249mm[0m[38;5;249me[0m[38;5;249m.[0m[38;5;249mm[0m[38;5;249mo[0m[38;5;249mn[0m[38;5;249mi[0m[38;5;249mt[0m[38;5;249mo[0m[38;5;249mr[0m[38;5;249mi[0m[38;5;249mn[0m[38;5;249mg[0m[38;5;249mI[0m[38;5;249mn[0m[38;5;249md[0m[38;5;249mi[0m[38;5;249mc[0m[38;5;249ma[0m[38;5;249mt[0m[38;5;249mo[0m[38;5;249mr[0m[38;5;249ms[0m[38;5;249m [0m[38;5;249m?[0m[38;5;249m?[0m[38;5;249m [0m[38;5;249m0[0m[38;5;249m,[0m
 [38;5;240m    │[0m                 │ 
 [38;5;240m    │[0m                 ╰─ 
 [38;5;240m    │[0m 
 [38;5;240m    │[0m [38;5;115mHelp[0m: Try inserting a semicolon here
[38;5;246m─────╯[0m

  Plugin: [35mvite:oxc[39m
  File: [36mC:/Users/rnbirck/PROJETOS/DASHBOARD-PNE-REACT/src/features/diagnostic/diagnosticPresentation.js[39m
[2m23:00:39[22m [31m[1m[vite][22m[39m [31mInternal server error: Transform failed with 1 error:

[31m[PARSE_ERROR] [0mExpected a semicolon or an implicit semicolon after a statement, but found none
     [38;5;246m╭[0m[38;5;246m─[0m[38;5;246m[[0m src/features/diagnostic/diagnosticPresentation.js:612:17 [38;5;246m][0m
     [38;5;246m│[0m
 [38;5;246m612 │[0m [38;5;249m [0m[38;5;249m [0m[38;5;249m [0m[38;5;249m [0m[38;5;249m [0m[38;5;249m [0m[38;5;249mm[0m[38;5;249mo[0m[38;5;249mn[0m[38;5;249mi[0m[38;5;249mt[0m[38;5;249mo[0m[38;5;249mr[0m[38;5;249mi[0m[38;5;249mn[0m[38;5;249mg[0m[38;5;249m:[0m[38;5;249m [0m[38;5;249mt[0m[38;5;249mh[0m[38;5;249me[0m[38;5;249mm[0m[38;5;249me[0m[38;5;249m.[0m[38;5;249mm[0m[38;5;249mo[0m[38;5;249mn[0m[38;5;249mi[0m[38;5;249mt[0m[38;5;249mo[0m[38;5;249mr[0m[38;5;249mi[0m[38;5;249mn[0m[38;5;249mg[0m[38;5;249mI[0m[38;5;249mn[0m[38;5;249md[0m[38;5;249mi[0m[38;5;249mc[0m[38;5;249ma[0m[38;5;249mt[0m[38;5;249mo[0m[38;5;249mr[0m[38;5;249ms[0m[38;5;249m [0m[38;5;249m?[0m[38;5;249m?[0m[38;5;249m [0m[38;5;249m0[0m[38;5;249m,[0m
 [38;5;240m    │[0m                 │ 
 [38;5;240m    │[0m                 ╰─ 
 [38;5;240m    │[0m 
 [38;5;240m    │[0m [38;5;115mHelp[0m: Try inserting a semicolon here
[38;5;246m─────╯[0m
[39m
  Plugin: [35mvite:oxc[39m
  File: [36mC:/Users/rnbirck/PROJETOS/DASHBOARD-PNE-REACT/src/features/diagnostic/diagnosticPresentation.js[39m
      at transformWithOxc (file:///C:/Users/rnbirck/PROJETOS/DASHBOARD-PNE-REACT/node_modules/vite/dist/node/chunks/node.js:4017:19)
      at TransformPluginContext.transform (file:///C:/Users/rnbirck/PROJETOS/DASHBOARD-PNE-REACT/node_modules/vite/dist/node/chunks/node.js:4088:26)
      at EnvironmentPluginContainer.transform (file:///C:/Users/rnbirck/PROJETOS/DASHBOARD-PNE-REACT/node_modules/vite/dist/node/chunks/node.js:30151:51)
      at async loadAndTransform (file:///C:/Users/rnbirck/PROJETOS/DASHBOARD-PNE-REACT/node_modules/vite/dist/node/chunks/node.js:20098:26)
      at async viteTransformMiddleware (file:///C:/Users/rnbirck/PROJETOS/DASHBOARD-PNE-REACT/node_modules/vite/dist/node/chunks/node.js:24559:20)
[2m23:00:39[22m [31m[1m[vite][22m[39m [31m[2m(client)[22m[39m [2m[console.error] [22m[vite] Failed to reload /src/components/DiagnosticPanel.jsx. This could be due to syntax errors or importing non-existent modules. (see errors above)
[2m23:00:39[22m [31m[1m[vite][22m[39m [31m[2m(client)[22m[39m [2m[console.error] [22m[vite] Failed to reload /src/pages/Diagnostico.jsx. This could be due to syntax errors or importing non-existent modules. (see errors above)
[2m23:01:12[22m [31m[1m[vite][22m[39m [31m[2m(client)[22m[39m Pre-transform error: Transform failed with 1 error:

[31m[PARSE_ERROR] [0mExpected a semicolon or an implicit semicolon after a statement, but found none
     [38;5;246m╭[0m[38;5;246m─[0m[38;5;246m[[0m src/features/diagnostic/diagnosticPresentation.js:612:17 [38;5;246m][0m
     [38;5;246m│[0m
 [38;5;246m612 │[0m [38;5;249m [0m[38;5;249m [0m[38;5;249m [0m[38;5;249m [0m[38;5;249m [0m[38;5;249m [0m[38;5;249mm[0m[38;5;249mo[0m[38;5;249mn[0m[38;5;249mi[0m[38;5;249mt[0m[38;5;249mo[0m[38;5;249mr[0m[38;5;249mi[0m[38;5;249mn[0m[38;5;249mg[0m[38;5;249m:[0m[38;5;249m [0m[38;5;249mt[0m[38;5;249mh[0m[38;5;249me[0m[38;5;249mm[0m[38;5;249me[0m[38;5;249m.[0m[38;5;249mm[0m[38;5;249mo[0m[38;5;249mn[0m[38;5;249mi[0m[38;5;249mt[0m[38;5;249mo[0m[38;5;249mr[0m[38;5;249mi[0m[38;5;249mn[0m[38;5;249mg[0m[38;5;249mI[0m[38;5;249mn[0m[38;5;249md[0m[38;5;249mi[0m[38;5;249mc[0m[38;5;249ma[0m[38;5;249mt[0m[38;5;249mo[0m[38;5;249mr[0m[38;5;249ms[0m[38;5;249m [0m[38;5;249m?[0m[38;5;249m?[0m[38;5;249m [0m[38;5;249m0[0m[38;5;249m,[0m
 [38;5;240m    │[0m                 │ 
 [38;5;240m    │[0m                 ╰─ 
 [38;5;240m    │[0m 
 [38;5;240m    │[0m [38;5;115mHelp[0m: Try inserting a semicolon here
[38;5;246m─────╯[0m

  Plugin: [35mvite:oxc[39m
  File: [36mC:/Users/rnbirck/PROJETOS/DASHBOARD-PNE-REACT/src/features/diagnostic/diagnosticPresentation.js[39m
[2m23:01:12[22m [31m[1m[vite][22m[39m [31m[2m(client)[22m[39m [2m[console.error] [22m[vite] Failed to reload /src/components/DiagnosticPanel.jsx. This could be due to syntax errors or importing non-existent modules. (see errors above)
[2m23:02:25[22m [31m[1m[vite][22m[39m [31m[2m(client)[22m[39m Pre-transform error: Transform failed with 1 error:

[31m[PARSE_ERROR] [0mExpected a semicolon or an implicit semicolon after a statement, but found none
     [38;5;246m╭[0m[38;5;246m─[0m[38;5;246m[[0m src/features/diagnostic/diagnosticPresentation.js:612:17 [38;5;246m][0m
     [38;5;246m│[0m
 [38;5;246m612 │[0m [38;5;249m [0m[38;5;249m [0m[38;5;249m [0m[38;5;249m [0m[38;5;249m [0m[38;5;249m [0m[38;5;249mm[0m[38;5;249mo[0m[38;5;249mn[0m[38;5;249mi[0m[38;5;249mt[0m[38;5;249mo[0m[38;5;249mr[0m[38;5;249mi[0m[38;5;249mn[0m[38;5;249mg[0m[38;5;249m:[0m[38;5;249m [0m[38;5;249mt[0m[38;5;249mh[0m[38;5;249me[0m[38;5;249mm[0m[38;5;249me[0m[38;5;249m.[0m[38;5;249mm[0m[38;5;249mo[0m[38;5;249mn[0m[38;5;249mi[0m[38;5;249mt[0m[38;5;249mo[0m[38;5;249mr[0m[38;5;249mi[0m[38;5;249mn[0m[38;5;249mg[0m[38;5;249mI[0m[38;5;249mn[0m[38;5;249md[0m[38;5;249mi[0m[38;5;249mc[0m[38;5;249ma[0m[38;5;249mt[0m[38;5;249mo[0m[38;5;249mr[0m[38;5;249ms[0m[38;5;249m [0m[38;5;249m?[0m[38;5;249m?[0m[38;5;249m [0m[38;5;249m0[0m[38;5;249m,[0m
 [38;5;240m    │[0m                 │ 
 [38;5;240m    │[0m                 ╰─ 
 [38;5;240m    │[0m 
 [38;5;240m    │[0m [38;5;115mHelp[0m: Try inserting a semicolon here
[38;5;246m─────╯[0m

  Plugin: [35mvite:oxc[39m
  File: [36mC:/Users/rnbirck/PROJETOS/DASHBOARD-PNE-REACT/src/features/diagnostic/diagnosticPresentation.js[39m
[2m23:02:25[22m [31m[1m[vite][22m[39m [31m[2m(client)[22m[39m [2m[console.error] [22m[vite] Failed to reload /src/components/DiagnosticPanel.jsx. This could be due to syntax errors or importing non-existent modules. (see errors above)
[2m23:02:40[22m [31m[1m[vite][22m[39m [31m[2m(client)[22m[39m Pre-transform error: Transform failed with 1 error:

[31m[PARSE_ERROR] [0mExpected a semicolon or an implicit semicolon after a statement, but found none
     [38;5;246m╭[0m[38;5;246m─[0m[38;5;246m[[0m src/features/diagnostic/diagnosticPresentation.js:612:17 [38;5;246m][0m
     [38;5;246m│[0m
 [38;5;246m612 │[0m [38;5;249m [0m[38;5;249m [0m[38;5;249m [0m[38;5;249m [0m[38;5;249m [0m[38;5;249m [0m[38;5;249mm[0m[38;5;249mo[0m[38;5;249mn[0m[38;5;249mi[0m[38;5;249mt[0m[38;5;249mo[0m[38;5;249mr[0m[38;5;249mi[0m[38;5;249mn[0m[38;5;249mg[0m[38;5;249m:[0m[38;5;249m [0m[38;5;249mt[0m[38;5;249mh[0m[38;5;249me[0m[38;5;249mm[0m[38;5;249me[0m[38;5;249m.[0m[38;5;249mm[0m[38;5;249mo[0m[38;5;249mn[0m[38;5;249mi[0m[38;5;249mt[0m[38;5;249mo[0m[38;5;249mr[0m[38;5;249mi[0m[38;5;249mn[0m[38;5;249mg[0m[38;5;249mI[0m[38;5;249mn[0m[38;5;249md[0m[38;5;249mi[0m[38;5;249mc[0m[38;5;249ma[0m[38;5;249mt[0m[38;5;249mo[0m[38;5;249mr[0m[38;5;249ms[0m[38;5;249m [0m[38;5;249m?[0m[38;5;249m?[0m[38;5;249m [0m[38;5;249m0[0m[38;5;249m,[0m
 [38;5;240m    │[0m                 │ 
 [38;5;240m    │[0m                 ╰─ 
 [38;5;240m    │[0m 
 [38;5;240m    │[0m [38;5;115mHelp[0m: Try inserting a semicolon here
[38;5;246m─────╯[0m

  Plugin: [35mvite:oxc[39m
  File: [36mC:/Users/rnbirck/PROJETOS/DASHBOARD-PNE-REACT/src/features/diagnostic/diagnosticPresentation.js[39m
[2m23:02:40[22m [31m[1m[vite][22m[39m [31m[2m(client)[22m[39m [2m[console.error] [22m[vite] Failed to reload /src/components/DiagnosticPanel.jsx. This could be due to syntax errors or importing non-existent modules. (see errors above)
[2m23:02:49[22m [31m[1m[vite][22m[39m [31m[2m(client)[22m[39m Pre-transform error: Transform failed with 1 error:

[31m[PARSE_ERROR] [0mExpected a semicolon or an implicit semicolon after a statement, but found none
     [38;5;246m╭[0m[38;5;246m─[0m[38;5;246m[[0m src/features/diagnostic/diagnosticPresentation.js:612:17 [38;5;246m][0m
     [38;5;246m│[0m
 [38;5;246m612 │[0m [38;5;249m [0m[38;5;249m [0m[38;5;249m [0m[38;5;249m [0m[38;5;249m [0m[38;5;249m [0m[38;5;249mm[0m[38;5;249mo[0m[38;5;249mn[0m[38;5;249mi[0m[38;5;249mt[0m[38;5;249mo[0m[38;5;249mr[0m[38;5;249mi[0m[38;5;249mn[0m[38;5;249mg[0m[38;5;249m:[0m[38;5;249m [0m[38;5;249mt[0m[38;5;249mh[0m[38;5;249me[0m[38;5;249mm[0m[38;5;249me[0m[38;5;249m.[0m[38;5;249mm[0m[38;5;249mo[0m[38;5;249mn[0m[38;5;249mi[0m[38;5;249mt[0m[38;5;249mo[0m[38;5;249mr[0m[38;5;249mi[0m[38;5;249mn[0m[38;5;249mg[0m[38;5;249mI[0m[38;5;249mn[0m[38;5;249md[0m[38;5;249mi[0m[38;5;249mc[0m[38;5;249ma[0m[38;5;249mt[0m[38;5;249mo[0m[38;5;249mr[0m[38;5;249ms[0m[38;5;249m [0m[38;5;249m?[0m[38;5;249m?[0m[38;5;249m [0m[38;5;249m0[0m[38;5;249m,[0m
 [38;5;240m    │[0m                 │ 
 [38;5;240m    │[0m                 ╰─ 
 [38;5;240m    │[0m 
 [38;5;240m    │[0m [38;5;115mHelp[0m: Try inserting a semicolon here
[38;5;246m─────╯[0m

  Plugin: [35mvite:oxc[39m
  File: [36mC:/Users/rnbirck/PROJETOS/DASHBOARD-PNE-REACT/src/features/diagnostic/diagnosticPresentation.js[39m
[2m23:02:49[22m [31m[1m[vite][22m[39m [31m[2m(client)[22m[39m [2m[console.error] [22m[vite] Failed to reload /src/components/DiagnosticPanel.jsx. This could be due to syntax errors or importing non-existent modules. (see errors above)
[2m23:02:58[22m [31m[1m[vite][22m[39m [31m[2m(client)[22m[39m Pre-transform error: Transform failed with 1 error:

[31m[PARSE_ERROR] [0mExpected a semicolon or an implicit semicolon after a statement, but found none
     [38;5;246m╭[0m[38;5;246m─[0m[38;5;246m[[0m src/features/diagnostic/diagnosticPresentation.js:612:17 [38;5;246m][0m
     [38;5;246m│[0m
 [38;5;246m612 │[0m [38;5;249m [0m[38;5;249m [0m[38;5;249m [0m[38;5;249m [0m[38;5;249m [0m[38;5;249m [0m[38;5;249mm[0m[38;5;249mo[0m[38;5;249mn[0m[38;5;249mi[0m[38;5;249mt[0m[38;5;249mo[0m[38;5;249mr[0m[38;5;249mi[0m[38;5;249mn[0m[38;5;249mg[0m[38;5;249m:[0m[38;5;249m [0m[38;5;249mt[0m[38;5;249mh[0m[38;5;249me[0m[38;5;249mm[0m[38;5;249me[0m[38;5;249m.[0m[38;5;249mm[0m[38;5;249mo[0m[38;5;249mn[0m[38;5;249mi[0m[38;5;249mt[0m[38;5;249mo[0m[38;5;249mr[0m[38;5;249mi[0m[38;5;249mn[0m[38;5;249mg[0m[38;5;249mI[0m[38;5;249mn[0m[38;5;249md[0m[38;5;249mi[0m[38;5;249mc[0m[38;5;249ma[0m[38;5;249mt[0m[38;5;249mo[0m[38;5;249mr[0m[38;5;249ms[0m[38;5;249m [0m[38;5;249m?[0m[38;5;249m?[0m[38;5;249m [0m[38;5;249m0[0m[38;5;249m,[0m
 [38;5;240m    │[0m                 │ 
 [38;5;240m    │[0m                 ╰─ 
 [38;5;240m    │[0m 
 [38;5;240m    │[0m [38;5;115mHelp[0m: Try inserting a semicolon here
[38;5;246m─────╯[0m

  Plugin: [35mvite:oxc[39m
  File: [36mC:/Users/rnbirck/PROJETOS/DASHBOARD-PNE-REACT/src/features/diagnostic/diagnosticPresentation.js[39m
[2m23:02:58[22m [31m[1m[vite][22m[39m [31m[2m(client)[22m[39m [2m[console.error] [22m[vite] Failed to reload /src/components/DiagnosticPanel.jsx. This could be due to syntax errors or importing non-existent modules. (see errors above)
[2m23:40:22[22m [31m[1m[vite][22m[39m [31m[2m(client)[22m[39m Pre-transform error: Transform failed with 1 error:

[31m[PARSE_ERROR] [0mExpected a semicolon or an implicit semicolon after a statement, but found none
     [38;5;246m╭[0m[38;5;246m─[0m[38;5;246m[[0m src/features/diagnostic/diagnosticPresentation.js:612:17 [38;5;246m][0m
     [38;5;246m│[0m
 [38;5;246m612 │[0m [38;5;249m [0m[38;5;249m [0m[38;5;249m [0m[38;5;249m [0m[38;5;249m [0m[38;5;249m [0m[38;5;249mm[0m[38;5;249mo[0m[38;5;249mn[0m[38;5;249mi[0m[38;5;249mt[0m[38;5;249mo[0m[38;5;249mr[0m[38;5;249mi[0m[38;5;249mn[0m[38;5;249mg[0m[38;5;249m:[0m[38;5;249m [0m[38;5;249mt[0m[38;5;249mh[0m[38;5;249me[0m[38;5;249mm[0m[38;5;249me[0m[38;5;249m.[0m[38;5;249mm[0m[38;5;249mo[0m[38;5;249mn[0m[38;5;249mi[0m[38;5;249mt[0m[38;5;249mo[0m[38;5;249mr[0m[38;5;249mi[0m[38;5;249mn[0m[38;5;249mg[0m[38;5;249mI[0m[38;5;249mn[0m[38;5;249md[0m[38;5;249mi[0m[38;5;249mc[0m[38;5;249ma[0m[38;5;249mt[0m[38;5;249mo[0m[38;5;249mr[0m[38;5;249ms[0m[38;5;249m [0m[38;5;249m?[0m[38;5;249m?[0m[38;5;249m [0m[38;5;249m0[0m[38;5;249m,[0m
 [38;5;240m    │[0m                 │ 
 [38;5;240m    │[0m                 ╰─ 
 [38;5;240m    │[0m 
 [38;5;240m    │[0m [38;5;115mHelp[0m: Try inserting a semicolon here
[38;5;246m─────╯[0m

  Plugin: [35mvite:oxc[39m
  File: [36mC:/Users/rnbirck/PROJETOS/DASHBOARD-PNE-REACT/src/features/diagnostic/diagnosticPresentation.js[39m
[2m23:40:22[22m [31m[1m[vite][22m[39m [31mInternal server error: Transform failed with 1 error:

[31m[PARSE_ERROR] [0mExpected a semicolon or an implicit semicolon after a statement, but found none
     [38;5;246m╭[0m[38;5;246m─[0m[38;5;246m[[0m src/features/diagnostic/diagnosticPresentation.js:612:17 [38;5;246m][0m
     [38;5;246m│[0m
 [38;5;246m612 │[0m [38;5;249m [0m[38;5;249m [0m[38;5;249m [0m[38;5;249m [0m[38;5;249m [0m[38;5;249m [0m[38;5;249mm[0m[38;5;249mo[0m[38;5;249mn[0m[38;5;249mi[0m[38;5;249mt[0m[38;5;249mo[0m[38;5;249mr[0m[38;5;249mi[0m[38;5;249mn[0m[38;5;249mg[0m[38;5;249m:[0m[38;5;249m [0m[38;5;249mt[0m[38;5;249mh[0m[38;5;249me[0m[38;5;249mm[0m[38;5;249me[0m[38;5;249m.[0m[38;5;249mm[0m[38;5;249mo[0m[38;5;249mn[0m[38;5;249mi[0m[38;5;249mt[0m[38;5;249mo[0m[38;5;249mr[0m[38;5;249mi[0m[38;5;249mn[0m[38;5;249mg[0m[38;5;249mI[0m[38;5;249mn[0m[38;5;249md[0m[38;5;249mi[0m[38;5;249mc[0m[38;5;249ma[0m[38;5;249mt[0m[38;5;249mo[0m[38;5;249mr[0m[38;5;249ms[0m[38;5;249m [0m[38;5;249m?[0m[38;5;249m?[0m[38;5;249m [0m[38;5;249m0[0m[38;5;249m,[0m
 [38;5;240m    │[0m                 │ 
 [38;5;240m    │[0m                 ╰─ 
 [38;5;240m    │[0m 
 [38;5;240m    │[0m [38;5;115mHelp[0m: Try inserting a semicolon here
[38;5;246m─────╯[0m
[39m
  Plugin: [35mvite:oxc[39m
  File: [36mC:/Users/rnbirck/PROJETOS/DASHBOARD-PNE-REACT/src/features/diagnostic/diagnosticPresentation.js[39m
      at transformWithOxc (file:///C:/Users/rnbirck/PROJETOS/DASHBOARD-PNE-REACT/node_modules/vite/dist/node/chunks/node.js:4017:19)
      at TransformPluginContext.transform (file:///C:/Users/rnbirck/PROJETOS/DASHBOARD-PNE-REACT/node_modules/vite/dist/node/chunks/node.js:4088:26)
      at EnvironmentPluginContainer.transform (file:///C:/Users/rnbirck/PROJETOS/DASHBOARD-PNE-REACT/node_modules/vite/dist/node/chunks/node.js:30151:51)
      at async loadAndTransform (file:///C:/Users/rnbirck/PROJETOS/DASHBOARD-PNE-REACT/node_modules/vite/dist/node/chunks/node.js:20098:26)
      at async viteTransformMiddleware (file:///C:/Users/rnbirck/PROJETOS/DASHBOARD-PNE-REACT/node_modules/vite/dist/node/chunks/node.js:24559:20)
[2m23:40:22[22m [31m[1m[vite][22m[39m [31m[2m(client)[22m[39m [2m[console.error] [22mTypeError: Failed to fetch dynamically imported module: http://localhost:5173/src/pages/Diagnostico.jsx?t=1784512978062

The above error occurred in one of your React components.

React will try to recreate this component tree from scratch using the error boundary you provided, PageLoadBoundary.

