
> dashboard-pne-react@0.0.0 dev
> vite --host 127.0.0.1 --port 5173


  [32m[1mVITE[22m v8.1.4[39m  [2mready in [0m[1m410[22m[2m[0m ms[22m

  [32m➜[39m  [1mLocal[22m:   [36mhttp://127.0.0.1:[1m5173[22m/[39m
[2m21:41:13[22m [36m[1m[vite][22m[39m [90m[2m(client)[22m[39m [32mhmr update [39m[2m/src/pages/Diagnostico.jsx[22m
[2m21:41:48[22m [36m[1m[vite][22m[39m [90m[2m(client)[22m[39m [32mhmr update [39m[2m/src/pages/Diagnostico.jsx, /src/components/DiagnosticPanel.jsx[22m
[2m21:42:49[22m [36m[1m[vite][22m[39m [90m[2m(client)[22m[39m [32mhmr update [39m[2m/src/components/DiagnosticPanel.jsx[22m
[2m21:43:23[22m [36m[1m[vite][22m[39m [90m[2m(client)[22m[39m [32mhmr update [39m[2m/src/styles/institutional-refresh.css[22m
[2m21:46:29[22m [36m[1m[vite][22m[39m [90m[2m(client)[22m[39m [32mhmr update [39m[2m/src/components/DiagnosticPanel.jsx[22m
[2m21:46:39[22m [36m[1m[vite][22m[39m [90m[2m(client)[22m[39m [32mhmr update [39m[2m/src/styles/institutional-refresh.css[22m
[2m22:27:46[22m [36m[1m[vite][22m[39m [90m[2m(client)[22m[39m [32mhmr update [39m[2m/src/pages/Diagnostico.jsx, /src/components/DiagnosticPanel.jsx[22m
[2m22:28:35[22m [36m[1m[vite][22m[39m [90m[2m(client)[22m[39m [32mhmr update [39m[2m/src/pages/Diagnostico.jsx[22m
[2m22:46:32[22m [36m[1m[vite][22m[39m [90m[2m(client)[22m[39m [32mhmr update [39m[2m/src/App.tsx, /src/app/AppPageRouter.tsx, /src/components/ContextBar.jsx, /src/components/Header.jsx, /src/pages/FinancialPage.jsx, /src/components/SiopeIndicatorsPanel.jsx, /src/features/education/EducationPage.tsx, /src/pages/Diagnostico.jsx[22m
[2m22:59:34[22m [36m[1m[vite][22m[39m [90m[2m(client)[22m[39m [32mhmr update [39m[2m/src/pages/Diagnostico.jsx, /src/components/DiagnosticPanel.jsx[22m
[2m22:59:58[22m [36m[1m[vite][22m[39m [90m[2m(client)[22m[39m [32mhmr update [39m[2m/src/pages/Diagnostico.jsx, /src/components/DiagnosticPanel.jsx[22m
[2m23:00:09[22m [36m[1m[vite][22m[39m [90m[2m(client)[22m[39m [32mhmr update [39m[2m/src/pages/Diagnostico.jsx, /src/components/DiagnosticPanel.jsx[22m
[2m23:00:24[22m [36m[1m[vite][22m[39m [90m[2m(client)[22m[39m [32mhmr update [39m[2m/src/pages/Diagnostico.jsx, /src/components/DiagnosticPanel.jsx[22m
[2m23:00:31[22m [36m[1m[vite][22m[39m [90m[2m(client)[22m[39m [32mhmr update [39m[2m/src/pages/Diagnostico.jsx, /src/components/DiagnosticPanel.jsx[22m
[2m23:00:39[22m [36m[1m[vite][22m[39m [90m[2m(client)[22m[39m [32mhmr update [39m[2m/src/pages/Diagnostico.jsx, /src/components/DiagnosticPanel.jsx[22m
[2m23:01:12[22m [36m[1m[vite][22m[39m [90m[2m(client)[22m[39m [32mhmr update [39m[2m/src/components/DiagnosticPanel.jsx[22m
[2m23:02:24[22m [36m[1m[vite][22m[39m [90m[2m(client)[22m[39m [32mhmr update [39m[2m/src/components/DiagnosticPanel.jsx[22m
[2m23:02:40[22m [36m[1m[vite][22m[39m [90m[2m(client)[22m[39m [32mhmr update [39m[2m/src/components/DiagnosticPanel.jsx[22m
[2m23:02:49[22m [36m[1m[vite][22m[39m [90m[2m(client)[22m[39m [32mhmr update [39m[2m/src/components/DiagnosticPanel.jsx[22m
[2m23:02:58[22m [36m[1m[vite][22m[39m [90m[2m(client)[22m[39m [32mhmr update [39m[2m/src/components/DiagnosticPanel.jsx[22m
[2m23:04:24[22m [36m[1m[vite][22m[39m [90m[2m(client)[22m[39m [32mhmr update [39m[2m/src/styles/institutional-refresh.css[22m
[2m23:04:48[22m [36m[1m[vite][22m[39m [90m[2m(client)[22m[39m [32mhmr update [39m[2m/src/styles/institutional-refresh.css[22m
[2m23:05:41[22m [36m[1m[vite][22m[39m [90m[2m(client)[22m[39m [32mhmr update [39m[2m/src/styles/institutional-refresh.css[22m
